{"/home/travis/build/npmtest/node-npmtest-atlasboard/test.js":{"path":"/home/travis/build/npmtest/node-npmtest-atlasboard/test.js","s":{"1":2,"2":2,"3":2,"4":2,"5":2,"6":2,"7":2,"8":1,"9":2,"10":2,"11":1,"12":1,"13":1,"14":1,"15":2,"16":2,"17":2,"18":2,"19":1,"20":1,"21":2,"22":2,"23":2,"24":1,"25":1,"26":1,"27":1,"28":1,"29":1,"30":1,"31":1,"32":1,"33":1,"34":1,"35":1,"36":1,"37":2,"38":2,"39":1,"40":2,"41":2,"42":1,"43":2,"44":2,"45":1,"46":2,"47":2,"48":1,"49":1,"50":1,"51":1,"52":1},"b":{"1":[2,1,1,1],"2":[1,1,1,1],"3":[1,1],"4":[1,1],"5":[1,1],"6":[1,1],"7":[1,1],"8":[1,1],"9":[1,1,1],"10":[1,1],"11":[1,1],"12":[1,1],"13":[1,1],"14":[1,1],"15":[1,1],"16":[1,1]},"f":{"1":2,"2":2,"3":2,"4":2,"5":2,"6":1,"7":1,"8":2,"9":2,"10":2,"11":2,"12":1},"fnMap":{"1":{"name":"(anonymous_1)","line":12,"loc":{"start":{"line":12,"column":1},"end":{"line":12,"column":13}}},"2":{"name":"(anonymous_2)","line":19,"loc":{"start":{"line":19,"column":5},"end":{"line":19,"column":17}}},"3":{"name":"(anonymous_3)","line":23,"loc":{"start":{"line":23,"column":24},"end":{"line":23,"column":36}}},"4":{"name":"(anonymous_4)","line":61,"loc":{"start":{"line":61,"column":5},"end":{"line":61,"column":17}}},"5":{"name":"(anonymous_5)","line":82,"loc":{"start":{"line":82,"column":5},"end":{"line":82,"column":17}}},"6":{"name":"(anonymous_6)","line":102,"loc":{"start":{"line":102,"column":83},"end":{"line":105,"column":10}},"skip":true},"7":{"name":"(anonymous_7)","line":113,"loc":{"start":{"line":113,"column":77},"end":{"line":116,"column":10}},"skip":true},"8":{"name":"(anonymous_8)","line":129,"loc":{"start":{"line":129,"column":12},"end":{"line":129,"column":40}},"skip":true},"9":{"name":"(anonymous_9)","line":137,"loc":{"start":{"line":137,"column":77},"end":{"line":140,"column":10}},"skip":true},"10":{"name":"(anonymous_10)","line":148,"loc":{"start":{"line":148,"column":83},"end":{"line":151,"column":10}},"skip":true},"11":{"name":"(anonymous_11)","line":159,"loc":{"start":{"line":159,"column":79},"end":{"line":162,"column":10}},"skip":true},"12":{"name":"(anonymous_12)","line":170,"loc":{"start":{"line":170,"column":75},"end":{"line":173,"column":10}},"skip":true}},"statementMap":{"1":{"start":{"line":12,"column":0},"end":{"line":185,"column":5}},"2":{"start":{"line":14,"column":4},"end":{"line":14,"column":14}},"3":{"start":{"line":19,"column":4},"end":{"line":56,"column":9}},"4":{"start":{"line":21,"column":8},"end":{"line":21,"column":19}},"5":{"start":{"line":23,"column":8},"end":{"line":35,"column":13}},"6":{"start":{"line":24,"column":12},"end":{"line":34,"column":13}},"7":{"start":{"line":25,"column":16},"end":{"line":28,"column":30}},"8":{"start":{"line":30,"column":16},"end":{"line":33,"column":27}},"9":{"start":{"line":37,"column":8},"end":{"line":39,"column":21}},"10":{"start":{"line":40,"column":8},"end":{"line":53,"column":9}},"11":{"start":{"line":43,"column":12},"end":{"line":46,"column":14}},"12":{"start":{"line":47,"column":12},"end":{"line":47,"column":18}},"13":{"start":{"line":50,"column":12},"end":{"line":51,"column":46}},"14":{"start":{"line":52,"column":12},"end":{"line":52,"column":18}},"15":{"start":{"line":55,"column":8},"end":{"line":55,"column":35}},"16":{"start":{"line":61,"column":4},"end":{"line":63,"column":9}},"17":{"start":{"line":62,"column":8},"end":{"line":62,"column":15}},"18":{"start":{"line":64,"column":4},"end":{"line":77,"column":5}},"19":{"start":{"line":70,"column":8},"end":{"line":70,"column":14}},"20":{"start":{"line":76,"column":8},"end":{"line":76,"column":14}},"21":{"start":{"line":82,"column":4},"end":{"line":84,"column":9}},"22":{"start":{"line":83,"column":8},"end":{"line":83,"column":15}},"23":{"start":{"line":85,"column":4},"end":{"line":184,"column":5}},"24":{"start":{"line":92,"column":8},"end":{"line":94,"column":63}},"25":{"start":{"line":95,"column":8},"end":{"line":95,"column":14}},"26":{"start":{"line":102,"column":8},"end":{"line":111,"column":10},"skip":true},"27":{"start":{"line":109,"column":12},"end":{"line":109,"column":55},"skip":true},"28":{"start":{"line":110,"column":12},"end":{"line":110,"column":48},"skip":true},"29":{"start":{"line":113,"column":8},"end":{"line":126,"column":10},"skip":true},"30":{"start":{"line":120,"column":12},"end":{"line":120,"column":76},"skip":true},"31":{"start":{"line":121,"column":12},"end":{"line":121,"column":73},"skip":true},"32":{"start":{"line":122,"column":12},"end":{"line":122,"column":74},"skip":true},"33":{"start":{"line":123,"column":12},"end":{"line":123,"column":79},"skip":true},"34":{"start":{"line":124,"column":12},"end":{"line":124,"column":25},"skip":true},"35":{"start":{"line":125,"column":12},"end":{"line":125,"column":45},"skip":true},"36":{"start":{"line":128,"column":8},"end":{"line":135,"column":14},"skip":true},"37":{"start":{"line":133,"column":16},"end":{"line":133,"column":29},"skip":true},"38":{"start":{"line":134,"column":16},"end":{"line":134,"column":55},"skip":true},"39":{"start":{"line":137,"column":8},"end":{"line":146,"column":10},"skip":true},"40":{"start":{"line":144,"column":12},"end":{"line":144,"column":25},"skip":true},"41":{"start":{"line":145,"column":12},"end":{"line":145,"column":45},"skip":true},"42":{"start":{"line":148,"column":8},"end":{"line":157,"column":10},"skip":true},"43":{"start":{"line":155,"column":12},"end":{"line":155,"column":25},"skip":true},"44":{"start":{"line":156,"column":12},"end":{"line":156,"column":48},"skip":true},"45":{"start":{"line":159,"column":8},"end":{"line":168,"column":10},"skip":true},"46":{"start":{"line":166,"column":12},"end":{"line":166,"column":25},"skip":true},"47":{"start":{"line":167,"column":12},"end":{"line":167,"column":46},"skip":true},"48":{"start":{"line":170,"column":8},"end":{"line":179,"column":10},"skip":true},"49":{"start":{"line":177,"column":12},"end":{"line":177,"column":94},"skip":true},"50":{"start":{"line":178,"column":12},"end":{"line":178,"column":48},"skip":true},"51":{"start":{"line":182,"column":8},"end":{"line":182,"column":35},"skip":true},"52":{"start":{"line":183,"column":8},"end":{"line":183,"column":14},"skip":true}},"branchMap":{"1":{"line":25,"type":"binary-expr","locations":[{"start":{"line":25,"column":23},"end":{"line":25,"column":62}},{"start":{"line":26,"column":20},"end":{"line":26,"column":70}},{"start":{"line":27,"column":20},"end":{"line":27,"column":71}},{"start":{"line":28,"column":20},"end":{"line":28,"column":29}}]},"2":{"line":30,"type":"binary-expr","locations":[{"start":{"line":30,"column":23},"end":{"line":30,"column":37}},{"start":{"line":31,"column":20},"end":{"line":31,"column":61}},{"start":{"line":32,"column":20},"end":{"line":32,"column":70}},{"start":{"line":33,"column":20},"end":{"line":33,"column":26}}]},"3":{"line":37,"type":"cond-expr","locations":[{"start":{"line":38,"column":14},"end":{"line":38,"column":20}},{"start":{"line":39,"column":14},"end":{"line":39,"column":20}}]},"4":{"line":40,"type":"switch","locations":[{"start":{"line":42,"column":8},"end":{"line":47,"column":18}},{"start":{"line":49,"column":8},"end":{"line":52,"column":18}}]},"5":{"line":44,"type":"binary-expr","locations":[{"start":{"line":44,"column":16},"end":{"line":44,"column":44}},{"start":{"line":44,"column":48},"end":{"line":44,"column":66}}]},"6":{"line":50,"type":"binary-expr","locations":[{"start":{"line":50,"column":21},"end":{"line":50,"column":49}},{"start":{"line":50,"column":53},"end":{"line":50,"column":72}}]},"7":{"line":64,"type":"switch","locations":[{"start":{"line":69,"column":4},"end":{"line":70,"column":14}},{"start":{"line":75,"column":4},"end":{"line":76,"column":14}}]},"8":{"line":85,"type":"switch","locations":[{"start":{"line":90,"column":4},"end":{"line":95,"column":14}},{"start":{"line":101,"column":4},"end":{"line":183,"column":14},"skip":true}]},"9":{"line":92,"type":"binary-expr","locations":[{"start":{"line":92,"column":18},"end":{"line":92,"column":32}},{"start":{"line":93,"column":12},"end":{"line":93,"column":53}},{"start":{"line":94,"column":12},"end":{"line":94,"column":61}}]},"10":{"line":102,"type":"binary-expr","locations":[{"start":{"line":102,"column":45},"end":{"line":102,"column":79},"skip":true},{"start":{"line":102,"column":83},"end":{"line":111,"column":9},"skip":true}]},"11":{"line":113,"type":"binary-expr","locations":[{"start":{"line":113,"column":42},"end":{"line":113,"column":73},"skip":true},{"start":{"line":113,"column":77},"end":{"line":126,"column":9},"skip":true}]},"12":{"line":128,"type":"binary-expr","locations":[{"start":{"line":128,"column":48},"end":{"line":128,"column":85},"skip":true},{"start":{"line":129,"column":12},"end":{"line":135,"column":13},"skip":true}]},"13":{"line":137,"type":"binary-expr","locations":[{"start":{"line":137,"column":42},"end":{"line":137,"column":73},"skip":true},{"start":{"line":137,"column":77},"end":{"line":146,"column":9},"skip":true}]},"14":{"line":148,"type":"binary-expr","locations":[{"start":{"line":148,"column":45},"end":{"line":148,"column":79},"skip":true},{"start":{"line":148,"column":83},"end":{"line":157,"column":9},"skip":true}]},"15":{"line":159,"type":"binary-expr","locations":[{"start":{"line":159,"column":43},"end":{"line":159,"column":75},"skip":true},{"start":{"line":159,"column":79},"end":{"line":168,"column":9},"skip":true}]},"16":{"line":170,"type":"binary-expr","locations":[{"start":{"line":170,"column":41},"end":{"line":170,"column":71},"skip":true},{"start":{"line":170,"column":75},"end":{"line":179,"column":9},"skip":true}]}},"code":["/* istanbul instrument in package npmtest_atlasboard */","/*jslint","    bitwise: true,","    browser: true,","    maxerr: 8,","    maxlen: 96,","    node: true,","    nomen: true,","    regexp: true,","    stupid: true","*/","(function () {","    'use strict';","    var local;","","","","    // run shared js-env code - pre-init","    (function () {","        // init local","        local = {};","        // init modeJs","        local.modeJs = (function () {","            try {","                return typeof navigator.userAgent === 'string' &&","                    typeof document.querySelector('body') === 'object' &&","                    typeof XMLHttpRequest.prototype.open === 'function' &&","                    'browser';","            } catch (errorCaughtBrowser) {","                return module.exports &&","                    typeof process.versions.node === 'string' &&","                    typeof require('http').createServer === 'function' &&","                    'node';","            }","        }());","        // init global","        local.global = local.modeJs === 'browser'","            ? window","            : global;","        switch (local.modeJs) {","        // re-init local from window.local","        case 'browser':","            local = local.global.utility2.objectSetDefault(","                local.global.utility2_rollup || local.global.local,","                local.global.utility2","            );","            break;","        // re-init local from example.js","        case 'node':","            local = (local.global.utility2_rollup || require('utility2'))","                .requireExampleJsFromReadme();","            break;","        }","        // export local","        local.global.local = local;","    }());","","","","    // run shared js-env code - function","    (function () {","        return;","    }());","    switch (local.modeJs) {","","","","    // run browser js-env code - function","    case 'browser':","        break;","","","","    // run node js-env code - function","    case 'node':","        break;","    }","","","","    // run shared js-env code - post-init","    (function () {","        return;","    }());","    switch (local.modeJs) {","","","","    // run browser js-env code - post-init","    case 'browser':","        // run tests","        local.nop(local.modeTest &&","            document.querySelector('#testRunButton1') &&","            document.querySelector('#testRunButton1').click());","        break;","","","","    // run node js-env code - post-init","    /* istanbul ignore next */","    case 'node':","        local.testCase_buildApidoc_default = local.testCase_buildApidoc_default || function (","            options,","            onError","        ) {","        /*","         * this function will test buildApidoc's default handling-behavior-behavior","         */","            options = { modulePathList: module.paths };","            local.buildApidoc(options, onError);","        };","","        local.testCase_buildApp_default = local.testCase_buildApp_default || function (","            options,","            onError","        ) {","        /*","         * this function will test buildApp's default handling-behavior-behavior","         */","            local.testCase_buildReadme_default(options, local.onErrorThrow);","            local.testCase_buildLib_default(options, local.onErrorThrow);","            local.testCase_buildTest_default(options, local.onErrorThrow);","            local.testCase_buildCustomOrg_default(options, local.onErrorThrow);","            options = [];","            local.buildApp(options, onError);","        };","","        local.testCase_buildCustomOrg_default = local.testCase_buildCustomOrg_default ||","            function (options, onError) {","            /*","             * this function will test buildCustomOrg's default handling-behavior","             */","                options = {};","                local.buildCustomOrg(options, onError);","            };","","        local.testCase_buildLib_default = local.testCase_buildLib_default || function (","            options,","            onError","        ) {","        /*","         * this function will test buildLib's default handling-behavior","         */","            options = {};","            local.buildLib(options, onError);","        };","","        local.testCase_buildReadme_default = local.testCase_buildReadme_default || function (","            options,","            onError","        ) {","        /*","         * this function will test buildReadme's default handling-behavior-behavior","         */","            options = {};","            local.buildReadme(options, onError);","        };","","        local.testCase_buildTest_default = local.testCase_buildTest_default || function (","            options,","            onError","        ) {","        /*","         * this function will test buildTest's default handling-behavior","         */","            options = {};","            local.buildTest(options, onError);","        };","","        local.testCase_webpage_default = local.testCase_webpage_default || function (","            options,","            onError","        ) {","        /*","         * this function will test webpage's default handling-behavior","         */","            options = { modeCoverageMerge: true, url: local.serverLocalHost + '?modeTest=1' };","            local.browserTest(options, onError);","        };","","        // run test-server","        local.testRunServer(local);","        break;","    }","}());",""],"l":{"12":2,"14":2,"19":2,"21":2,"23":2,"24":2,"25":2,"30":1,"37":2,"40":2,"43":1,"47":1,"50":1,"52":1,"55":2,"61":2,"62":2,"64":2,"70":1,"76":1,"82":2,"83":2,"85":2,"92":1,"95":1,"102":1,"109":1,"110":1,"113":1,"120":1,"121":1,"122":1,"123":1,"124":1,"125":1,"128":1,"133":2,"134":2,"137":1,"144":2,"145":2,"148":1,"155":2,"156":2,"159":1,"166":2,"167":2,"170":1,"177":1,"178":1,"182":1,"183":1}},"/home/travis/build/npmtest/node-npmtest-atlasboard/lib.npmtest_atlasboard.js":{"path":"/home/travis/build/npmtest/node-npmtest-atlasboard/lib.npmtest_atlasboard.js","s":{"1":2,"2":2,"3":2,"4":2,"5":2,"6":2,"7":2,"8":1,"9":2,"10":2,"11":2,"12":2,"13":1,"14":1,"15":1,"16":1},"b":{"1":[2,1,1,1],"2":[1,1,1,1],"3":[1,1],"4":[2,2],"5":[1,1]},"f":{"1":2,"2":2,"3":2},"fnMap":{"1":{"name":"(anonymous_1)","line":12,"loc":{"start":{"line":12,"column":1},"end":{"line":12,"column":13}}},"2":{"name":"(anonymous_2)","line":19,"loc":{"start":{"line":19,"column":5},"end":{"line":19,"column":17}}},"3":{"name":"(anonymous_3)","line":23,"loc":{"start":{"line":23,"column":24},"end":{"line":23,"column":36}}}},"statementMap":{"1":{"start":{"line":12,"column":0},"end":{"line":53,"column":5}},"2":{"start":{"line":14,"column":4},"end":{"line":14,"column":14}},"3":{"start":{"line":19,"column":4},"end":{"line":52,"column":9}},"4":{"start":{"line":21,"column":8},"end":{"line":21,"column":19}},"5":{"start":{"line":23,"column":8},"end":{"line":35,"column":13}},"6":{"start":{"line":24,"column":12},"end":{"line":34,"column":13}},"7":{"start":{"line":25,"column":16},"end":{"line":28,"column":30}},"8":{"start":{"line":30,"column":16},"end":{"line":33,"column":27}},"9":{"start":{"line":37,"column":8},"end":{"line":39,"column":21}},"10":{"start":{"line":41,"column":8},"end":{"line":41,"column":54}},"11":{"start":{"line":43,"column":8},"end":{"line":43,"column":55}},"12":{"start":{"line":45,"column":8},"end":{"line":51,"column":9}},"13":{"start":{"line":46,"column":12},"end":{"line":46,"column":61}},"14":{"start":{"line":48,"column":12},"end":{"line":48,"column":35}},"15":{"start":{"line":49,"column":12},"end":{"line":49,"column":49}},"16":{"start":{"line":50,"column":12},"end":{"line":50,"column":43}}},"branchMap":{"1":{"line":25,"type":"binary-expr","locations":[{"start":{"line":25,"column":23},"end":{"line":25,"column":62}},{"start":{"line":26,"column":20},"end":{"line":26,"column":70}},{"start":{"line":27,"column":20},"end":{"line":27,"column":71}},{"start":{"line":28,"column":20},"end":{"line":28,"column":29}}]},"2":{"line":30,"type":"binary-expr","locations":[{"start":{"line":30,"column":23},"end":{"line":30,"column":37}},{"start":{"line":31,"column":20},"end":{"line":31,"column":61}},{"start":{"line":32,"column":20},"end":{"line":32,"column":70}},{"start":{"line":33,"column":20},"end":{"line":33,"column":26}}]},"3":{"line":37,"type":"cond-expr","locations":[{"start":{"line":38,"column":14},"end":{"line":38,"column":20}},{"start":{"line":39,"column":14},"end":{"line":39,"column":20}}]},"4":{"line":41,"type":"binary-expr","locations":[{"start":{"line":41,"column":16},"end":{"line":41,"column":44}},{"start":{"line":41,"column":48},"end":{"line":41,"column":53}}]},"5":{"line":45,"type":"if","locations":[{"start":{"line":45,"column":8},"end":{"line":45,"column":8}},{"start":{"line":45,"column":8},"end":{"line":45,"column":8}}]}},"code":["/* istanbul instrument in package npmtest_atlasboard */","/*jslint","    bitwise: true,","    browser: true,","    maxerr: 8,","    maxlen: 96,","    node: true,","    nomen: true,","    regexp: true,","    stupid: true","*/","(function () {","    'use strict';","    var local;","","","","    // run shared js-env code - pre-init","    (function () {","        // init local","        local = {};","        // init modeJs","        local.modeJs = (function () {","            try {","                return typeof navigator.userAgent === 'string' &&","                    typeof document.querySelector('body') === 'object' &&","                    typeof XMLHttpRequest.prototype.open === 'function' &&","                    'browser';","            } catch (errorCaughtBrowser) {","                return module.exports &&","                    typeof process.versions.node === 'string' &&","                    typeof require('http').createServer === 'function' &&","                    'node';","            }","        }());","        // init global","        local.global = local.modeJs === 'browser'","            ? window","            : global;","        // init utility2_rollup","        local = local.global.utility2_rollup || local;","        // init lib","        local.local = local.npmtest_atlasboard = local;","        // init exports","        if (local.modeJs === 'browser') {","            local.global.utility2_npmtest_atlasboard = local;","        } else {","            module.exports = local;","            module.exports.__dirname = __dirname;","            module.exports.module = module;","        }","    }());","}());",""],"l":{"12":2,"14":2,"19":2,"21":2,"23":2,"24":2,"25":2,"30":1,"37":2,"41":2,"43":2,"45":2,"46":1,"48":1,"49":1,"50":1}},"/home/travis/build/npmtest/node-npmtest-atlasboard/example.js":{"path":"/home/travis/build/npmtest/node-npmtest-atlasboard/example.js","s":{"1":2,"2":2,"3":2,"4":2,"5":2,"6":2,"7":2,"8":1,"9":2,"10":2,"11":2,"12":2,"13":1,"14":2,"15":2,"16":2,"17":2,"18":2,"19":0,"20":2,"21":1,"22":1,"23":1,"24":1,"25":1,"26":0,"27":0,"28":1,"29":1,"30":2,"31":0,"32":0,"33":0,"34":1,"35":2,"36":2,"37":2,"38":2,"39":2,"40":2,"41":0,"42":2,"43":2,"44":2,"45":1,"46":3,"47":1,"48":1,"49":1,"50":1,"51":1,"52":1,"53":1,"54":1,"55":1,"56":1,"57":0,"58":1,"59":6,"60":6,"61":1,"62":2,"63":0,"64":2,"65":1,"66":1,"67":0,"68":0,"69":0,"70":0,"71":0,"72":0,"73":0,"74":0,"75":0,"76":0,"77":0,"78":0,"79":0,"80":0,"81":0,"82":0,"83":0},"b":{"1":[2,1,1,1],"2":[1,1,1,1],"3":[1,1],"4":[2,2],"5":[1,1],"6":[1,1],"7":[2,0],"8":[2,1,1,1,1,1],"9":[0,2,0],"10":[1,1],"11":[2,1,1],"12":[1,0],"13":[0,2],"14":[2,0,0,0,0,0,0],"15":[0,2],"16":[2,0],"17":[1,1],"18":[0,1],"19":[1,2,0,2],"20":[1,0],"21":[1,1],"22":[0,0],"23":[0,0],"24":[0,0],"25":[0,0],"26":[0,0],"27":[0,0],"28":[0,0]},"f":{"1":2,"2":2,"3":2,"4":2,"5":2,"6":2,"7":2,"8":2,"9":3,"10":1,"11":6,"12":0},"fnMap":{"1":{"name":"(anonymous_1)","line":26,"loc":{"start":{"line":26,"column":1},"end":{"line":26,"column":13}}},"2":{"name":"(anonymous_2)","line":33,"loc":{"start":{"line":33,"column":5},"end":{"line":33,"column":17}}},"3":{"name":"(anonymous_3)","line":37,"loc":{"start":{"line":37,"column":24},"end":{"line":37,"column":36}}},"4":{"name":"(anonymous_4)","line":69,"loc":{"start":{"line":69,"column":31},"end":{"line":69,"column":48}},"skip":true},"5":{"name":"(anonymous_5)","line":78,"loc":{"start":{"line":78,"column":26},"end":{"line":78,"column":45}},"skip":true},"6":{"name":"(anonymous_6)","line":123,"loc":{"start":{"line":123,"column":33},"end":{"line":123,"column":48}},"skip":true},"7":{"name":"(anonymous_7)","line":125,"loc":{"start":{"line":125,"column":27},"end":{"line":125,"column":39}},"skip":true},"8":{"name":"(anonymous_8)","line":133,"loc":{"start":{"line":133,"column":59},"end":{"line":133,"column":74}},"skip":true},"9":{"name":"(anonymous_9)","line":143,"loc":{"start":{"line":143,"column":45},"end":{"line":143,"column":62}},"skip":true},"10":{"name":"(anonymous_10)","line":144,"loc":{"start":{"line":144,"column":73},"end":{"line":144,"column":92}},"skip":true},"11":{"name":"(anonymous_11)","line":272,"loc":{"start":{"line":272,"column":51},"end":{"line":272,"column":77}},"skip":true},"12":{"name":"(anonymous_12)","line":314,"loc":{"start":{"line":314,"column":32},"end":{"line":314,"column":61}},"skip":true}},"statementMap":{"1":{"start":{"line":26,"column":0},"end":{"line":325,"column":5}},"2":{"start":{"line":28,"column":4},"end":{"line":28,"column":14}},"3":{"start":{"line":33,"column":4},"end":{"line":60,"column":9}},"4":{"start":{"line":35,"column":8},"end":{"line":35,"column":19}},"5":{"start":{"line":37,"column":8},"end":{"line":49,"column":13}},"6":{"start":{"line":38,"column":12},"end":{"line":48,"column":13}},"7":{"start":{"line":39,"column":16},"end":{"line":42,"column":30}},"8":{"start":{"line":44,"column":16},"end":{"line":47,"column":27}},"9":{"start":{"line":51,"column":8},"end":{"line":53,"column":21}},"10":{"start":{"line":55,"column":8},"end":{"line":57,"column":45}},"11":{"start":{"line":59,"column":8},"end":{"line":59,"column":35}},"12":{"start":{"line":61,"column":4},"end":{"line":324,"column":5}},"13":{"start":{"line":69,"column":8},"end":{"line":121,"column":10},"skip":true},"14":{"start":{"line":70,"column":12},"end":{"line":88,"column":13},"skip":true},"15":{"start":{"line":76,"column":16},"end":{"line":87,"column":19},"skip":true},"16":{"start":{"line":79,"column":20},"end":{"line":86,"column":21},"skip":true},"17":{"start":{"line":82,"column":24},"end":{"line":82,"column":43},"skip":true},"18":{"start":{"line":83,"column":24},"end":{"line":83,"column":30},"skip":true},"19":{"start":{"line":85,"column":24},"end":{"line":85,"column":49},"skip":true},"20":{"start":{"line":89,"column":12},"end":{"line":107,"column":13},"skip":true},"21":{"start":{"line":92,"column":16},"end":{"line":102,"column":17},"skip":true},"22":{"start":{"line":93,"column":20},"end":{"line":93,"column":86},"skip":true},"23":{"start":{"line":94,"column":20},"end":{"line":95,"column":45},"skip":true},"24":{"start":{"line":96,"column":20},"end":{"line":96,"column":42},"skip":true},"25":{"start":{"line":97,"column":20},"end":{"line":97,"column":48},"skip":true},"26":{"start":{"line":100,"column":20},"end":{"line":100,"column":85},"skip":true},"27":{"start":{"line":101,"column":20},"end":{"line":101,"column":96},"skip":true},"28":{"start":{"line":103,"column":16},"end":{"line":103,"column":22},"skip":true},"29":{"start":{"line":106,"column":16},"end":{"line":106,"column":22},"skip":true},"30":{"start":{"line":108,"column":12},"end":{"line":120,"column":13},"skip":true},"31":{"start":{"line":114,"column":16},"end":{"line":119,"column":17},"skip":true},"32":{"start":{"line":116,"column":20},"end":{"line":116,"column":78},"skip":true},"33":{"start":{"line":118,"column":20},"end":{"line":118,"column":47},"skip":true},"34":{"start":{"line":123,"column":8},"end":{"line":141,"column":11},"skip":true},"35":{"start":{"line":124,"column":12},"end":{"line":124,"column":54},"skip":true},"36":{"start":{"line":125,"column":12},"end":{"line":140,"column":14},"skip":true},"37":{"start":{"line":126,"column":16},"end":{"line":126,"column":28},"skip":true},"38":{"start":{"line":127,"column":16},"end":{"line":127,"column":69},"skip":true},"39":{"start":{"line":128,"column":16},"end":{"line":128,"column":75},"skip":true},"40":{"start":{"line":129,"column":16},"end":{"line":131,"column":17},"skip":true},"41":{"start":{"line":130,"column":20},"end":{"line":130,"column":27},"skip":true},"42":{"start":{"line":133,"column":16},"end":{"line":137,"column":36},"skip":true},"43":{"start":{"line":134,"column":20},"end":{"line":136,"column":55},"skip":true},"44":{"start":{"line":139,"column":16},"end":{"line":139,"column":57},"skip":true},"45":{"start":{"line":143,"column":8},"end":{"line":147,"column":11},"skip":true},"46":{"start":{"line":144,"column":12},"end":{"line":146,"column":15},"skip":true},"47":{"start":{"line":145,"column":16},"end":{"line":145,"column":70},"skip":true},"48":{"start":{"line":149,"column":8},"end":{"line":149,"column":31},"skip":true},"49":{"start":{"line":150,"column":8},"end":{"line":150,"column":14},"skip":true},"50":{"start":{"line":158,"column":8},"end":{"line":158,"column":31},"skip":true},"51":{"start":{"line":160,"column":8},"end":{"line":160,"column":33},"skip":true},"52":{"start":{"line":161,"column":8},"end":{"line":161,"column":37},"skip":true},"53":{"start":{"line":162,"column":8},"end":{"line":162,"column":35},"skip":true},"54":{"start":{"line":164,"column":8},"end":{"line":164,"column":50},"skip":true},"55":{"start":{"line":166,"column":8},"end":{"line":256,"column":2},"skip":true},"56":{"start":{"line":258,"column":8},"end":{"line":286,"column":9},"skip":true},"57":{"start":{"line":259,"column":12},"end":{"line":269,"column":14},"skip":true},"58":{"start":{"line":271,"column":12},"end":{"line":285,"column":19},"skip":true},"59":{"start":{"line":274,"column":20},"end":{"line":274,"column":35},"skip":true},"60":{"start":{"line":275,"column":20},"end":{"line":284,"column":21},"skip":true},"61":{"start":{"line":277,"column":24},"end":{"line":277,"column":64},"skip":true},"62":{"start":{"line":279,"column":24},"end":{"line":279,"column":40},"skip":true},"63":{"start":{"line":281,"column":24},"end":{"line":281,"column":40},"skip":true},"64":{"start":{"line":283,"column":24},"end":{"line":283,"column":39},"skip":true},"65":{"start":{"line":288,"column":8},"end":{"line":290,"column":9},"skip":true},"66":{"start":{"line":289,"column":12},"end":{"line":289,"column":18},"skip":true},"67":{"start":{"line":291,"column":8},"end":{"line":293,"column":54},"skip":true},"68":{"start":{"line":294,"column":8},"end":{"line":301,"column":37},"skip":true},"69":{"start":{"line":302,"column":8},"end":{"line":302,"column":82},"skip":true},"70":{"start":{"line":305,"column":8},"end":{"line":307,"column":9},"skip":true},"71":{"start":{"line":306,"column":12},"end":{"line":306,"column":82},"skip":true},"72":{"start":{"line":309,"column":8},"end":{"line":311,"column":9},"skip":true},"73":{"start":{"line":310,"column":12},"end":{"line":310,"column":18},"skip":true},"74":{"start":{"line":312,"column":8},"end":{"line":312,"column":54},"skip":true},"75":{"start":{"line":313,"column":8},"end":{"line":313,"column":69},"skip":true},"76":{"start":{"line":314,"column":8},"end":{"line":322,"column":36},"skip":true},"77":{"start":{"line":315,"column":12},"end":{"line":315,"column":61},"skip":true},"78":{"start":{"line":316,"column":12},"end":{"line":319,"column":13},"skip":true},"79":{"start":{"line":317,"column":16},"end":{"line":317,"column":75},"skip":true},"80":{"start":{"line":318,"column":16},"end":{"line":318,"column":23},"skip":true},"81":{"start":{"line":320,"column":12},"end":{"line":320,"column":38},"skip":true},"82":{"start":{"line":321,"column":12},"end":{"line":321,"column":27},"skip":true},"83":{"start":{"line":323,"column":8},"end":{"line":323,"column":14},"skip":true}},"branchMap":{"1":{"line":39,"type":"binary-expr","locations":[{"start":{"line":39,"column":23},"end":{"line":39,"column":62}},{"start":{"line":40,"column":20},"end":{"line":40,"column":70}},{"start":{"line":41,"column":20},"end":{"line":41,"column":71}},{"start":{"line":42,"column":20},"end":{"line":42,"column":29}}]},"2":{"line":44,"type":"binary-expr","locations":[{"start":{"line":44,"column":23},"end":{"line":44,"column":37}},{"start":{"line":45,"column":20},"end":{"line":45,"column":61}},{"start":{"line":46,"column":20},"end":{"line":46,"column":70}},{"start":{"line":47,"column":20},"end":{"line":47,"column":26}}]},"3":{"line":51,"type":"cond-expr","locations":[{"start":{"line":52,"column":14},"end":{"line":52,"column":20}},{"start":{"line":53,"column":14},"end":{"line":53,"column":20}}]},"4":{"line":55,"type":"binary-expr","locations":[{"start":{"line":55,"column":16},"end":{"line":55,"column":44}},{"start":{"line":55,"column":49},"end":{"line":57,"column":43}}]},"5":{"line":55,"type":"cond-expr","locations":[{"start":{"line":56,"column":14},"end":{"line":56,"column":54}},{"start":{"line":57,"column":14},"end":{"line":57,"column":43}}]},"6":{"line":61,"type":"switch","locations":[{"start":{"line":68,"column":4},"end":{"line":150,"column":14},"skip":true},{"start":{"line":156,"column":4},"end":{"line":323,"column":14},"skip":true}]},"7":{"line":70,"type":"if","locations":[{"start":{"line":70,"column":12},"end":{"line":70,"column":12},"skip":true},{"start":{"line":70,"column":12},"end":{"line":70,"column":12},"skip":true}]},"8":{"line":70,"type":"binary-expr","locations":[{"start":{"line":70,"column":16},"end":{"line":70,"column":22},"skip":true},{"start":{"line":70,"column":27},"end":{"line":70,"column":32},"skip":true},{"start":{"line":71,"column":20},"end":{"line":71,"column":39},"skip":true},{"start":{"line":72,"column":20},"end":{"line":72,"column":49},"skip":true},{"start":{"line":73,"column":20},"end":{"line":73,"column":58},"skip":true},{"start":{"line":74,"column":20},"end":{"line":74,"column":69},"skip":true}]},"9":{"line":79,"type":"switch","locations":[{"start":{"line":80,"column":20},"end":{"line":80,"column":33},"skip":true},{"start":{"line":81,"column":20},"end":{"line":83,"column":30},"skip":true},{"start":{"line":84,"column":20},"end":{"line":85,"column":49},"skip":true}]},"10":{"line":89,"type":"switch","locations":[{"start":{"line":90,"column":12},"end":{"line":103,"column":22},"skip":true},{"start":{"line":105,"column":12},"end":{"line":106,"column":22},"skip":true}]},"11":{"line":89,"type":"binary-expr","locations":[{"start":{"line":89,"column":20},"end":{"line":89,"column":25},"skip":true},{"start":{"line":89,"column":29},"end":{"line":89,"column":48},"skip":true},{"start":{"line":89,"column":52},"end":{"line":89,"column":74},"skip":true}]},"12":{"line":92,"type":"if","locations":[{"start":{"line":92,"column":16},"end":{"line":92,"column":16},"skip":true},{"start":{"line":92,"column":16},"end":{"line":92,"column":16},"skip":true}]},"13":{"line":108,"type":"if","locations":[{"start":{"line":108,"column":12},"end":{"line":108,"column":12},"skip":true},{"start":{"line":108,"column":12},"end":{"line":108,"column":12},"skip":true}]},"14":{"line":108,"type":"binary-expr","locations":[{"start":{"line":108,"column":16},"end":{"line":108,"column":61},"skip":true},{"start":{"line":108,"column":66},"end":{"line":108,"column":72},"skip":true},{"start":{"line":108,"column":77},"end":{"line":108,"column":82},"skip":true},{"start":{"line":109,"column":20},"end":{"line":109,"column":39},"skip":true},{"start":{"line":110,"column":20},"end":{"line":110,"column":49},"skip":true},{"start":{"line":111,"column":20},"end":{"line":111,"column":58},"skip":true},{"start":{"line":112,"column":20},"end":{"line":112,"column":68},"skip":true}]},"15":{"line":129,"type":"if","locations":[{"start":{"line":129,"column":16},"end":{"line":129,"column":16},"skip":true},{"start":{"line":129,"column":16},"end":{"line":129,"column":16},"skip":true}]},"16":{"line":134,"type":"cond-expr","locations":[{"start":{"line":135,"column":26},"end":{"line":135,"column":29},"skip":true},{"start":{"line":136,"column":26},"end":{"line":136,"column":54},"skip":true}]},"17":{"line":164,"type":"binary-expr","locations":[{"start":{"line":164,"column":27},"end":{"line":164,"column":43},"skip":true},{"start":{"line":164,"column":47},"end":{"line":164,"column":49},"skip":true}]},"18":{"line":258,"type":"if","locations":[{"start":{"line":258,"column":8},"end":{"line":258,"column":8},"skip":true},{"start":{"line":258,"column":8},"end":{"line":258,"column":8},"skip":true}]},"19":{"line":275,"type":"switch","locations":[{"start":{"line":276,"column":20},"end":{"line":277,"column":64},"skip":true},{"start":{"line":278,"column":20},"end":{"line":279,"column":40},"skip":true},{"start":{"line":280,"column":20},"end":{"line":281,"column":40},"skip":true},{"start":{"line":282,"column":20},"end":{"line":283,"column":39},"skip":true}]},"20":{"line":288,"type":"if","locations":[{"start":{"line":288,"column":8},"end":{"line":288,"column":8},"skip":true},{"start":{"line":288,"column":8},"end":{"line":288,"column":8},"skip":true}]},"21":{"line":288,"type":"binary-expr","locations":[{"start":{"line":288,"column":12},"end":{"line":288,"column":40},"skip":true},{"start":{"line":288,"column":44},"end":{"line":288,"column":67},"skip":true}]},"22":{"line":292,"type":"binary-expr","locations":[{"start":{"line":292,"column":12},"end":{"line":292,"column":50},"skip":true},{"start":{"line":293,"column":12},"end":{"line":293,"column":53},"skip":true}]},"23":{"line":295,"type":"binary-expr","locations":[{"start":{"line":295,"column":12},"end":{"line":295,"column":68},"skip":true},{"start":{"line":296,"column":12},"end":{"line":301,"column":36},"skip":true}]},"24":{"line":302,"type":"binary-expr","locations":[{"start":{"line":302,"column":43},"end":{"line":302,"column":75},"skip":true},{"start":{"line":302,"column":79},"end":{"line":302,"column":81},"skip":true}]},"25":{"line":305,"type":"if","locations":[{"start":{"line":305,"column":8},"end":{"line":305,"column":8},"skip":true},{"start":{"line":305,"column":8},"end":{"line":305,"column":8},"skip":true}]},"26":{"line":309,"type":"if","locations":[{"start":{"line":309,"column":8},"end":{"line":309,"column":8},"skip":true},{"start":{"line":309,"column":8},"end":{"line":309,"column":8},"skip":true}]},"27":{"line":312,"type":"binary-expr","locations":[{"start":{"line":312,"column":27},"end":{"line":312,"column":43},"skip":true},{"start":{"line":312,"column":47},"end":{"line":312,"column":53},"skip":true}]},"28":{"line":316,"type":"if","locations":[{"start":{"line":316,"column":12},"end":{"line":316,"column":12},"skip":true},{"start":{"line":316,"column":12},"end":{"line":316,"column":12},"skip":true}]}},"code":["/*","example.js","","quickstart example","","instruction","    1. save this script as example.js","    2. run the shell command:","        $ npm install npmtest-atlasboard && PORT=8081 node example.js","    3. play with the browser-demo on http://127.0.0.1:8081","*/","","","","/* istanbul instrument in package npmtest_atlasboard */","/*jslint","    bitwise: true,","    browser: true,","    maxerr: 8,","    maxlen: 96,","    node: true,","    nomen: true,","    regexp: true,","    stupid: true","*/","(function () {","    'use strict';","    var local;","","","","    // run shared js-env code - pre-init","    (function () {","        // init local","        local = {};","        // init modeJs","        local.modeJs = (function () {","            try {","                return typeof navigator.userAgent === 'string' &&","                    typeof document.querySelector('body') === 'object' &&","                    typeof XMLHttpRequest.prototype.open === 'function' &&","                    'browser';","            } catch (errorCaughtBrowser) {","                return module.exports &&","                    typeof process.versions.node === 'string' &&","                    typeof require('http').createServer === 'function' &&","                    'node';","            }","        }());","        // init global","        local.global = local.modeJs === 'browser'","            ? window","            : global;","        // init utility2_rollup","        local = local.global.utility2_rollup || (local.modeJs === 'browser'","            ? local.global.utility2_npmtest_atlasboard","            : global.utility2_moduleExports);","        // export local","        local.global.local = local;","    }());","    switch (local.modeJs) {","","","","    // post-init","    // run browser js-env code - post-init","    /* istanbul ignore next */","    case 'browser':","        local.testRunBrowser = function (event) {","            if (!event || (event &&","                    event.currentTarget &&","                    event.currentTarget.className &&","                    event.currentTarget.className.includes &&","                    event.currentTarget.className.includes('onreset'))) {","                // reset output","                Array.from(","                    document.querySelectorAll('body > .resettable')","                ).forEach(function (element) {","                    switch (element.tagName) {","                    case 'INPUT':","                    case 'TEXTAREA':","                        element.value = '';","                        break;","                    default:","                        element.textContent = '';","                    }","                });","            }","            switch (event && event.currentTarget && event.currentTarget.id) {","            case 'testRunButton1':","                // show tests","                if (document.querySelector('#testReportDiv1').style.display === 'none') {","                    document.querySelector('#testReportDiv1').style.display = 'block';","                    document.querySelector('#testRunButton1').textContent =","                        'hide internal test';","                    local.modeTest = true;","                    local.testRunDefault(local);","                // hide tests","                } else {","                    document.querySelector('#testReportDiv1').style.display = 'none';","                    document.querySelector('#testRunButton1').textContent = 'run internal test';","                }","                break;","            // custom-case","            default:","                break;","            }","            if (document.querySelector('#inputTextareaEval1') && (!event || (event &&","                    event.currentTarget &&","                    event.currentTarget.className &&","                    event.currentTarget.className.includes &&","                    event.currentTarget.className.includes('oneval')))) {","                // try to eval input-code","                try {","                    /*jslint evil: true*/","                    eval(document.querySelector('#inputTextareaEval1').value);","                } catch (errorCaught) {","                    console.error(errorCaught);","                }","            }","        };","        // log stderr and stdout to #outputTextareaStdout1","        ['error', 'log'].forEach(function (key) {","            console[key + '_original'] = console[key];","            console[key] = function () {","                var element;","                console[key + '_original'].apply(console, arguments);","                element = document.querySelector('#outputTextareaStdout1');","                if (!element) {","                    return;","                }","                // append text to #outputTextareaStdout1","                element.value += Array.from(arguments).map(function (arg) {","                    return typeof arg === 'string'","                        ? arg","                        : JSON.stringify(arg, null, 4);","                }).join(' ') + '\\n';","                // scroll textarea to bottom","                element.scrollTop = element.scrollHeight;","            };","        });","        // init event-handling","        ['change', 'click', 'keyup'].forEach(function (event) {","            Array.from(document.querySelectorAll('.on' + event)).forEach(function (element) {","                element.addEventListener(event, local.testRunBrowser);","            });","        });","        // run tests","        local.testRunBrowser();","        break;","","","","    // run node js-env code - post-init","    /* istanbul ignore next */","    case 'node':","        // export local","        module.exports = local;","        // require modules","        local.fs = require('fs');","        local.http = require('http');","        local.url = require('url');","        // init assets","        local.assetsDict = local.assetsDict || {};","        /* jslint-ignore-begin */","        local.assetsDict['/assets.index.template.html'] = '\\","<!doctype html>\\n\\","<html lang=\"en\">\\n\\","<head>\\n\\","<meta charset=\"UTF-8\">\\n\\","<meta name=\"viewport\" content=\"width=device-width, initial-scale=1\">\\n\\","<title>{{env.npm_package_name}} (v{{env.npm_package_version}})</title>\\n\\","<style>\\n\\","/*csslint\\n\\","    box-sizing: false,\\n\\","    universal-selector: false\\n\\","*/\\n\\","* {\\n\\","    box-sizing: border-box;\\n\\","}\\n\\","body {\\n\\","    background: #dde;\\n\\","    font-family: Arial, Helvetica, sans-serif;\\n\\","    margin: 2rem;\\n\\","}\\n\\","body > * {\\n\\","    margin-bottom: 1rem;\\n\\","}\\n\\",".utility2FooterDiv {\\n\\","    margin-top: 20px;\\n\\","    text-align: center;\\n\\","}\\n\\","</style>\\n\\","<style>\\n\\","/*csslint\\n\\","*/\\n\\","textarea {\\n\\","    font-family: monospace;\\n\\","    height: 10rem;\\n\\","    width: 100%;\\n\\","}\\n\\","textarea[readonly] {\\n\\","    background: #ddd;\\n\\","}\\n\\","</style>\\n\\","</head>\\n\\","<body>\\n\\","<!-- utility2-comment\\n\\","<div id=\"ajaxProgressDiv1\" style=\"background: #d00; height: 2px; left: 0; margin: 0; padding: 0; position: fixed; top: 0; transition: background 0.5s, width 1.5s; width: 25%;\"></div>\\n\\","utility2-comment -->\\n\\","<h1>\\n\\","<!-- utility2-comment\\n\\","    <a\\n\\","        {{#if env.npm_package_homepage}}\\n\\","        href=\"{{env.npm_package_homepage}}\"\\n\\","        {{/if env.npm_package_homepage}}\\n\\","        target=\"_blank\"\\n\\","    >\\n\\","utility2-comment -->\\n\\","        {{env.npm_package_name}} (v{{env.npm_package_version}})\\n\\","<!-- utility2-comment\\n\\","    </a>\\n\\","utility2-comment -->\\n\\","</h1>\\n\\","<h3>{{env.npm_package_description}}</h3>\\n\\","<!-- utility2-comment\\n\\","<h4><a download href=\"assets.app.js\">download standalone app</a></h4>\\n\\","<button class=\"onclick onreset\" id=\"testRunButton1\">run internal test</button><br>\\n\\","<div id=\"testReportDiv1\" style=\"display: none;\"></div>\\n\\","utility2-comment -->\\n\\","\\n\\","\\n\\","\\n\\","<label>stderr and stdout</label>\\n\\","<textarea class=\"resettable\" id=\"outputTextareaStdout1\" readonly></textarea>\\n\\","<!-- utility2-comment\\n\\","{{#if isRollup}}\\n\\","<script src=\"assets.app.js\"></script>\\n\\","{{#unless isRollup}}\\n\\","utility2-comment -->\\n\\","<script src=\"assets.utility2.rollup.js\"></script>\\n\\","<script src=\"jsonp.utility2._stateInit?callback=window.utility2._stateInit\"></script>\\n\\","<script src=\"assets.npmtest_atlasboard.rollup.js\"></script>\\n\\","<script src=\"assets.example.js\"></script>\\n\\","<script src=\"assets.test.js\"></script>\\n\\","<!-- utility2-comment\\n\\","{{/if isRollup}}\\n\\","utility2-comment -->\\n\\","<div class=\"utility2FooterDiv\">\\n\\","    [ this app was created with\\n\\","    <a href=\"https://github.com/kaizhu256/node-utility2\" target=\"_blank\">utility2</a>\\n\\","    ]\\n\\","</div>\\n\\","</body>\\n\\","</html>\\n\\","';","        /* jslint-ignore-end */","        if (local.templateRender) {","            local.assetsDict['/'] = local.templateRender(","                local.assetsDict['/assets.index.template.html'],","                {","                    env: local.objectSetDefault(local.env, {","                        npm_package_description: 'the greatest app in the world!',","                        npm_package_name: 'my-app',","                        npm_package_nameAlias: 'my_app',","                        npm_package_version: '0.0.1'","                    })","                }","            );","        } else {","            local.assetsDict['/'] = local.assetsDict['/assets.index.template.html']","                .replace((/\\{\\{env\\.(\\w+?)\\}\\}/g), function (match0, match1) {","                    // jslint-hack","                    String(match0);","                    switch (match1) {","                    case 'npm_package_description':","                        return 'the greatest app in the world!';","                    case 'npm_package_name':","                        return 'my-app';","                    case 'npm_package_nameAlias':","                        return 'my_app';","                    case 'npm_package_version':","                        return '0.0.1';","                    }","                });","        }","        // run the cli","        if (local.global.utility2_rollup || module !== require.main) {","            break;","        }","        local.assetsDict['/assets.example.js'] =","            local.assetsDict['/assets.example.js'] ||","            local.fs.readFileSync(__filename, 'utf8');","        local.assetsDict['/assets.npmtest_atlasboard.rollup.js'] =","            local.assetsDict['/assets.npmtest_atlasboard.rollup.js'] ||","            local.fs.readFileSync(","                // buildCustomOrg-hack","                local.npmtest_atlasboard.__dirname +","                    '/lib.npmtest_atlasboard.js',","                'utf8'","            ).replace((/^#!/), '//');","        local.assetsDict['/favicon.ico'] = local.assetsDict['/favicon.ico'] || '';","        // if $npm_config_timeout_exit exists,","        // then exit this process after $npm_config_timeout_exit ms","        if (Number(process.env.npm_config_timeout_exit)) {","            setTimeout(process.exit, Number(process.env.npm_config_timeout_exit));","        }","        // start server","        if (local.global.utility2_serverHttp1) {","            break;","        }","        process.env.PORT = process.env.PORT || '8081';","        console.error('server starting on port ' + process.env.PORT);","        local.http.createServer(function (request, response) {","            request.urlParsed = local.url.parse(request.url);","            if (local.assetsDict[request.urlParsed.pathname] !== undefined) {","                response.end(local.assetsDict[request.urlParsed.pathname]);","                return;","            }","            response.statusCode = 404;","            response.end();","        }).listen(process.env.PORT);","        break;","    }","}());",""],"l":{"26":2,"28":2,"33":2,"35":2,"37":2,"38":2,"39":2,"44":1,"51":2,"55":2,"59":2,"61":2,"69":1,"70":2,"76":2,"79":2,"82":2,"83":2,"85":1,"89":2,"92":1,"93":1,"94":1,"96":1,"97":1,"100":1,"101":1,"103":1,"106":1,"108":2,"114":1,"116":1,"118":1,"123":1,"124":2,"125":2,"126":2,"127":2,"128":2,"129":2,"130":1,"133":2,"134":2,"139":2,"143":1,"144":3,"145":1,"149":1,"150":1,"158":1,"160":1,"161":1,"162":1,"164":1,"166":1,"258":1,"259":1,"271":1,"274":6,"275":6,"277":1,"279":2,"281":1,"283":2,"288":1,"289":1,"291":1,"294":1,"302":1,"305":1,"306":1,"309":1,"310":1,"312":1,"313":1,"314":1,"315":1,"316":1,"317":1,"318":1,"320":1,"321":1,"323":1}},"/home/travis/build/npmtest/node-npmtest-atlasboard/node_modules/atlasboard/lib/atlasboard.js":{"path":"/home/travis/build/npmtest/node-npmtest-atlasboard/node_modules/atlasboard/lib/atlasboard.js","s":{"1":1,"2":1,"3":1,"4":1,"5":1,"6":1,"7":1,"8":0,"9":0,"10":0,"11":0,"12":0,"13":0,"14":0,"15":0,"16":0,"17":0,"18":0,"19":0,"20":0,"21":0,"22":0,"23":0,"24":0,"25":0,"26":0,"27":0,"28":0,"29":0,"30":0,"31":0},"b":{"1":[0,0],"2":[0,0],"3":[0,0]},"f":{"1":0,"2":0,"3":0,"4":0},"fnMap":{"1":{"name":"(anonymous_1)","line":8,"loc":{"start":{"line":8,"column":17},"end":{"line":8,"column":46}}},"2":{"name":"(anonymous_2)","line":17,"loc":{"start":{"line":17,"column":15},"end":{"line":17,"column":29}}},"3":{"name":"(anonymous_3)","line":41,"loc":{"start":{"line":41,"column":24},"end":{"line":41,"column":42}}},"4":{"name":"(anonymous_4)","line":61,"loc":{"start":{"line":61,"column":72},"end":{"line":61,"column":87}}}},"statementMap":{"1":{"start":{"line":1,"column":0},"end":{"line":1,"column":27}},"2":{"start":{"line":2,"column":0},"end":{"line":2,"column":33}},"3":{"start":{"line":3,"column":0},"end":{"line":3,"column":71}},"4":{"start":{"line":4,"column":0},"end":{"line":4,"column":43}},"5":{"start":{"line":5,"column":0},"end":{"line":5,"column":50}},"6":{"start":{"line":6,"column":0},"end":{"line":6,"column":36}},"7":{"start":{"line":8,"column":0},"end":{"line":72,"column":2}},"8":{"start":{"line":10,"column":2},"end":{"line":10,"column":26}},"9":{"start":{"line":12,"column":2},"end":{"line":12,"column":66}},"10":{"start":{"line":13,"column":2},"end":{"line":13,"column":69}},"11":{"start":{"line":15,"column":2},"end":{"line":15,"column":55}},"12":{"start":{"line":17,"column":2},"end":{"line":57,"column":4}},"13":{"start":{"line":23,"column":4},"end":{"line":23,"column":24}},"14":{"start":{"line":24,"column":4},"end":{"line":27,"column":7}},"15":{"start":{"line":29,"column":4},"end":{"line":29,"column":72}},"16":{"start":{"line":30,"column":4},"end":{"line":30,"column":71}},"17":{"start":{"line":31,"column":4},"end":{"line":31,"column":77}},"18":{"start":{"line":37,"column":4},"end":{"line":39,"column":7}},"19":{"start":{"line":40,"column":4},"end":{"line":40,"column":41}},"20":{"start":{"line":41,"column":4},"end":{"line":43,"column":7}},"21":{"start":{"line":42,"column":6},"end":{"line":42,"column":56}},"22":{"start":{"line":49,"column":4},"end":{"line":54,"column":6}},"23":{"start":{"line":56,"column":4},"end":{"line":56,"column":40}},"24":{"start":{"line":59,"column":2},"end":{"line":70,"column":3}},"25":{"start":{"line":60,"column":4},"end":{"line":60,"column":51}},"26":{"start":{"line":61,"column":4},"end":{"line":67,"column":7}},"27":{"start":{"line":62,"column":6},"end":{"line":64,"column":7}},"28":{"start":{"line":63,"column":8},"end":{"line":63,"column":29}},"29":{"start":{"line":65,"column":6},"end":{"line":65,"column":33}},"30":{"start":{"line":66,"column":6},"end":{"line":66,"column":23}},"31":{"start":{"line":69,"column":4},"end":{"line":69,"column":21}}},"branchMap":{"1":{"line":10,"type":"binary-expr","locations":[{"start":{"line":10,"column":12},"end":{"line":10,"column":19}},{"start":{"line":10,"column":23},"end":{"line":10,"column":25}}]},"2":{"line":59,"type":"if","locations":[{"start":{"line":59,"column":2},"end":{"line":59,"column":2}},{"start":{"line":59,"column":2},"end":{"line":59,"column":2}}]},"3":{"line":62,"type":"if","locations":[{"start":{"line":62,"column":6},"end":{"line":62,"column":6}},{"start":{"line":62,"column":6},"end":{"line":62,"column":6}}]}},"code":["var path = require('path');","var express = require('express');","var packageDependencyManager = require('./package-dependency-manager');","var webServer = require('./webapp/server');","var jobInitialiser = require('./job-initialiser');","var socketIO = require('socket.io');","","module.exports = function (options, callback) {","","  options = options || {};","","  var packagesLocalFolder = path.join(process.cwd(), \"/packages\");","  var packagesAtlasboardFolder = path.join(__dirname, \"../packages\");","","  var configPath = path.join(process.cwd(), \"/config\");","","  var runner = function (cb) {","","    //-----------------------------------","    // Init web server","    //-----------------------------------","","    var app = express();","    var httpServer = webServer(app, {","      port: options.port,","      packageLocations: [packagesLocalFolder, packagesAtlasboardFolder]","    });","","    console.log('\\n-------------------------------------------'.yellow);","    console.log(('Atlasboard listening at port ' + options.port).gray);","    console.log('-------------------------------------------'.yellow + '\\n');","","    //-----------------------------------","    // Init socket.io server","    //-----------------------------------","","    var io = socketIO.listen(httpServer, {","      'log level': 2","    });","    var startTime = new Date().getTime();","    io.on('connection', function (socket) {","      socket.emit(\"serverinfo\", {startTime: startTime});","    });","","    //-----------------------------------","    // Init jobs / scheduler","    //-----------------------------------","","    var jobOptions = {","      packagesPath: [packagesLocalFolder, packagesAtlasboardFolder],","      configPath: configPath,","      filters: options.filters,","      deps: {io: io, app: app}","    };","","    jobInitialiser.init(jobOptions, cb);","  };","","  if (options.install) {","    console.log('Installing dependencies...'.gray);","    packageDependencyManager.installDependencies([packagesLocalFolder], function (err) {","      if (err) {","        return callback(err);","      }","      console.log('done!'.green);","      runner(callback);","    });","  } else {","    runner(callback);","  }","","};","",""],"l":{"1":1,"2":1,"3":1,"4":1,"5":1,"6":1,"8":1,"10":0,"12":0,"13":0,"15":0,"17":0,"23":0,"24":0,"29":0,"30":0,"31":0,"37":0,"40":0,"41":0,"42":0,"49":0,"56":0,"59":0,"60":0,"61":0,"62":0,"63":0,"65":0,"66":0,"69":0}},"/home/travis/build/npmtest/node-npmtest-atlasboard/node_modules/atlasboard/lib/package-dependency-manager.js":{"path":"/home/travis/build/npmtest/node-npmtest-atlasboard/node_modules/atlasboard/lib/package-dependency-manager.js","s":{"1":1,"2":1,"3":1,"4":1,"5":1,"6":1,"7":1,"8":0,"9":0,"10":0,"11":0,"12":0,"13":0,"14":0,"15":0,"16":0,"17":1,"18":1,"19":0,"20":0,"21":0,"22":0,"23":0,"24":0,"25":0,"26":0,"27":1,"28":0,"29":1,"30":0,"31":0,"32":0,"33":0,"34":0,"35":0,"36":0,"37":0,"38":0,"39":0,"40":0,"41":1,"42":0,"43":0,"44":0,"45":0,"46":0,"47":0,"48":0,"49":0,"50":0,"51":1,"52":0,"53":0,"54":0,"55":0,"56":0,"57":0},"b":{"1":[0,0],"2":[0,0],"3":[0,0],"4":[0,0],"5":[0,0],"6":[0,0],"7":[0,0],"8":[0,0],"9":[0,0],"10":[0,0],"11":[0,0],"12":[0,0]},"f":{"1":0,"2":0,"3":0,"4":0,"5":0,"6":0,"7":0,"8":0,"9":0,"10":0,"11":0,"12":0,"13":0,"14":0,"15":0,"16":0,"17":0},"fnMap":{"1":{"name":"(anonymous_1)","line":8,"loc":{"start":{"line":8,"column":37},"end":{"line":8,"column":70}}},"2":{"name":"(anonymous_2)","line":11,"loc":{"start":{"line":11,"column":70},"end":{"line":11,"column":92}}},"3":{"name":"(anonymous_3)","line":15,"loc":{"start":{"line":15,"column":69},"end":{"line":15,"column":83}}},"4":{"name":"(anonymous_4)","line":20,"loc":{"start":{"line":20,"column":39},"end":{"line":20,"column":53}}},"5":{"name":"checkPackagesFolder","line":33,"loc":{"start":{"line":33,"column":0},"end":{"line":33,"column":47}}},"6":{"name":"(anonymous_6)","line":34,"loc":{"start":{"line":34,"column":27},"end":{"line":34,"column":56}}},"7":{"name":"(anonymous_7)","line":38,"loc":{"start":{"line":38,"column":40},"end":{"line":38,"column":60}}},"8":{"name":"(anonymous_8)","line":42,"loc":{"start":{"line":42,"column":43},"end":{"line":42,"column":56}}},"9":{"name":"getValidPackageJSON","line":53,"loc":{"start":{"line":53,"column":0},"end":{"line":53,"column":53}}},"10":{"name":"checkValidIfAtlasboardVersionForPackage","line":60,"loc":{"start":{"line":60,"column":0},"end":{"line":60,"column":72}}},"11":{"name":"(anonymous_11)","line":61,"loc":{"start":{"line":61,"column":35},"end":{"line":61,"column":61}}},"12":{"name":"(anonymous_12)","line":66,"loc":{"start":{"line":66,"column":51},"end":{"line":66,"column":87}}},"13":{"name":"install","line":87,"loc":{"start":{"line":87,"column":0},"end":{"line":87,"column":44}}},"14":{"name":"(anonymous_14)","line":94,"loc":{"start":{"line":94,"column":75},"end":{"line":94,"column":94}}},"15":{"name":"executeCommand","line":109,"loc":{"start":{"line":109,"column":0},"end":{"line":109,"column":45}}},"16":{"name":"(anonymous_16)","line":112,"loc":{"start":{"line":112,"column":20},"end":{"line":112,"column":35}}},"17":{"name":"(anonymous_17)","line":115,"loc":{"start":{"line":115,"column":19},"end":{"line":115,"column":35}}}},"statementMap":{"1":{"start":{"line":1,"column":0},"end":{"line":1,"column":29}},"2":{"start":{"line":2,"column":0},"end":{"line":2,"column":23}},"3":{"start":{"line":3,"column":0},"end":{"line":3,"column":27}},"4":{"start":{"line":4,"column":0},"end":{"line":4,"column":31}},"5":{"start":{"line":5,"column":0},"end":{"line":5,"column":44}},"6":{"start":{"line":6,"column":0},"end":{"line":6,"column":31}},"7":{"start":{"line":8,"column":0},"end":{"line":25,"column":2}},"8":{"start":{"line":11,"column":2},"end":{"line":24,"column":5}},"9":{"start":{"line":12,"column":4},"end":{"line":12,"column":37}},"10":{"start":{"line":12,"column":14},"end":{"line":12,"column":35}},"11":{"start":{"line":13,"column":4},"end":{"line":13,"column":35}},"12":{"start":{"line":15,"column":4},"end":{"line":23,"column":7}},"13":{"start":{"line":16,"column":6},"end":{"line":18,"column":7}},"14":{"start":{"line":17,"column":8},"end":{"line":17,"column":29}},"15":{"start":{"line":20,"column":6},"end":{"line":22,"column":9}},"16":{"start":{"line":21,"column":8},"end":{"line":21,"column":22}},"17":{"start":{"line":27,"column":0},"end":{"line":27,"column":60}},"18":{"start":{"line":33,"column":0},"end":{"line":48,"column":1}},"19":{"start":{"line":34,"column":2},"end":{"line":47,"column":5}},"20":{"start":{"line":35,"column":4},"end":{"line":35,"column":31}},"21":{"start":{"line":35,"column":14},"end":{"line":35,"column":29}},"22":{"start":{"line":38,"column":4},"end":{"line":39,"column":54}},"23":{"start":{"line":39,"column":8},"end":{"line":39,"column":51}},"24":{"start":{"line":42,"column":4},"end":{"line":44,"column":7}},"25":{"start":{"line":43,"column":6},"end":{"line":43,"column":84}},"26":{"start":{"line":46,"column":4},"end":{"line":46,"column":29}},"27":{"start":{"line":53,"column":0},"end":{"line":55,"column":1}},"28":{"start":{"line":54,"column":2},"end":{"line":54,"column":52}},"29":{"start":{"line":60,"column":0},"end":{"line":82,"column":1}},"30":{"start":{"line":61,"column":2},"end":{"line":81,"column":5}},"31":{"start":{"line":62,"column":4},"end":{"line":64,"column":5}},"32":{"start":{"line":63,"column":6},"end":{"line":63,"column":27}},"33":{"start":{"line":66,"column":4},"end":{"line":80,"column":7}},"34":{"start":{"line":67,"column":6},"end":{"line":67,"column":108}},"35":{"start":{"line":67,"column":17},"end":{"line":67,"column":106}},"36":{"start":{"line":69,"column":6},"end":{"line":79,"column":7}},"37":{"start":{"line":70,"column":8},"end":{"line":70,"column":97}},"38":{"start":{"line":71,"column":8},"end":{"line":73,"column":108}},"39":{"start":{"line":75,"column":8},"end":{"line":75,"column":34}},"40":{"start":{"line":78,"column":8},"end":{"line":78,"column":23}},"41":{"start":{"line":87,"column":0},"end":{"line":103,"column":1}},"42":{"start":{"line":88,"column":2},"end":{"line":88,"column":31}},"43":{"start":{"line":89,"column":2},"end":{"line":89,"column":33}},"44":{"start":{"line":91,"column":2},"end":{"line":91,"column":48}},"45":{"start":{"line":92,"column":2},"end":{"line":92,"column":49}},"46":{"start":{"line":94,"column":2},"end":{"line":100,"column":5}},"47":{"start":{"line":95,"column":4},"end":{"line":99,"column":5}},"48":{"start":{"line":96,"column":6},"end":{"line":96,"column":88}},"49":{"start":{"line":98,"column":6},"end":{"line":98,"column":74}},"50":{"start":{"line":102,"column":2},"end":{"line":102,"column":26}},"51":{"start":{"line":109,"column":0},"end":{"line":118,"column":1}},"52":{"start":{"line":110,"column":2},"end":{"line":110,"column":46}},"53":{"start":{"line":111,"column":2},"end":{"line":111,"column":64}},"54":{"start":{"line":112,"column":2},"end":{"line":114,"column":5}},"55":{"start":{"line":113,"column":4},"end":{"line":113,"column":18}},"56":{"start":{"line":115,"column":2},"end":{"line":117,"column":5}},"57":{"start":{"line":116,"column":4},"end":{"line":116,"column":25}}},"branchMap":{"1":{"line":12,"type":"if","locations":[{"start":{"line":12,"column":4},"end":{"line":12,"column":4}},{"start":{"line":12,"column":4},"end":{"line":12,"column":4}}]},"2":{"line":16,"type":"if","locations":[{"start":{"line":16,"column":6},"end":{"line":16,"column":6}},{"start":{"line":16,"column":6},"end":{"line":16,"column":6}}]},"3":{"line":35,"type":"if","locations":[{"start":{"line":35,"column":4},"end":{"line":35,"column":4}},{"start":{"line":35,"column":4},"end":{"line":35,"column":4}}]},"4":{"line":43,"type":"binary-expr","locations":[{"start":{"line":43,"column":13},"end":{"line":43,"column":43}},{"start":{"line":43,"column":47},"end":{"line":43,"column":83}}]},"5":{"line":62,"type":"if","locations":[{"start":{"line":62,"column":4},"end":{"line":62,"column":4}},{"start":{"line":62,"column":4},"end":{"line":62,"column":4}}]},"6":{"line":67,"type":"if","locations":[{"start":{"line":67,"column":6},"end":{"line":67,"column":6}},{"start":{"line":67,"column":6},"end":{"line":67,"column":6}}]},"7":{"line":69,"type":"if","locations":[{"start":{"line":69,"column":6},"end":{"line":69,"column":6}},{"start":{"line":69,"column":6},"end":{"line":69,"column":6}}]},"8":{"line":69,"type":"binary-expr","locations":[{"start":{"line":69,"column":10},"end":{"line":69,"column":29}},{"start":{"line":69,"column":33},"end":{"line":69,"column":63}}]},"9":{"line":75,"type":"cond-expr","locations":[{"start":{"line":75,"column":22},"end":{"line":75,"column":26}},{"start":{"line":75,"column":29},"end":{"line":75,"column":32}}]},"10":{"line":92,"type":"cond-expr","locations":[{"start":{"line":92,"column":31},"end":{"line":92,"column":40}},{"start":{"line":92,"column":43},"end":{"line":92,"column":48}}]},"11":{"line":95,"type":"if","locations":[{"start":{"line":95,"column":4},"end":{"line":95,"column":4}},{"start":{"line":95,"column":4},"end":{"line":95,"column":4}}]},"12":{"line":98,"type":"cond-expr","locations":[{"start":{"line":98,"column":28},"end":{"line":98,"column":65}},{"start":{"line":98,"column":68},"end":{"line":98,"column":72}}]}},"code":["var async = require('async');","var fs = require('fs');","var path = require('path');","var _ = require ('underscore');","var readJson = require('read-package-json');","var semver = require('semver');","","module.exports.installDependencies = function (packagesPath, callback){","","  // Process all available package containers","  async.map (packagesPath.filter(fs.existsSync), checkPackagesFolder, function(err, results){","    if (err){ return callback(err); }","    var paths = _.flatten(results);","","    async.eachSeries(paths, checkValidIfAtlasboardVersionForPackage, function (err){","      if (err){","        return callback(err);","      }","","      async.eachSeries(paths, install, function (err){","        callback(err);","      });","    });","  });","};","","var atlasboardPackageJsonPath = path.join(__dirname, '../'); // in both test and production env will be located here.","","/**"," * Search for packages in the current folder"," */","","function checkPackagesFolder (packagesPath, cb){","  fs.readdir(packagesPath, function(err, allPackagesDir){","    if (err){ return cb(err); }","","    // convert to absolute path","    allPackagesDir = allPackagesDir.map(function(partialDir){","        return path.join(packagesPath, partialDir);});","","    // make sure we have package.json file","    allPackagesDir = allPackagesDir.filter(function(dir){","      return fs.statSync(dir).isDirectory() && fs.existsSync(dir + '/package.json');","    });","","    cb(null, allPackagesDir);","  });","}","","/**"," * Install from package folder"," */","function getValidPackageJSON (pathPackage, callback) {","  readJson(pathPackage + '/package.json', callback);","}","","/**"," * Install from package folder"," */","function checkValidIfAtlasboardVersionForPackage (pathPackage, callback){","  getValidPackageJSON(pathPackage, function(err, packageJson){","    if (err){","      return callback(err);","    }","","    getValidPackageJSON(atlasboardPackageJsonPath, function(err, atlasboardPackageJson){","      if (err) { return callback('package.json not found for atlasboard at ' + atlasboardPackageJsonPath); }","","      if (packageJson.engines && packageJson.engines.atlasboard){","        var ok = semver.satisfies(atlasboardPackageJson.version, packageJson.engines.atlasboard);","        var msg = 'Atlasboard version does not satisfy package dependencies at ' +","                  pathPackage + '. Please consider updating your version of atlasboard. Version required: '+","                  packageJson.engines.atlasboard + '. Atlasboard version: ' + atlasboardPackageJson.version;","","        callback(ok ? null : msg);","      }","      else {","        callback(null); // not atlasboard reference in engines node","      }","    });","  });","}","","/**"," * Install from package folder"," */","function install (pathPackageJson, callback){","  var currPath = process.cwd(); // save current path","  process.chdir(pathPackageJson);","  ","  var isWindows = /^win/.test(process.platform);","  var npmCommand = isWindows ? \"npm.cmd\" : \"npm\";","","  executeCommand(npmCommand, [\"install\", \"--production\", pathPackageJson], function(err, code){","    if (err){","      callback('Error installing dependencies for ' + pathPackageJson + '. err:' + err);","    } else {","      callback(code !== 0 ? 'error installing ' + pathPackageJson : null);","    }","  });","","  process.chdir(currPath); //restore path","}","","/**"," * Executes a command in a childProcess"," */","","function executeCommand(cmd, args, callback) {","  var childProcess = require('child_process');","  var child = childProcess.spawn(cmd, args, {stdio: 'inherit'});","  child.on('error', function (err) {","    callback(err);","  });","  child.on('exit', function (code) {","    callback(null, code);","  });","}"],"l":{"1":1,"2":1,"3":1,"4":1,"5":1,"6":1,"8":1,"11":0,"12":0,"13":0,"15":0,"16":0,"17":0,"20":0,"21":0,"27":1,"33":1,"34":0,"35":0,"38":0,"39":0,"42":0,"43":0,"46":0,"53":1,"54":0,"60":1,"61":0,"62":0,"63":0,"66":0,"67":0,"69":0,"70":0,"71":0,"75":0,"78":0,"87":1,"88":0,"89":0,"91":0,"92":0,"94":0,"95":0,"96":0,"98":0,"102":0,"109":1,"110":0,"111":0,"112":0,"113":0,"115":0,"116":0}},"/home/travis/build/npmtest/node-npmtest-atlasboard/node_modules/atlasboard/lib/webapp/server.js":{"path":"/home/travis/build/npmtest/node-npmtest-atlasboard/node_modules/atlasboard/lib/webapp/server.js","s":{"1":1,"2":1,"3":1,"4":1,"5":1,"6":1,"7":1,"8":1,"9":1,"10":1,"11":1,"12":1,"13":0,"14":0,"15":0,"16":0,"17":0,"18":0,"19":0,"20":0,"21":0,"22":0,"23":0,"24":0,"25":0,"26":0,"27":0,"28":0,"29":0,"30":0,"31":0,"32":0},"b":{"1":[0,0]},"f":{"1":0},"fnMap":{"1":{"name":"(anonymous_1)","line":13,"loc":{"start":{"line":13,"column":27},"end":{"line":13,"column":51}}}},"statementMap":{"1":{"start":{"line":1,"column":0},"end":{"line":1,"column":27}},"2":{"start":{"line":2,"column":0},"end":{"line":2,"column":27}},"3":{"start":{"line":3,"column":0},"end":{"line":3,"column":48}},"4":{"start":{"line":4,"column":0},"end":{"line":4,"column":31}},"5":{"start":{"line":5,"column":0},"end":{"line":5,"column":41}},"6":{"start":{"line":6,"column":0},"end":{"line":6,"column":40}},"7":{"start":{"line":7,"column":0},"end":{"line":7,"column":43}},"8":{"start":{"line":8,"column":0},"end":{"line":8,"column":34}},"9":{"start":{"line":9,"column":0},"end":{"line":9,"column":33}},"10":{"start":{"line":10,"column":0},"end":{"line":10,"column":36}},"11":{"start":{"line":11,"column":0},"end":{"line":11,"column":49}},"12":{"start":{"line":13,"column":0},"end":{"line":51,"column":2}},"13":{"start":{"line":15,"column":2},"end":{"line":15,"column":36}},"14":{"start":{"line":17,"column":2},"end":{"line":17,"column":68}},"15":{"start":{"line":18,"column":2},"end":{"line":18,"column":61}},"16":{"start":{"line":20,"column":2},"end":{"line":20,"column":70}},"17":{"start":{"line":22,"column":2},"end":{"line":22,"column":32}},"18":{"start":{"line":24,"column":2},"end":{"line":24,"column":51}},"19":{"start":{"line":25,"column":2},"end":{"line":25,"column":25}},"20":{"start":{"line":26,"column":2},"end":{"line":26,"column":52}},"21":{"start":{"line":27,"column":2},"end":{"line":27,"column":29}},"22":{"start":{"line":28,"column":2},"end":{"line":28,"column":28}},"23":{"start":{"line":29,"column":2},"end":{"line":29,"column":26}},"24":{"start":{"line":31,"column":2},"end":{"line":34,"column":6}},"25":{"start":{"line":40,"column":2},"end":{"line":40,"column":45}},"26":{"start":{"line":41,"column":2},"end":{"line":41,"column":48}},"27":{"start":{"line":42,"column":2},"end":{"line":42,"column":50}},"28":{"start":{"line":44,"column":2},"end":{"line":44,"column":40}},"29":{"start":{"line":46,"column":2},"end":{"line":46,"column":66}},"30":{"start":{"line":47,"column":2},"end":{"line":49,"column":3}},"31":{"start":{"line":48,"column":4},"end":{"line":48,"column":64}},"32":{"start":{"line":50,"column":2},"end":{"line":50,"column":20}}},"branchMap":{"1":{"line":47,"type":"if","locations":[{"start":{"line":47,"column":2},"end":{"line":47,"column":2}},{"start":{"line":47,"column":2},"end":{"line":47,"column":2}}]}},"code":["var http = require('http');","var path = require('path');","var methodOverride = require('method-override');","var morgan = require('morgan');","var compression = require('compression');","var bodyParser = require('body-parser');","var errorhandler = require('errorhandler');","var stylus = require('../stylus');","var express = require('express');","var routes = require('./routes.js');","var configManager = require('../config-manager');","","exports = module.exports = function (app, options) {","","  http.globalAgent.maxSockets = 100;","","  var atlasboardAssetsFolder = path.join(__dirname, \"../../assets\");","  var localAssetsFolder = path.join(process.cwd(), \"assets\");","","  var compiledAssetsFolder = path.join(localAssetsFolder, 'compiled');","","  app.set('port', options.port);","","  app.use(morgan(configManager('logging').morgan));","  app.use(compression());","  app.use(bodyParser.urlencoded({extended: false}));","  app.use(bodyParser.json());","  app.use(methodOverride());","  app.use(errorhandler());","","  app.use(stylus.getMiddleware({","    src: atlasboardAssetsFolder,","    dest: compiledAssetsFolder","  }));","","  // -----------------------------------------","  //  Expose both wallboard and Atlasboard assets.","  //  Local wallboard assets take precedence","  // -----------------------------------------","  app.use(express.static(localAssetsFolder));","  app.use(express.static(compiledAssetsFolder));","  app.use(express.static(atlasboardAssetsFolder));","","  routes(app, options.packageLocations);","","  var httpServer = http.createServer(app).listen(app.get('port'));","  if (!app.get('port')) {","    throw ('Error binding http server to port ' + options.port);","  }","  return httpServer;","};"],"l":{"1":1,"2":1,"3":1,"4":1,"5":1,"6":1,"7":1,"8":1,"9":1,"10":1,"11":1,"13":1,"15":0,"17":0,"18":0,"20":0,"22":0,"24":0,"25":0,"26":0,"27":0,"28":0,"29":0,"31":0,"40":0,"41":0,"42":0,"44":0,"46":0,"47":0,"48":0,"50":0}},"/home/travis/build/npmtest/node-npmtest-atlasboard/node_modules/atlasboard/lib/stylus.js":{"path":"/home/travis/build/npmtest/node-npmtest-atlasboard/node_modules/atlasboard/lib/stylus.js","s":{"1":1,"2":1,"3":1,"4":1,"5":1,"6":1,"7":1,"8":1,"9":1,"10":1,"11":1,"12":1,"13":1,"14":0,"15":0,"16":0,"17":0,"18":0,"19":0,"20":0,"21":0,"22":0,"23":1,"24":0,"25":0,"26":0,"27":0,"28":0},"b":{"1":[0,0],"2":[0,0]},"f":{"1":1,"2":0,"3":0,"4":0,"5":0},"fnMap":{"1":{"name":"(anonymous_1)","line":9,"loc":{"start":{"line":9,"column":28},"end":{"line":9,"column":40}}},"2":{"name":"getStylusObject","line":18,"loc":{"start":{"line":18,"column":2},"end":{"line":18,"column":32}}},"3":{"name":"(anonymous_3)","line":40,"loc":{"start":{"line":40,"column":19},"end":{"line":40,"column":38}}},"4":{"name":"(anonymous_4)","line":45,"loc":{"start":{"line":45,"column":17},"end":{"line":45,"column":42}}},"5":{"name":"(anonymous_5)","line":63,"loc":{"start":{"line":63,"column":18},"end":{"line":63,"column":37}}}},"statementMap":{"1":{"start":{"line":1,"column":0},"end":{"line":1,"column":23}},"2":{"start":{"line":2,"column":0},"end":{"line":2,"column":27}},"3":{"start":{"line":3,"column":0},"end":{"line":3,"column":31}},"4":{"start":{"line":4,"column":0},"end":{"line":4,"column":25}},"5":{"start":{"line":5,"column":0},"end":{"line":5,"column":48}},"6":{"start":{"line":6,"column":0},"end":{"line":6,"column":46}},"7":{"start":{"line":7,"column":0},"end":{"line":7,"column":40}},"8":{"start":{"line":9,"column":0},"end":{"line":68,"column":5}},"9":{"start":{"line":11,"column":2},"end":{"line":11,"column":47}},"10":{"start":{"line":13,"column":2},"end":{"line":13,"column":100}},"11":{"start":{"line":14,"column":2},"end":{"line":14,"column":104}},"12":{"start":{"line":16,"column":2},"end":{"line":16,"column":95}},"13":{"start":{"line":18,"column":2},"end":{"line":30,"column":3}},"14":{"start":{"line":19,"column":4},"end":{"line":19,"column":30}},"15":{"start":{"line":20,"column":4},"end":{"line":20,"column":33}},"16":{"start":{"line":22,"column":4},"end":{"line":28,"column":5}},"17":{"start":{"line":23,"column":6},"end":{"line":23,"column":49}},"18":{"start":{"line":24,"column":6},"end":{"line":24,"column":33}},"19":{"start":{"line":25,"column":11},"end":{"line":28,"column":5}},"20":{"start":{"line":26,"column":6},"end":{"line":26,"column":59}},"21":{"start":{"line":27,"column":6},"end":{"line":27,"column":38}},"22":{"start":{"line":29,"column":4},"end":{"line":29,"column":19}},"23":{"start":{"line":32,"column":2},"end":{"line":66,"column":4}},"24":{"start":{"line":41,"column":6},"end":{"line":54,"column":9}},"25":{"start":{"line":46,"column":10},"end":{"line":46,"column":45}},"26":{"start":{"line":47,"column":10},"end":{"line":50,"column":26}},"27":{"start":{"line":52,"column":10},"end":{"line":52,"column":25}},"28":{"start":{"line":64,"column":6},"end":{"line":64,"column":38}}},"branchMap":{"1":{"line":22,"type":"if","locations":[{"start":{"line":22,"column":4},"end":{"line":22,"column":4}},{"start":{"line":22,"column":4},"end":{"line":22,"column":4}}]},"2":{"line":25,"type":"if","locations":[{"start":{"line":25,"column":11},"end":{"line":25,"column":11}},{"start":{"line":25,"column":11},"end":{"line":25,"column":11}}]}},"code":["var fs = require('fs');","var path = require('path');","var stylus = require('stylus');","var nib = require('nib');","var configManager = require('./config-manager');","var pathResolver = require('./path-resolver');","var debug = require('debug')('theming');","","exports = module.exports = (function () {","","  var themingConfig = configManager('theming');","","  var localTheme = pathResolver.fromLocalWallboard('themes', themingConfig.theme, 'variables.styl');","  var atlasboardTheme = pathResolver.fromAtlasboard('../themes', themingConfig.theme, 'variables.styl');","","  var defaultTheme = pathResolver.fromAtlasboard('../assets', 'stylesheets', 'variables.styl');","","  function getStylusObject(str) {","    var stylObj = stylus(str);","    stylObj.import(defaultTheme); // import default core stylus variables","","    if (fs.existsSync(localTheme)) { // try importing local theme first","      debug('importing local theme', localTheme);","      stylObj.import(localTheme);","    } else if (fs.existsSync(atlasboardTheme)) { // try importing from atlasboard's theme folder","      debug('importing atlasboard theme', atlasboardTheme);","      stylObj.import(atlasboardTheme);","    }","    return stylObj;","  }","","  return {","","    /**","     * Returns stylus middleware configured to use Atlasboard themes","     * @param options","     * @returns {*}","     */","","    getMiddleware: function (options) {","      return stylus.middleware({","        src: options.src,","        dest: options.dest,","","        compile: function (str, filePath) {","          var stylObj = getStylusObject(str);","          stylObj.set('filename', filePath)","              .set('warn', false)","              .set('compress', true)","              .use(nib());","","          return stylObj;","        }","      });","    },","","    /**","     * Process widget stylus","     * @param str","     * @param cb","     */","","    getWidgetCSS: function (str, cb) {","      getStylusObject(str).render(cb);","    }","  };","","})();"],"l":{"1":1,"2":1,"3":1,"4":1,"5":1,"6":1,"7":1,"9":1,"11":1,"13":1,"14":1,"16":1,"18":1,"19":0,"20":0,"22":0,"23":0,"24":0,"25":0,"26":0,"27":0,"29":0,"32":1,"41":0,"46":0,"47":0,"52":0,"64":0}},"/home/travis/build/npmtest/node-npmtest-atlasboard/node_modules/atlasboard/lib/config-manager.js":{"path":"/home/travis/build/npmtest/node-npmtest-atlasboard/node_modules/atlasboard/lib/config-manager.js","s":{"1":1,"2":1,"3":1,"4":1,"5":1,"6":1,"7":4,"8":4,"9":4,"10":2,"11":2,"12":1,"13":2,"14":2,"15":2,"16":0,"17":0,"18":0,"19":0,"20":0,"21":0,"22":0,"23":2,"24":2,"25":2},"b":{"1":[4,0],"2":[2,2],"3":[0,2],"4":[0,0]},"f":{"1":2,"2":4,"3":2},"fnMap":{"1":{"name":"(anonymous_1)","line":6,"loc":{"start":{"line":6,"column":27},"end":{"line":6,"column":53}}},"2":{"name":"readConfigIfExists","line":8,"loc":{"start":{"line":8,"column":2},"end":{"line":8,"column":40}}},"3":{"name":"readEnv","line":18,"loc":{"start":{"line":18,"column":2},"end":{"line":18,"column":21}}}},"statementMap":{"1":{"start":{"line":1,"column":0},"end":{"line":1,"column":23}},"2":{"start":{"line":2,"column":0},"end":{"line":2,"column":27}},"3":{"start":{"line":3,"column":0},"end":{"line":3,"column":30}},"4":{"start":{"line":4,"column":0},"end":{"line":4,"column":47}},"5":{"start":{"line":6,"column":0},"end":{"line":44,"column":2}},"6":{"start":{"line":8,"column":2},"end":{"line":16,"column":3}},"7":{"start":{"line":9,"column":4},"end":{"line":11,"column":5}},"8":{"start":{"line":10,"column":6},"end":{"line":10,"column":34}},"9":{"start":{"line":12,"column":4},"end":{"line":14,"column":5}},"10":{"start":{"line":13,"column":6},"end":{"line":13,"column":31}},"11":{"start":{"line":15,"c
[...]
:53,"column":8},"end":{"line":53,"column":8}}]},"5":{"line":67,"type":"if","locations":[{"start":{"line":67,"column":4},"end":{"line":67,"column":4}},{"start":{"line":67,"column":4},"end":{"line":67,"column":4}}]},"6":{"line":76,"type":"if","locations":[{"start":{"line":76,"column":4},"end":{"line":76,"column":4}},{"start":{"line":76,"column":4},"end":{"line":76,"column":4}}]},"7":{"line":88,"type":"if","locations":[{"start":{"line":88,"column":6},"end":{"line":88,"column":6}},{"start":{"line":88,"column":6},"end":{"line":88,"column":6}}]},"8":{"line":94,"type":"if","locations":[{"start":{"line":94,"column":6},"end":{"line":94,"column":6}},{"start":{"line":94,"column":6},"end":{"line":94,"column":6}}]},"9":{"line":114,"type":"if","locations":[{"start":{"line":114,"column":2},"end":{"line":114,"column":2}},{"start":{"line":114,"column":2},"end":{"line":114,"column":2}}]},"10":{"line":117,"type":"if","locations":[{"start":{"line":117,"column":7},"end":{"line":117,"column":7}},{"start":{"line":117,"column":7},"end":{"line":117,"column":7}}]}},"code":["/**"," * Job scheduler"," *"," * @param jobWorker"," * @constructor"," */","","function Scheduler(jobWorker) {","  this.jobWorker = ensureSafeJobWorkerConfiguration(jobWorker);","  this.originalInterval = jobWorker.config.interval;","}","","exports = module.exports = Scheduler;","","/**"," * Schedules next job execution based on job's interval"," */","","Scheduler.prototype.scheduleNext = function(){","  var self = this;","  setTimeout(function(){","    self.start();","  }, this.jobWorker.config.interval);","};","","/**"," * Run job and schedule next"," */","","Scheduler.prototype.start = function() {","","  var self = this;","  var job = self.jobWorker;","","  function handleError(err) {","","    job.dependencies.logger.error('executed with errors: ' + err);","","    // in case of error retry in one third of the original interval or 1 min, whatever is lower","    job.config.interval = Math.min(self.originalInterval / 3, 60000);","","    // -------------------------------------------------------------","    // Decide if we hold error notification according to widget config.","    // if the retryOnErrorTimes property found in config, the error notification","    // won´t be sent until we reach that number of consecutive errrors.","    // This will prevent showing too many error when connection to flaky, unreliable","    // servers.","    // -------------------------------------------------------------","    var sendError = true;","    if (job.firstRun === false) {","      if (job.config.retryOnErrorTimes) {","        job.retryOnErrorCounter = job.retryOnErrorCounter || 0;","        if (job.retryOnErrorCounter <= job.config.retryOnErrorTimes) {","          job.dependencies.logger.warn('widget with retryOnErrorTimes. attempts: ' +","              job.retryOnErrorCounter);","          sendError = false;","          job.retryOnErrorCounter++;","        }","      }","    }","    else {","      // this is the first run for this job so if it fails, we want to inform immediately","      // since it may be a configuration or dev related problem.","      job.firstRun = false;","    }","","    if (sendError) {","      job.pushUpdate({error: err, config: {interval: job.config.interval}});","    }","  }","","  function handleSuccess(data) {","    job.retryOnErrorCounter = 0; //reset error counter on success","    job.dependencies.logger.log('executed OK');","    job.config.interval = self.originalInterval;","    if (!data) {","      data = {};","    }","    data.config = {interval: job.config.interval}; // give access to interval to client","    job.pushUpdate(data);","  }","","  try {","","    var cbCalled = false; // job_callback is meant to be executed only once per job run","","    function jobCallback (err, data){","      if (cbCalled) {","        job.dependencies.logger.warn('WARNING!!!!: job_callback executed more than once for job ' +","        job.widget_item.job + ' in dashboard ' + job.dashboard_name);","      }","      cbCalled = true;","","      if (err) {","        handleError(err);","      }","      else {","        handleSuccess(data);","      }","      self.scheduleNext();","    }","","    job.onRun.call(job, job.config, job.dependencies, jobCallback);","","  }","  catch (e) {","    job.dependencies.logger.error('Uncaught exception executing job: ' + e);","    handleError(e);","    self.scheduleNext();","  }","};","","function ensureSafeJobWorkerConfiguration(jobWorker) {","  if (!jobWorker.config.interval) {","    jobWorker.config.interval = 60 * 1000; // default to 60 secs if not provided","  }","  else if (jobWorker.config.interval < 1000) {","    jobWorker.config.interval = 1000; // minimum 1 sec","  }","","  return jobWorker;","}"],"l":{"8":1,"9":0,"10":0,"13":1,"19":1,"20":0,"21":0,"22":0,"30":1,"32":0,"33":0,"35":1,"37":0,"40":0,"49":0,"50":0,"51":0,"52":0,"53":0,"54":0,"56":0,"57":0,"64":0,"67":0,"68":0,"72":1,"73":0,"74":0,"75":0,"76":0,"77":0,"79":0,"80":0,"83":0,"85":0,"87":1,"88":0,"89":0,"92":0,"94":0,"95":0,"98":0,"100":0,"103":0,"107":0,"108":0,"109":0,"113":1,"114":0,"115":0,"117":0,"118":0,"121":0}},"/home/travis/build/npmtest/node-npmtest-atlasboard/node_modules/atlasboard/lib/job-dependencies/loader.js":{"path":"/home/travis/build/npmtest/node-npmtest-atlasboard/node_modules/atlasboard/lib/job-dependencies/loader.js","s":{"1":1,"2":1,"3":1,"4":0,"5":0,"6":0,"7":0,"8":0,"9":0,"10":0,"11":0,"12":0,"13":0},"b":{"1":[0,0]},"f":{"1":0},"fnMap":{"1":{"name":"(anonymous_1)","line":4,"loc":{"start":{"line":4,"column":34},"end":{"line":4,"column":61}}}},"statementMap":{"1":{"start":{"line":1,"column":0},"end":{"line":1,"column":27}},"2":{"start":{"line":2,"column":0},"end":{"line":2,"column":23}},"3":{"start":{"line":4,"column":0},"end":{"line":23,"column":2}},"4":{"start":{"line":6,"column":2},"end":{"line":6,"column":30}},"5":{"start":{"line":8,"column":2},"end":{"line":8,"column":52}},"6":{"start":{"line":9,"column":2},"end":{"line":21,"column":3}},"7":{"start":{"line":10,"column":4},"end":{"line":10,"column":64}},"8":{"start":{"line":11,"column":4},"end":{"line":11,"column":39}},"9":{"start":{"line":12,"column":4},"end":{"line":20,"column":5}},"10":{"start":{"line":13,"column":6},"end":{"line":19,"column":7}},"11":{"start":{"line":14,"column":8},"end":{"line":14,"column":61}},"12":{"start":{"line":15,"column":8},"end":{"line":15,"column":89}},"13":{"start":{"line":18,"column":8},"end":{"line":18,"column":84}}},"branchMap":{"1":{"line":12,"type":"if","locations":[{"start":{"line":12,"column":4},"end":{"line":12,"column":4}},{"start":{"line":12,"column":4},"end":{"line":12,"column":4}}]}},"code":["var path = require('path');","var fs = require('fs');","","module.exports.fillDependencies = function (jobWorker, deps) {","","  jobWorker.dependencies = {};","","  var dependencyFolders = fs.readdirSync(__dirname);","  for (var i = dependencyFolders.length - 1; i >= 0; i--) {","    var folderPath = path.join(__dirname, dependencyFolders[i]);","    var stat = fs.statSync(folderPath);","    if (stat.isDirectory()) {","      try {","        var depPath = path.join(folderPath, 'dependency.js');","        jobWorker.dependencies[dependencyFolders[i]] = require(depPath)(jobWorker, deps);","      }","      catch (e) {","        throw 'error resolving dependency ' + dependencyFolders[i] + '. ERROR:' + e;","      }","    }","  }","","};"],"l":{"1":1,"2":1,"4":1,"6":0,"8":0,"9":0,"10":0,"11":0,"12":0,"13":0,"14":0,"15":0,"18":0}},"/home/travis/build/npmtest/node-npmtest-atlasboard/node_modules/atlasboard/config/auth.js":{"path":"/home/travis/build/npmtest/node-npmtest-atlasboard/node_modules/atlasboard/config/auth.js","s":{"1":1},"b":{},"f":{},"fnMap":{},"statementMap":{"1":{"start":{"line":1,"column":0},"end":{"line":3,"column":2}}},"branchMap":{},"code":["module.exports = {","  \"authenticationFilePath\": \"globalAuth.json\"","};",""],"l":{"1":1}},"/home/travis/build/npmtest/node-npmtest-atlasboard/node_modules/atlasboard/gulpfile.js":{"path":"/home/travis/build/npmtest/node-npmtest-atlasboard/node_modules/atlasboard/gulpfile.js","s":{"1":2,"2":0,"3":0,"4":0,"5":0,"6":0,"7":0,"8":0,"9":0,"10":0,"11":0,"12":0,"13":0,"14":0,"15":0,"16":0,"17":0,"18":0,"19":0,"20":0,"21":0,"22":0,"23":0,"24":0,"25":0},"b":{},"f":{"1":0,"2":0,"3":0,"4":0,"5":0},"fnMap":{"1":{"name":"(anonymous_1)","line":22,"loc":{"start":{"line":22,"column":12},"end":{"line":22,"column":24}}},"2":{"name":"(anonymous_2)","line":27,"loc":{"start":{"line":27,"column":25},"end":{"line":27,"column":37}}},"3":{"name":"(anonymous_3)","line":35,"loc":{"start":{"line":35,"column":19},"end":{"line":35,"column":31}}},"4":{"name":"(anonymous_4)","line":43,"loc":{"start":{"line":43,"column":19},"end":{"line":43,"column":31}}},"5":{"name":"(anonymous_5)","line":48,"loc":{"start":{"line":48,"column":13},"end":{"line":48,"column":25}}}},"statementMap":{"1":{"start":{"line":1,"column":0},"end":{"line":1,"column":27}},"2":{"start":{"line":2,"column":0},"end":{"line":2,"column":45}},"3":{"start":{"line":3,"column":0},"end":{"line":3,"column":36}},"4":{"start":{"line":4,"column":0},"end":{"line":4,"column":34}},"5":{"start":{"line":5,"column":0},"end":{"line":5,"column":34}},"6":{"start":{"line":6,"column":0},"end":{"line":17,"column":3}},"7":{"start":{"line":19,"column":0},"end":{"line":19,"column":101}},"8":{"start":{"line":20,"column":0},"end":{"line":20,"column":57}},"9":{"start":{"line":22,"column":0},"end":{"line":25,"column":2}},"10":{"start":{"line":23,"column":2},"end":{"line":23,"column":57}},"11":{"start":{"line":24,"column":2},"end":{"line":24,"column":46}},"12":{"start":{"line":27,"column":0},"end":{"line":33,"column":2}},"13":{"start":{"line":28,"column":2},"end":{"line":32,"column":39}},"14":{"start":{"line":35,"column":0},"end":{"line":41,"column":2}},"15":{"start":{"line":36,"column":2},"end":{"line":40,"column":39}},"16":{"start":{"line":43,"column":0},"end":{"line":46,"column":2}},"17":{"start":{"line":44,"column":2},"end":{"line":45,"column":39}},"18":{"start":{"line":48,"column":0},"end":{"line":89,"column":2}},"19":{"start":{"line":49,"column":2},"end":{"line":88,"column":34}},"20":{"start":{"line":91,"column":0},"end":{"line":91,"column":36}},"21":{"start":{"line":92,"column":0},"end":{"line":92,"column":49}},"22":{"start":{"line":93,"column":0},"end":{"line":93,"column":26}},"23":{"start":{"line":94,"column":0},"end":{"line":94,"column":32}},"24":{"start":{"line":96,"column":0},"end":{"line":96,"column":26}},"25":{"start":{"line":97,"column":0},"end":{"line":97,"column":58}}},"branchMap":{},"code":["var gulp = require('gulp');","var plugins = require('gulp-load-plugins')();","var eslint = require('gulp-eslint');","var watch = require('gulp-watch');","var mocha = require('gulp-mocha');","var bowerFiles = require('bower-files')({","  overrides: {","    gridster: {","      main: './dist/jquery.gridster.with-extras.js',","      dependencies: {}","    },","    rickshaw: {","      main: './dist/rickshaw.js',","      dependencies: {}","    }","  }","});","","var watchForClientJSFiles = ['assets/javascripts/application.js', 'assets/javascripts/plugins/*.js'];","var watchForServerJSFiles = ['test/*.js', 'lib/**/*.js'];","","var watch = function () {","  gulp.watch(watchForClientJSFiles, ['build-client-js']);","  gulp.watch(watchForServerJSFiles, ['unit']);","};","","var buildApplicationJS = function () {","  return gulp.src(watchForClientJSFiles)","      .pipe(plugins.filter('*.js'))","      .pipe(plugins.uglify())","      .pipe(plugins.concat('app.js'))","      .pipe(gulp.dest('assets/build'));","};","","var buildBowerJS = function () {","  return gulp.src(bowerFiles.ext('js').files)","      .pipe(plugins.filter('*.js'))","      .pipe(plugins.uglify())","      .pipe(plugins.concat('vendor.js'))","      .pipe(gulp.dest('assets/build'));","};","","var runUnitTests = function () {","  return gulp.src('test/*.js')","      .pipe(mocha({reporter: 'list'}));","};","","var lintJS = function () {","  return gulp.src([","    'lib/**/*.js',","    'assets/javascripts/*.js'","  ])","      .pipe(eslint({","        'rules': {","          'no-alert': 0,","          'no-bitwise': 0,","          'camelcase': 1,","          'curly': 1,","          'eqeqeq': 0,","          'no-eq-null': 0,","          'guard-for-in': 1,","          'no-empty': 1,","          'no-use-before-define': 0,","          'no-obj-calls': 2,","          'no-unused-vars': 0,","          'new-cap': 1,","          'no-shadow': 0,","          'strict': 0,","          'no-invalid-regexp': 2,","          'comma-dangle': 2,","          'no-undef': 1,","          'no-new': 1,","          'no-extra-semi': 1,","          'no-debugger': 2,","          'no-caller': 1,","          'semi': 1,","          'quotes': 0,","          'no-unreachable': 2","        },","        'globals': {","          '$': false","        },","        'env': {","          'node': true","        }","      }))","      .pipe(eslint.format())","      .pipe(eslint.failOnError());","};","","gulp.task('bower-js', buildBowerJS);","gulp.task('build-client-js', buildApplicationJS);","gulp.task('lint', lintJS);","gulp.task('unit', runUnitTests);","","gulp.task('watch', watch);","gulp.task('default', ['lint', 'unit', 'build-client-js']);"],"l":{"1":2,"2":0,"3":0,"4":0,"5":0,"6":0,"19":0,"20":0,"22":0,"23":0,"24":0,"27":0,"28":0,"35":0,"36":0,"43":0,"44":0,"48":0,"49":0,"91":0,"92":0,"93":0,"94":0,"96":0,"97":0}},"/home/travis/build/npmtest/node-npmtest-atlasboard/node_modules/atlasboard/lib/hipchat.js":{"path":"/home/travis/build/npmtest/node-npmtest-atlasboard/node_modules/atlasboard/lib/hipchat.js","s":{"1":1,"2":1,"3":1,"4":0,"5":0,"6":0,"7":0,"8":0,"9":0,"10":0,"11":0,"12":0,"13":0,"14":0,"15":0,"16":0,"17":0,"18":0,"19":0,"20":0,"21":0,"22":0},"b":{"1":[0,0],"2":[0,0],"3":[0,0],"4":[0,0],"5":[0,0,0],"6":[0,0],"7":[0,0],"8":[0,0]},"f":{"1":0,"2":0,"3":0,"4":0,"5":0},"fnMap":{"1":{"name":"(anonymous_1)","line":4,"loc":{"start":{"line":4,"column":24},"end":{"line":4,"column":42}}},"2":{"name":"(anonymous_2)","line":21,"loc":{"start":{"line":21,"column":26},"end":{"line":21,"column":46}}},"3":{"name":"(anonymous_3)","line":22,"loc":{"start":{"line":22,"column":11},"end":{"line":22,"column":42}}},"4":{"name":"(anonymous_4)","line":45,"loc":{"start":{"line":45,"column":16},"end":{"line":45,"column":66}}},"5":{"name":"(anonymous_5)","line":66,"loc":{"start":{"line":66,"column":17},"end":{"line":66,"column":44}}}},"statementMap":{"1":{"start":{"line":1,"column":0},"end":{"line":1,"column":41}},"2":{"start":{"line":2,"column":0},"end":{"line":2,"column":37}},"3":{"start":{"line":4,"column":0},"end":{"line":71,"column":2}},"4":{"start":{"line":5,"column":2},"end":{"line":5,"column":55}},"5":{"start":{"line":7,"column":2},"end":{"line":9,"column":3}},"6":{"start":{"line":8,"column":4},"end":{"line":8,"column":29}},"7":{"start":{"line":11,"column":2},"end":{"line":19,"column":4}},"8":{"start":{"line":21,"column":2},"end":{"line":34,"column":4}},"9":{"start":{"line":22,"column":4},"end":{"line":33,"column":6}},"10":{"start":{"line":23,"column":6},"end":{"line":32,"column":7}},"11":{"start":{"line":24,"column":8},"end":{"line":24,"column":26}},"12":{"start":{"line":25,"column":8},"end":{"line":30,"column":9}},"13":{"start":{"line":26,"column":10},"end":{"line":26,"column":23}},"14":{"start":{"line":27,"column":10},"end":{"line":29,"column":11}},"15":{"start":{"line":28,"column":12},"end":{"line":28,"column":70}},"16":{"start":{"line":31,"column":8},"end":{"line":31,"column":70}},"17":{"start":{"line":36,"column":2},"end":{"line":70,"column":4}},"18":{"start":{"line":46,"column":6},"end":{"line":46,"column":87}},"19":{"start":{"line":48,"column":6},"end":{"line":53,"column":8}},"20":{"start":{"line":55,"column":6},"end":{"line":59,"column":40}},"21":{"start":{"line":67,"column":6},"end":{"line":67,"column":93}},"22":{"start":{"line":68,"column":6},"end":{"line":68,"column":70}}},"branchMap":{"1":{"line":5,"type":"binary-expr","locations":[{"start":{"line":5,"column":16},"end":{"line":5,"column":31}},{"start":{"line":5,"column":35},"end":{"line":5,"column":54}}]},"2":{"line":7,"type":"if","locations":[{"start":{"line":7,"column":2},"end":{"line":7,"column":2}},{"start":{"line":7,"column":2},"end":{"line":7,"column":2}}]},"3":{"line":23,"type":"if","locations":[{"start":{"line":23,"column":6},"end":{"line":23,"column":6}},{"start":{"line":23,"column":6},"end":{"line":23,"column":6}}]},"4":{"line":25,"type":"if","locations":[{"start":{"line":25,"column":8},"end":{"line":25,"column":8}},{"start":{"line":25,"column":8},"end":{"line":25,"column":8}}]},"5":{"line":25,"type":"binary-expr","locations":[{"start":{"line":25,"column":12},"end":{"line":25,"column":15}},{"start":{"line":25,"column":19},"end":{"line":25,"column":28}},{"start":{"line":25,"column":32},"end":{"line":25,"column":58}}]},"6":{"line":27,"type":"if","locations":[{"start":{"line":27,"column":10},"end":{"line":27,"column":10}},{"start":{"line":27,"column":10},"end":{"line":27,"column":10}}]},"7":{"line":27,"type":"binary-expr","locations":[{"start":{"line":27,"column":14},"end":{"line":27,"column":22}},{"start":{"line":27,"column":26},"end":{"line":27,"column":53}}]},"8":{"line":31,"type":"cond-expr","locations":[{"start":{"line":31,"column":36},"end":{"line":31,"column":55}},{"start":{"line":31,"column":58},"end":{"line":31,"column":62}}]}},"code":["var API_URL = 'https://api.hipchat.com/';","var qstring = require('querystring');","","module.exports.create = function(options) {","  var request = options.request || require ('request');","","  if (!options.api_key){","    throw 'api_key required';","  }","","  var errors = {","    400: 'Bad request. Please check your data',","    401: 'Unauthorized: API KEY not valid',","    403: 'You have exceeded the rate limit',","    404: 'Not found',","    406: 'You requested an invalid content type',","    500: 'Server Error',","    503: 'The method you requested is currently unavailable (due to maintenance or high load'","  };","","  var onResponseBuilder = function (callback) {","    return function (err, response, body) {","      if (callback) {","        var errMsg = null;","        if (err || !response || response.statusCode != 200) {","          errMsg = err;","          if (response && errors[response.statusCode]) {","            errMsg += ' ' + errors[response.statusCode] + '; ' + body;","          }","        }","        callback(errMsg, response ? response.statusCode : null, body);","      }","    };","  };","","  return {","    /**","     * Push message to HipChat server","     * @param roomId id of the room (number)","     * @param from sender name","     * @param message body of the message","     * @param notify should trigger a room notification? values: 1,0","     * @param callback a callback to be executed when complete","     */","    'message' : function (roomId, from, message, notify, callback){","      var url = API_URL + 'v1/rooms/message?format=json&auth_token=' + options.api_key;","","      var data = {","        'room_id' : roomId,","        'from' : from,","        'message' : message,","        'notify' : notify","      };","","      request.post({","          url: url,","          headers:{'content-type': 'application/x-www-form-urlencoded'},","          body: qstring.stringify(data)","        }, onResponseBuilder(callback));","    },","    /**","     * Get a room info from hipchat","     * @param roomId id of the room (number)","     * @param callback a callback to be executed when complete","     */","    'roomInfo' : function (roomId, callback){","      var url = API_URL + 'v2/room/' + roomId + '?format=json&auth_token=' + options.api_key;","      request.get({url: url, json:true}, onResponseBuilder(callback));","    }","  };","};"],"l":{"1":1,"2":1,"4":1,"5":0,"7":0,"8":0,"11":0,"21":0,"22":0,"23":0,"24":0,"25":0,"26":0,"27":0,"28":0,"31":0,"36":0,"46":0,"48":0,"55":0,"67":0,"68":0}}}