{"/home/travis/build/npmtest/node-npmtest-atlasboard/test.js":{"path":"/home/travis/build/npmtest/node-npmtest-atlasboard/test.js","s":{"1":2,"2":2,"3":2,"4":2,"5":2,"6":2,"7":2,"8":1,"9":2,"10":2,"11":1,"12":1,"13":1,"14":1,"15":2,"16":2,"17":2,"18":2,"19":1,"20":1,"21":2,"22":2,"23":2,"24":1,"25":1,"26":1,"27":1,"28":1,"29":1,"30":1,"31":1,"32":1,"33":1,"34":1,"35":1,"36":1,"37":1,"38":1,"39":2,"40":2,"41":1,"42":2,"43":2,"44":1,"45":2,"46":2,"47":1,"48":2,"49":2,"50":1,"51":1,"52":1,"53":1,"54":1},"b":{"1":[2,1,1,1],"2":[1,1,1,1],"3":[1,1],"4":[1,1],"5":[1,1],"6":[1,1],"7":[1,1],"8":[1,1],"9":[1,1],"10":[1,1,1],"11":[1,1],"12":[1,1],"13":[1,1],"14":[1,1],"15":[1,1],"16":[1,1],"17":[1,1]},"f":{"1":2,"2":2,"3":2,"4":2,"5":2,"6":1,"7":1,"8":1,"9":2,"10":2,"11":2,"12":2,"13":1},"fnMap":{"1":{"name":"(anonymous_1)","line":12,"loc":{"start":{"line":12,"column":1},"end":{"line":12,"column":13}}},"2":{"name":"(anonymous_2)","line":19,"loc":{"start":{"line":19,"column":5},"end":{"line":19,"column":17}}},"3":{"name":"(anonymous_3)","line":23,"loc":{"start":{"line":23,"column":24},"end":{"line":23,"column":36}}},"4":{"name":"(anonymous_4)","line":61,"loc":{"start":{"line":61,"column":5},"end":{"line":61,"column":17}}},"5":{"name":"(anonymous_5)","line":82,"loc":{"start":{"line":82,"column":5},"end":{"line":82,"column":17}}},"6":{"name":"(anonymous_6)","line":91,"loc":{"start":{"line":91,"column":77},"end":{"line":94,"column":10}}},"7":{"name":"(anonymous_7)","line":112,"loc":{"start":{"line":112,"column":83},"end":{"line":115,"column":10}},"skip":true},"8":{"name":"(anonymous_8)","line":123,"loc":{"start":{"line":123,"column":77},"end":{"line":126,"column":10}},"skip":true},"9":{"name":"(anonymous_9)","line":139,"loc":{"start":{"line":139,"column":12},"end":{"line":139,"column":40}},"skip":true},"10":{"name":"(anonymous_10)","line":147,"loc":{"start":{"line":147,"column":77},"end":{"line":150,"column":10}},"skip":true},"11":{"name":"(anonymous_11)","line":158,"loc":{"start":{"line":158,"column":83},"end":{"line":161,"column":10}},"skip":true},"12":{"name":"(anonymous_12)","line":169,"loc":{"start":{"line":169,"column":79},"end":{"line":172,"column":10}},"skip":true},"13":{"name":"(anonymous_13)","line":180,"loc":{"start":{"line":180,"column":75},"end":{"line":183,"column":10}},"skip":true}},"statementMap":{"1":{"start":{"line":12,"column":0},"end":{"line":195,"column":5}},"2":{"start":{"line":14,"column":4},"end":{"line":14,"column":14}},"3":{"start":{"line":19,"column":4},"end":{"line":56,"column":9}},"4":{"start":{"line":21,"column":8},"end":{"line":21,"column":19}},"5":{"start":{"line":23,"column":8},"end":{"line":35,"column":13}},"6":{"start":{"line":24,"column":12},"end":{"line":34,"column":13}},"7":{"start":{"line":25,"column":16},"end":{"line":28,"column":30}},"8":{"start":{"line":30,"column":16},"end":{"line":33,"column":27}},"9":{"start":{"line":37,"column":8},"end":{"line":39,"column":21}},"10":{"start":{"line":40,"column":8},"end":{"line":53,"column":9}},"11":{"start":{"line":43,"column":12},"end":{"line":46,"column":14}},"12":{"start":{"line":47,"column":12},"end":{"line":47,"column":18}},"13":{"start":{"line":50,"column":12},"end":{"line":51,"column":46}},"14":{"start":{"line":52,"column":12},"end":{"line":52,"column":18}},"15":{"start":{"line":55,"column":8},"end":{"line":55,"column":35}},"16":{"start":{"line":61,"column":4},"end":{"line":63,"column":9}},"17":{"start":{"line":62,"column":8},"end":{"line":62,"column":15}},"18":{"start":{"line":64,"column":4},"end":{"line":77,"column":5}},"19":{"start":{"line":70,"column":8},"end":{"line":70,"column":14}},"20":{"start":{"line":76,"column":8},"end":{"line":76,"column":14}},"21":{"start":{"line":82,"column":4},"end":{"line":84,"column":9}},"22":{"start":{"line":83,"column":8},"end":{"line":83,"column":15}},"23":{"start":{"line":85,"column":4},"end":{"line":194,"column":5}},"24":{"start":{"line":91,"column":8},"end":{"line":99,"column":10}},"25":{"start":{"line":98,"column":12},"end":{"line":98,"column":35}},"26":{"start":{"line":102,"column":8},"end":{"line":104,"column":63}},"27":{"start":{"line":105,"column":8},"end":{"line":105,"column":14}},"28":{"start":{"line":112,"column":8},"end":{"line":121,"column":10},"skip":true},"29":{"start":{"line":119,"column":12},"end":{"line":119,"column":55},"skip":true},"30":{"start":{"line":120,"column":12},"end":{"line":120,"column":48},"skip":true},"31":{"start":{"line":123,"column":8},"end":{"line":136,"column":10},"skip":true},"32":{"start":{"line":130,"column":12},"end":{"line":130,"column":76},"skip":true},"33":{"start":{"line":131,"column":12},"end":{"line":131,"column":73},"skip":true},"34":{"start":{"line":132,"column":12},"end":{"line":132,"column":74},"skip":true},"35":{"start":{"line":133,"column":12},"end":{"line":133,"column":79},"skip":true},"36":{"start":{"line":134,"column":12},"end":{"line":134,"column":25},"skip":true},"37":{"start":{"line":135,"column":12},"end":{"line":135,"column":45},"skip":true},"38":{"start":{"line":138,"column":8},"end":{"line":145,"column":14},"skip":true},"39":{"start":{"line":143,"column":16},"end":{"line":143,"column":29},"skip":true},"40":{"start":{"line":144,"column":16},"end":{"line":144,"column":55},"skip":true},"41":{"start":{"line":147,"column":8},"end":{"line":156,"column":10},"skip":true},"42":{"start":{"line":154,"column":12},"end":{"line":154,"column":25},"skip":true},"43":{"start":{"line":155,"column":12},"end":{"line":155,"column":45},"skip":true},"44":{"start":{"line":158,"column":8},"end":{"line":167,"column":10},"skip":true},"45":{"start":{"line":165,"column":12},"end":{"line":165,"column":25},"skip":true},"46":{"start":{"line":166,"column":12},"end":{"line":166,"column":48},"skip":true},"47":{"start":{"line":169,"column":8},"end":{"line":178,"column":10},"skip":true},"48":{"start":{"line":176,"column":12},"end":{"line":176,"column":25},"skip":true},"49":{"start":{"line":177,"column":12},"end":{"line":177,"column":46},"skip":true},"50":{"start":{"line":180,"column":8},"end":{"line":189,"column":10},"skip":true},"51":{"start":{"line":187,"column":12},"end":{"line":187,"column":94},"skip":true},"52":{"start":{"line":188,"column":12},"end":{"line":188,"column":48},"skip":true},"53":{"start":{"line":192,"column":8},"end":{"line":192,"column":35},"skip":true},"54":{"start":{"line":193,"column":8},"end":{"line":193,"column":14},"skip":true}},"branchMap":{"1":{"line":25,"type":"binary-expr","locations":[{"start":{"line":25,"column":23},"end":{"line":25,"column":62}},{"start":{"line":26,"column":20},"end":{"line":26,"column":70}},{"start":{"line":27,"column":20},"end":{"line":27,"column":71}},{"start":{"line":28,"column":20},"end":{"line":28,"column":29}}]},"2":{"line":30,"type":"binary-expr","locations":[{"start":{"line":30,"column":23},"end":{"line":30,"column":37}},{"start":{"line":31,"column":20},"end":{"line":31,"column":61}},{"start":{"line":32,"column":20},"end":{"line":32,"column":70}},{"start":{"line":33,"column":20},"end":{"line":33,"column":26}}]},"3":{"line":37,"type":"cond-expr","locations":[{"start":{"line":38,"column":14},"end":{"line":38,"column":20}},{"start":{"line":39,"column":14},"end":{"line":39,"column":20}}]},"4":{"line":40,"type":"switch","locations":[{"start":{"line":42,"column":8},"end":{"line":47,"column":18}},{"start":{"line":49,"column":8},"end":{"line":52,"column":18}}]},"5":{"line":44,"type":"binary-expr","locations":[{"start":{"line":44,"column":16},"end":{"line":44,"column":44}},{"start":{"line":44,"column":48},"end":{"line":44,"column":66}}]},"6":{"line":50,"type":"binary-expr","locations":[{"start":{"line":50,"column":21},"end":{"line":50,"column":49}},{"start":{"line":50,"column":53},"end":{"line":50,"column":72}}]},"7":{"line":64,"type":"switch","locations":[{"start":{"line":69,"column":4},"end":{"line":70,"column":14}},{"start":{"line":75,"column":4},"end":{"line":76,"column":14}}]},"8":{"line":85,"type":"switch","locations":[{"start":{"line":90,"column":4},"end":{"line":105,"column":14}},{"start":{"line":111,"column":4},"end":{"line":193,"column":14},"skip":true}]},"9":{"line":91,"type":"binary-expr","locations":[{"start":{"line":91,"column":42},"end":{"line":91,"column":73}},{"start":{"line":91,"column":77},"end":{"line":99,"column":9}}]},"10":{"line":102,"type":"binary-expr","locations":[{"start":{"line":102,"column":18},"end":{"line":102,"column":32}},{"start":{"line":103,"column":12},"end":{"line":103,"column":53}},{"start":{"line":104,"column":12},"end":{"line":104,"column":61}}]},"11":{"line":112,"type":"binary-expr","locations":[{"start":{"line":112,"column":45},"end":{"line":112,"column":79},"skip":true},{"start":{"line":112,"column":83},"end":{"line":121,"column":9},"skip":true}]},"12":{"line":123,"type":"binary-expr","locations":[{"start":{"line":123,"column":42},"end":{"line":123,"column":73},"skip":true},{"start":{"line":123,"column":77},"end":{"line":136,"column":9},"skip":true}]},"13":{"line":138,"type":"binary-expr","locations":[{"start":{"line":138,"column":48},"end":{"line":138,"column":85},"skip":true},{"start":{"line":139,"column":12},"end":{"line":145,"column":13},"skip":true}]},"14":{"line":147,"type":"binary-expr","locations":[{"start":{"line":147,"column":42},"end":{"line":147,"column":73},"skip":true},{"start":{"line":147,"column":77},"end":{"line":156,"column":9},"skip":true}]},"15":{"line":158,"type":"binary-expr","locations":[{"start":{"line":158,"column":45},"end":{"line":158,"column":79},"skip":true},{"start":{"line":158,"column":83},"end":{"line":167,"column":9},"skip":true}]},"16":{"line":169,"type":"binary-expr","locations":[{"start":{"line":169,"column":43},"end":{"line":169,"column":75},"skip":true},{"start":{"line":169,"column":79},"end":{"line":178,"column":9},"skip":true}]},"17":{"line":180,"type":"binary-expr","locations":[{"start":{"line":180,"column":41},"end":{"line":180,"column":71},"skip":true},{"start":{"line":180,"column":75},"end":{"line":189,"column":9},"skip":true}]}},"code":["/* istanbul instrument in package npmtest_atlasboard */","/*jslint","    bitwise: true,","    browser: true,","    maxerr: 8,","    maxlen: 96,","    node: true,","    nomen: true,","    regexp: true,","    stupid: true","*/","(function () {","    'use strict';","    var local;","","","","    // run shared js-env code - pre-init","    (function () {","        // init local","        local = {};","        // init modeJs","        local.modeJs = (function () {","            try {","                return typeof navigator.userAgent === 'string' &&","                    typeof document.querySelector('body') === 'object' &&","                    typeof XMLHttpRequest.prototype.open === 'function' &&","                    'browser';","            } catch (errorCaughtBrowser) {","                return module.exports &&","                    typeof process.versions.node === 'string' &&","                    typeof require('http').createServer === 'function' &&","                    'node';","            }","        }());","        // init global","        local.global = local.modeJs === 'browser'","            ? window","            : global;","        switch (local.modeJs) {","        // re-init local from window.local","        case 'browser':","            local = local.global.utility2.objectSetDefault(","                local.global.utility2_rollup || local.global.local,","                local.global.utility2","            );","            break;","        // re-init local from example.js","        case 'node':","            local = (local.global.utility2_rollup || require('utility2'))","                .requireExampleJsFromReadme();","            break;","        }","        // export local","        local.global.local = local;","    }());","","","","    // run shared js-env code - function","    (function () {","        return;","    }());","    switch (local.modeJs) {","","","","    // run browser js-env code - function","    case 'browser':","        break;","","","","    // run node js-env code - function","    case 'node':","        break;","    }","","","","    // run shared js-env code - post-init","    (function () {","        return;","    }());","    switch (local.modeJs) {","","","","    // run browser js-env code - post-init","    case 'browser':","        local.testCase_browser_nullCase = local.testCase_browser_nullCase || function (","            options,","            onError","        ) {","        /*","         * this function will test browsers's null-case handling-behavior-behavior","         */","            onError(null, options);","        };","","        // run tests","        local.nop(local.modeTest &&","            document.querySelector('#testRunButton1') &&","            document.querySelector('#testRunButton1').click());","        break;","","","","    // run node js-env code - post-init","    /* istanbul ignore next */","    case 'node':","        local.testCase_buildApidoc_default = local.testCase_buildApidoc_default || function (","            options,","            onError","        ) {","        /*","         * this function will test buildApidoc's default handling-behavior-behavior","         */","            options = { modulePathList: module.paths };","            local.buildApidoc(options, onError);","        };","","        local.testCase_buildApp_default = local.testCase_buildApp_default || function (","            options,","            onError","        ) {","        /*","         * this function will test buildApp's default handling-behavior-behavior","         */","            local.testCase_buildReadme_default(options, local.onErrorThrow);","            local.testCase_buildLib_default(options, local.onErrorThrow);","            local.testCase_buildTest_default(options, local.onErrorThrow);","            local.testCase_buildCustomOrg_default(options, local.onErrorThrow);","            options = [];","            local.buildApp(options, onError);","        };","","        local.testCase_buildCustomOrg_default = local.testCase_buildCustomOrg_default ||","            function (options, onError) {","            /*","             * this function will test buildCustomOrg's default handling-behavior","             */","                options = {};","                local.buildCustomOrg(options, onError);","            };","","        local.testCase_buildLib_default = local.testCase_buildLib_default || function (","            options,","            onError","        ) {","        /*","         * this function will test buildLib's default handling-behavior","         */","            options = {};","            local.buildLib(options, onError);","        };","","        local.testCase_buildReadme_default = local.testCase_buildReadme_default || function (","            options,","            onError","        ) {","        /*","         * this function will test buildReadme's default handling-behavior-behavior","         */","            options = {};","            local.buildReadme(options, onError);","        };","","        local.testCase_buildTest_default = local.testCase_buildTest_default || function (","            options,","            onError","        ) {","        /*","         * this function will test buildTest's default handling-behavior","         */","            options = {};","            local.buildTest(options, onError);","        };","","        local.testCase_webpage_default = local.testCase_webpage_default || function (","            options,","            onError","        ) {","        /*","         * this function will test webpage's default handling-behavior","         */","            options = { modeCoverageMerge: true, url: local.serverLocalHost + '?modeTest=1' };","            local.browserTest(options, onError);","        };","","        // run test-server","        local.testRunServer(local);","        break;","    }","}());",""],"l":{"12":2,"14":2,"19":2,"21":2,"23":2,"24":2,"25":2,"30":1,"37":2,"40":2,"43":1,"47":1,"50":1,"52":1,"55":2,"61":2,"62":2,"64":2,"70":1,"76":1,"82":2,"83":2,"85":2,"91":1,"98":1,"102":1,"105":1,"112":1,"119":1,"120":1,"123":1,"130":1,"131":1,"132":1,"133":1,"134":1,"135":1,"138":1,"143":2,"144":2,"147":1,"154":2,"155":2,"158":1,"165":2,"166":2,"169":1,"176":2,"177":2,"180":1,"187":1,"188":1,"192":1,"193":1}},"/home/travis/build/npmtest/node-npmtest-atlasboard/lib.npmtest_atlasboard.js":{"path":"/home/travis/build/npmtest/node-npmtest-atlasboard/lib.npmtest_atlasboard.js","s":{"1":2,"2":2,"3":2,"4":2,"5":2,"6":2,"7":2,"8":1,"9":2,"10":2,"11":2,"12":2,"13":1,"14":1,"15":1,"16":1},"b":{"1":[2,1,1,1],"2":[1,1,1,1],"3":[1,1],"4":[2,2],"5":[1,1]},"f":{"1":2,"2":2,"3":2},"fnMap":{"1":{"name":"(anonymous_1)","line":12,"loc":{"start":{"line":12,"column":1},"end":{"line":12,"column":13}}},"2":{"name":"(anonymous_2)","line":19,"loc":{"start":{"line":19,"column":5},"end":{"line":19,"column":17}}},"3":{"name":"(anonymous_3)","line":23,"loc":{"start":{"line":23,"column":24},"end":{"line":23,"column":36}}}},"statementMap":{"1":{"start":{"line":12,"column":0},"end":{"line":53,"column":5}},"2":{"start":{"line":14,"column":4},"end":{"line":14,"column":14}},"3":{"start":{"line":19,"column":4},"end":{"line":52,"column":9}},"4":{"start":{"line":21,"column":8},"end":{"line":21,"column":19}},"5":{"start":{"line":23,"column":8},"end":{"line":35,"column":13}},"6":{"start":{"line":24,"column":12},"end":{"line":34,"column":13}},"7":{"start":{"line":25,"column":16},"end":{"line":28,"column":30}},"8":{"start":{"line":30,"column":16},"end":{"line":33,"column":27}},"9":{"start":{"line":37,"column":8},"end":{"line":39,"column":21}},"10":{"start":{"line":41,"column":8},"end":{"line":41,"column":54}},"11":{"start":{"line":43,"column":8},"end":{"line":43,"column":55}},"12":{"start":{"line":45,"column":8},"end":{"line":51,"column":9}},"13":{"start":{"line":46,"column":12},"end":{"line":46,"column":61}},"14":{"start":{"line":48,"column":12},"end":{"line":48,"column":35}},"15":{"start":{"line":49,"column":12},"end":{"line":49,"column":49}},"16":{"start":{"line":50,"column":12},"end":{"line":50,"column":43}}},"branchMap":{"1":{"line":25,"type":"binary-expr","locations":[{"start":{"line":25,"column":23},"end":{"line":25,"column":62}},{"start":{"line":26,"column":20},"end":{"line":26,"column":70}},{"start":{"line":27,"column":20},"end":{"line":27,"column":71}},{"start":{"line":28,"column":20},"end":{"line":28,"column":29}}]},"2":{"line":30,"type":"binary-expr","locations":[{"start":{"line":30,"column":23},"end":{"line":30,"column":37}},{"start":{"line":31,"column":20},"end":{"line":31,"column":61}},{"start":{"line":32,"column":20},"end":{"line":32,"column":70}},{"start":{"line":33,"column":20},"end":{"line":33,"column":26}}]},"3":{"line":37,"type":"cond-expr","locations":[{"start":{"line":38,"column":14},"end":{"line":38,"column":20}},{"start":{"line":39,"column":14},"end":{"line":39,"column":20}}]},"4":{"line":41,"type":"binary-expr","locations":[{"start":{"line":41,"column":16},"end":{"line":41,"column":44}},{"start":{"line":41,"column":48},"end":{"line":41,"column":53}}]},"5":{"line":45,"type":"if","locations":[{"start":{"line":45,"column":8},"end":{"line":45,"column":8}},{"start":{"line":45,"column":8},"end":{"line":45,"column":8}}]}},"code":["/* istanbul instrument in package npmtest_atlasboard */","/*jslint","    bitwise: true,","    browser: true,","    maxerr: 8,","    maxlen: 96,","    node: true,","    nomen: true,","    regexp: true,","    stupid: true","*/","(function () {","    'use strict';","    var local;","","","","    // run shared js-env code - pre-init","    (function () {","        // init local","        local = {};","        // init modeJs","        local.modeJs = (function () {","            try {","                return typeof navigator.userAgent === 'string' &&","                    typeof document.querySelector('body') === 'object' &&","                    typeof XMLHttpRequest.prototype.open === 'function' &&","                    'browser';","            } catch (errorCaughtBrowser) {","                return module.exports &&","                    typeof process.versions.node === 'string' &&","                    typeof require('http').createServer === 'function' &&","                    'node';","            }","        }());","        // init global","        local.global = local.modeJs === 'browser'","            ? window","            : global;","        // init utility2_rollup","        local = local.global.utility2_rollup || local;","        // init lib","        local.local = local.npmtest_atlasboard = local;","        // init exports","        if (local.modeJs === 'browser') {","            local.global.utility2_npmtest_atlasboard = local;","        } else {","            module.exports = local;","            module.exports.__dirname = __dirname;","            module.exports.module = module;","        }","    }());","}());",""],"l":{"12":2,"14":2,"19":2,"21":2,"23":2,"24":2,"25":2,"30":1,"37":2,"41":2,"43":2,"45":2,"46":1,"48":1,"49":1,"50":1}},"/home/travis/build/npmtest/node-npmtest-atlasboard/example.js":{"path":"/home/travis/build/npmtest/node-npmtest-atlasboard/example.js","s":{"1":2,"2":2,"3":2,"4":2,"5":2,"6":2,"7":2,"8":1,"9":2,"10":2,"11":2,"12":2,"13":1,"14":2,"15":2,"16":2,"17":2,"18":2,"19":0,"20":2,"21":1,"22":1,"23":1,"24":1,"25":1,"26":0,"27":0,"28":1,"29":1,"30":2,"31":0,"32":0,"33":0,"34":1,"35":2,"36":2,"37":3,"38":3,"39":3,"40":3,"41":0,"42":3,"43":3,"44":3,"45":1,"46":3,"47":1,"48":1,"49":1,"50":1,"51":1,"52":1,"53":1,"54":1,"55":1,"56":1,"57":0,"58":1,"59":6,"60":6,"61":1,"62":2,"63":0,"64":2,"65":1,"66":1,"67":0,"68":0,"69":0,"70":0,"71":0,"72":0,"73":0,"74":0,"75":0,"76":0,"77":0,"78":0,"79":0,"80":0,"81":0,"82":0,"83":0},"b":{"1":[2,1,1,1],"2":[1,1,1,1],"3":[1,1],"4":[2,2],"5":[1,1],"6":[1,1],"7":[2,0],"8":[2,1,1,1,1,1],"9":[0,2,0],"10":[1,1],"11":[2,1,1],"12":[1,0],"13":[0,2],"14":[2,0,0,0,0,0,0],"15":[0,3],"16":[3,0],"17":[1,1],"18":[0,1],"19":[1,2,0,2],"20":[1,0],"21":[1,1],"22":[0,0],"23":[0,0],"24":[0,0],"25":[0,0],"26":[0,0],"27":[0,0],"28":[0,0]},"f":{"1":2,"2":2,"3":2,"4":2,"5":2,"6":2,"7":3,"8":3,"9":3,"10":1,"11":6,"12":0},"fnMap":{"1":{"name":"(anonymous_1)","line":26,"loc":{"start":{"line":26,"column":1},"end":{"line":26,"column":13}}},"2":{"name":"(anonymous_2)","line":33,"loc":{"start":{"line":33,"column":5},"end":{"line":33,"column":17}}},"3":{"name":"(anonymous_3)","line":37,"loc":{"start":{"line":37,"column":24},"end":{"line":37,"column":36}}},"4":{"name":"(anonymous_4)","line":69,"loc":{"start":{"line":69,"column":31},"end":{"line":69,"column":48}},"skip":true},"5":{"name":"(anonymous_5)","line":78,"loc":{"start":{"line":78,"column":26},"end":{"line":78,"column":45}},"skip":true},"6":{"name":"(anonymous_6)","line":123,"loc":{"start":{"line":123,"column":33},"end":{"line":123,"column":48}},"skip":true},"7":{"name":"(anonymous_7)","line":125,"loc":{"start":{"line":125,"column":27},"end":{"line":125,"column":39}},"skip":true},"8":{"name":"(anonymous_8)","line":133,"loc":{"start":{"line":133,"column":59},"end":{"line":133,"column":74}},"skip":true},"9":{"name":"(anonymous_9)","line":143,"loc":{"start":{"line":143,"column":45},"end":{"line":143,"column":62}},"skip":true},"10":{"name":"(anonymous_10)","line":144,"loc":{"start":{"line":144,"column":73},"end":{"line":144,"column":92}},"skip":true},"11":{"name":"(anonymous_11)","line":272,"loc":{"start":{"line":272,"column":51},"end":{"line":272,"column":77}},"skip":true},"12":{"name":"(anonymous_12)","line":315,"loc":{"start":{"line":315,"column":32},"end":{"line":315,"column":61}},"skip":true}},"statementMap":{"1":{"start":{"line":26,"column":0},"end":{"line":326,"column":5}},"2":{"start":{"line":28,"column":4},"end":{"line":28,"column":14}},"3":{"start":{"line":33,"column":4},"end":{"line":60,"column":9}},"4":{"start":{"line":35,"column":8},"end":{"line":35,"column":19}},"5":{"start":{"line":37,"column":8},"end":{"line":49,"column":13}},"6":{"start":{"line":38,"column":12},"end":{"line":48,"column":13}},"7":{"start":{"line":39,"column":16},"end":{"line":42,"column":30}},"8":{"start":{"line":44,"column":16},"end":{"line":47,"column":27}},"9":{"start":{"line":51,"column":8},"end":{"line":53,"column":21}},"10":{"start":{"line":55,"column":8},"end":{"line":57,"column":45}},"11":{"start":{"line":59,"column":8},"end":{"line":59,"column":35}},"12":{"start":{"line":61,"column":4},"end":{"line":325,"column":5}},"13":{"start":{"line":69,"column":8},"end":{"line":121,"column":10},"skip":true},"14":{"start":{"line":70,"column":12},"end":{"line":88,"column":13},"skip":true},"15":{"start":{"line":76,"column":16},"end":{"line":87,"column":19},"skip":true},"16":{"start":{"line":79,"column":20},"end":{"line":86,"column":21},"skip":true},"17":{"start":{"line":82,"column":24},"end":{"line":82,"column":43},"skip":true},"18":{"start":{"line":83,"column":24},"end":{"line":83,"column":30},"skip":true},"19":{"start":{"line":85,"column":24},"end":{"line":85,"column":49},"skip":true},"20":{"start":{"line":89,"column":12},"end":{"line":107,"column":13},"skip":true},"21":{"start":{"line":92,"column":16},"end":{"line":102,"column":17},"skip":true},"22":{"start":{"line":93,"column":20},"end":{"line":93,"column":86},"skip":true},"23":{"start":{"line":94,"column":20},"end":{"line":95,"column":45},"skip":true},"24":{"start":{"line":96,"column":20},"end":{"line":96,"column":42},"skip":true},"25":{"start":{"line":97,"column":20},"end":{"line":97,"column":48},"skip":true},"26":{"start":{"line":100,"column":20},"end":{"line":100,"column":85},"skip":true},"27":{"start":{"line":101,"column":20},"end":{"line":101,"column":96},"skip":true},"28":{"start":{"line":103,"column":16},"end":{"line":103,"column":22},"skip":true},"29":{"start":{"line":106,"column":16},"end":{"line":106,"column":22},"skip":true},"30":{"start":{"line":108,"column":12},"end":{"line":120,"column":13},"skip":true},"31":{"start":{"line":114,"column":16},"end":{"line":119,"column":17},"skip":true},"32":{"start":{"line":116,"column":20},"end":{"line":116,"column":78},"skip":true},"33":{"start":{"line":118,"column":20},"end":{"line":118,"column":47},"skip":true},"34":{"start":{"line":123,"column":8},"end":{"line":141,"column":11},"skip":true},"35":{"start":{"line":124,"column":12},"end":{"line":124,"column":54},"skip":true},"36":{"start":{"line":125,"column":12},"end":{"line":140,"column":14},"skip":true},"37":{"start":{"line":126,"column":16},"end":{"line":126,"column":28},"skip":true},"38":{"start":{"line":127,"column":16},"end":{"line":127,"column":69},"skip":true},"39":{"start":{"line":128,"column":16},"end":{"line":128,"column":75},"skip":true},"40":{"start":{"line":129,"column":16},"end":{"line":131,"column":17},"skip":true},"41":{"start":{"line":130,"column":20},"end":{"line":130,"column":27},"skip":true},"42":{"start":{"line":133,"column":16},"end":{"line":137,"column":36},"skip":true},"43":{"start":{"line":134,"column":20},"end":{"line":136,"column":55},"skip":true},"44":{"start":{"line":139,"column":16},"end":{"line":139,"column":57},"skip":true},"45":{"start":{"line":143,"column":8},"end":{"line":147,"column":11},"skip":true},"46":{"start":{"line":144,"column":12},"end":{"line":146,"column":15},"skip":true},"47":{"start":{"line":145,"column":16},"end":{"line":145,"column":70},"skip":true},"48":{"start":{"line":149,"column":8},"end":{"line":149,"column":31},"skip":true},"49":{"start":{"line":150,"column":8},"end":{"line":150,"column":14},"skip":true},"50":{"start":{"line":158,"column":8},"end":{"line":158,"column":31},"skip":true},"51":{"start":{"line":160,"column":8},"end":{"line":160,"column":33},"skip":true},"52":{"start":{"line":161,"column":8},"end":{"line":161,"column":37},"skip":true},"53":{"start":{"line":162,"column":8},"end":{"line":162,"column":35},"skip":true},"54":{"start":{"line":164,"column":8},"end":{"line":164,"column":50},"skip":true},"55":{"start":{"line":166,"column":8},"end":{"line":256,"column":2},"skip":true},"56":{"start":{"line":258,"column":8},"end":{"line":286,"column":9},"skip":true},"57":{"start":{"line":259,"column":12},"end":{"line":269,"column":14},"skip":true},"58":{"start":{"line":271,"column":12},"end":{"line":285,"column":19},"skip":true},"59":{"start":{"line":274,"column":20},"end":{"line":274,"column":35},"skip":true},"60":{"start":{"line":275,"column":20},"end":{"line":284,"column":21},"skip":true},"61":{"start":{"line":277,"column":24},"end":{"line":277,"column":64},"skip":true},"62":{"start":{"line":279,"column":24},"end":{"line":279,"column":40},"skip":true},"63":{"start":{"line":281,"column":24},"end":{"line":281,"column":40},"skip":true},"64":{"start":{"line":283,"column":24},"end":{"line":283,"column":39},"skip":true},"65":{"start":{"line":288,"column":8},"end":{"line":290,"column":9},"skip":true},"66":{"start":{"line":289,"column":12},"end":{"line":289,"column":18},"skip":true},"67":{"start":{"line":291,"column":8},"end":{"line":293,"column":54},"skip":true},"68":{"start":{"line":296,"column":8},"end":{"line":301,"column":37},"skip":true},"69":{"start":{"line":303,"column":8},"end":{"line":303,"column":82},"skip":true},"70":{"start":{"line":306,"column":8},"end":{"line":308,"column":9},"skip":true},"71":{"start":{"line":307,"column":12},"end":{"line":307,"column":82},"skip":true},"72":{"start":{"line":310,"column":8},"end":{"line":312,"column":9},"skip":true},"73":{"start":{"line":311,"column":12},"end":{"line":311,"column":18},"skip":true},"74":{"start":{"line":313,"column":8},"end":{"line":313,"column":54},"skip":true},"75":{"start":{"line":314,"column":8},"end":{"line":314,"column":69},"skip":true},"76":{"start":{"line":315,"column":8},"end":{"line":323,"column":36},"skip":true},"77":{"start":{"line":316,"column":12},"end":{"line":316,"column":61},"skip":true},"78":{"start":{"line":317,"column":12},"end":{"line":320,"column":13},"skip":true},"79":{"start":{"line":318,"column":16},"end":{"line":318,"column":75},"skip":true},"80":{"start":{"line":319,"column":16},"end":{"line":319,"column":23},"skip":true},"81":{"start":{"line":321,"column":12},"end":{"line":321,"column":38},"skip":true},"82":{"start":{"line":322,"column":12},"end":{"line":322,"column":27},"skip":true},"83":{"start":{"line":324,"column":8},"end":{"line":324,"column":14},"skip":true}},"branchMap":{"1":{"line":39,"type":"binary-expr","locations":[{"start":{"line":39,"column":23},"end":{"line":39,"column":62}},{"start":{"line":40,"column":20},"end":{"line":40,"column":70}},{"start":{"line":41,"column":20},"end":{"line":41,"column":71}},{"start":{"line":42,"column":20},"end":{"line":42,"column":29}}]},"2":{"line":44,"type":"binary-expr","locations":[{"start":{"line":44,"column":23},"end":{"line":44,"column":37}},{"start":{"line":45,"column":20},"end":{"line":45,"column":61}},{"start":{"line":46,"column":20},"end":{"line":46,"column":70}},{"start":{"line":47,"column":20},"end":{"line":47,"column":26}}]},"3":{"line":51,"type":"cond-expr","locations":[{"start":{"line":52,"column":14},"end":{"line":52,"column":20}},{"start":{"line":53,"column":14},"end":{"line":53,"column":20}}]},"4":{"line":55,"type":"binary-expr","locations":[{"start":{"line":55,"column":16},"end":{"line":55,"column":44}},{"start":{"line":55,"column":49},"end":{"line":57,"column":43}}]},"5":{"line":55,"type":"cond-expr","locations":[{"start":{"line":56,"column":14},"end":{"line":56,"column":54}},{"start":{"line":57,"column":14},"end":{"line":57,"column":43}}]},"6":{"line":61,"type":"switch","locations":[{"start":{"line":68,"column":4},"end":{"line":150,"column":14},"skip":true},{"start":{"line":156,"column":4},"end":{"line":324,"column":14},"skip":true}]},"7":{"line":70,"type":"if","locations":[{"start":{"line":70,"column":12},"end":{"line":70,"column":12},"skip":true},{"start":{"line":70,"column":12},"end":{"line":70,"column":12},"skip":true}]},"8":{"line":70,"type":"binary-expr","locations":[{"start":{"line":70,"column":16},"end":{"line":70,"column":22},"skip":true},{"start":{"line":70,"column":27},"end":{"line":70,"column":32},"skip":true},{"start":{"line":71,"column":20},"end":{"line":71,"column":39},"skip":true},{"start":{"line":72,"column":20},"end":{"line":72,"column":49},"skip":true},{"start":{"line":73,"column":20},"end":{"line":73,"column":58},"skip":true},{"start":{"line":74,"column":20},"end":{"line":74,"column":69},"skip":true}]},"9":{"line":79,"type":"switch","locations":[{"start":{"line":80,"column":20},"end":{"line":80,"column":33},"skip":true},{"start":{"line":81,"column":20},"end":{"line":83,"column":30},"skip":true},{"start":{"line":84,"column":20},"end":{"line":85,"column":49},"skip":true}]},"10":{"line":89,"type":"switch","locations":[{"start":{"line":90,"column":12},"end":{"line":103,"column":22},"skip":true},{"start":{"line":105,"column":12},"end":{"line":106,"column":22},"skip":true}]},"11":{"line":89,"type":"binary-expr","locations":[{"start":{"line":89,"column":20},"end":{"line":89,"column":25},"skip":true},{"start":{"line":89,"column":29},"end":{"line":89,"column":48},"skip":true},{"start":{"line":89,"column":52},"end":{"line":89,"column":74},"skip":true}]},"12":{"line":92,"type":"if","locations":[{"start":{"line":92,"column":16},"end":{"line":92,"column":16},"skip":true},{"start":{"line":92,"column":16},"end":{"line":92,"column":16},"skip":true}]},"13":{"line":108,"type":"if","locations":[{"start":{"line":108,"column":12},"end":{"line":108,"column":12},"skip":true},{"start":{"line":108,"column":12},"end":{"line":108,"column":12},"skip":true}]},"14":{"line":108,"type":"binary-expr","locations":[{"start":{"line":108,"column":16},"end":{"line":108,"column":61},"skip":true},{"start":{"line":108,"column":66},"end":{"line":108,"column":72},"skip":true},{"start":{"line":108,"column":77},"end":{"line":108,"column":82},"skip":true},{"start":{"line":109,"column":20},"end":{"line":109,"column":39},"skip":true},{"start":{"line":110,"column":20},"end":{"line":110,"column":49},"skip":true},{"start":{"line":111,"column":20},"end":{"line":111,"column":58},"skip":true},{"start":{"line":112,"column":20},"end":{"line":112,"column":68},"skip":true}]},"15":{"line":129,"type":"if","locations":[{"start":{"line":129,"column":16},"end":{"line":129,"column":16},"skip":true},{"start":{"line":129,"column":16},"end":{"line":129,"column":16},"skip":true}]},"16":{"line":134,"type":"cond-expr","locations":[{"start":{"line":135,"column":26},"end":{"line":135,"column":29},"skip":true},{"start":{"line":136,"column":26},"end":{"line":136,"column":54},"skip":true}]},"17":{"line":164,"type":"binary-expr","locations":[{"start":{"line":164,"column":27},"end":{"line":164,"column":43},"skip":true},{"start":{"line":164,"column":47},"end":{"line":164,"column":49},"skip":true}]},"18":{"line":258,"type":"if","locations":[{"start":{"line":258,"column":8},"end":{"line":258,"column":8},"skip":true},{"start":{"line":258,"column":8},"end":{"line":258,"column":8},"skip":true}]},"19":{"line":275,"type":"switch","locations":[{"start":{"line":276,"column":20},"end":{"line":277,"column":64},"skip":true},{"start":{"line":278,"column":20},"end":{"line":279,"column":40},"skip":true},{"start":{"line":280,"column":20},"end":{"line":281,"column":40},"skip":true},{"start":{"line":282,"column":20},"end":{"line":283,"column":39},"skip":true}]},"20":{"line":288,"type":"if","locations":[{"start":{"line":288,"column":8},"end":{"line":288,"column":8},"skip":true},{"start":{"line":288,"column":8},"end":{"line":288,"column":8},"skip":true}]},"21":{"line":288,"type":"binary-expr","locations":[{"start":{"line":288,"column":12},"end":{"line":288,"column":40},"skip":true},{"start":{"line":288,"column":44},"end":{"line":288,"column":67},"skip":true}]},"22":{"line":292,"type":"binary-expr","locations":[{"start":{"line":292,"column":12},"end":{"line":292,"column":50},"skip":true},{"start":{"line":293,"column":12},"end":{"line":293,"column":53},"skip":true}]},"23":{"line":297,"type":"binary-expr","locations":[{"start":{"line":297,"column":12},"end":{"line":297,"column":68},"skip":true},{"start":{"line":298,"column":12},"end":{"line":301,"column":36},"skip":true}]},"24":{"line":303,"type":"binary-expr","locations":[{"start":{"line":303,"column":43},"end":{"line":303,"column":75},"skip":true},{"start":{"line":303,"column":79},"end":{"line":303,"column":81},"skip":true}]},"25":{"line":306,"type":"if","locations":[{"start":{"line":306,"column":8},"end":{"line":306,"column":8},"skip":true},{"start":{"line":306,"column":8},"end":{"line":306,"column":8},"skip":true}]},"26":{"line":310,"type":"if","locations":[{"start":{"line":310,"column":8},"end":{"line":310,"column":8},"skip":true},{"start":{"line":310,"column":8},"end":{"line":310,"column":8},"skip":true}]},"27":{"line":313,"type":"binary-expr","locations":[{"start":{"line":313,"column":27},"end":{"line":313,"column":43},"skip":true},{"start":{"line":313,"column":47},"end":{"line":313,"column":53},"skip":true}]},"28":{"line":317,"type":"if","locations":[{"start":{"line":317,"column":12},"end":{"line":317,"column":12},"skip":true},{"start":{"line":317,"column":12},"end":{"line":317,"column":12},"skip":true}]}},"code":["/*","example.js","","quickstart example","","instruction","    1. save this script as example.js","    2. run the shell command:","        $ npm install npmtest-atlasboard && PORT=8081 node example.js","    3. play with the browser-demo on http://127.0.0.1:8081","*/","","","","/* istanbul instrument in package npmtest_atlasboard */","/*jslint","    bitwise: true,","    browser: true,","    maxerr: 8,","    maxlen: 96,","    node: true,","    nomen: true,","    regexp: true,","    stupid: true","*/","(function () {","    'use strict';","    var local;","","","","    // run shared js-env code - pre-init","    (function () {","        // init local","        local = {};","        // init modeJs","        local.modeJs = (function () {","            try {","                return typeof navigator.userAgent === 'string' &&","                    typeof document.querySelector('body') === 'object' &&","                    typeof XMLHttpRequest.prototype.open === 'function' &&","                    'browser';","            } catch (errorCaughtBrowser) {","                return module.exports &&","                    typeof process.versions.node === 'string' &&","                    typeof require('http').createServer === 'function' &&","                    'node';","            }","        }());","        // init global","        local.global = local.modeJs === 'browser'","            ? window","            : global;","        // init utility2_rollup","        local = local.global.utility2_rollup || (local.modeJs === 'browser'","            ? local.global.utility2_npmtest_atlasboard","            : global.utility2_moduleExports);","        // export local","        local.global.local = local;","    }());","    switch (local.modeJs) {","","","","    // post-init","    // run browser js-env code - post-init","    /* istanbul ignore next */","    case 'browser':","        local.testRunBrowser = function (event) {","            if (!event || (event &&","                    event.currentTarget &&","                    event.currentTarget.className &&","                    event.currentTarget.className.includes &&","                    event.currentTarget.className.includes('onreset'))) {","                // reset output","                Array.from(","                    document.querySelectorAll('body > .resettable')","                ).forEach(function (element) {","                    switch (element.tagName) {","                    case 'INPUT':","                    case 'TEXTAREA':","                        element.value = '';","                        break;","                    default:","                        element.textContent = '';","                    }","                });","            }","            switch (event && event.currentTarget && event.currentTarget.id) {","            case 'testRunButton1':","                // show tests","                if (document.querySelector('#testReportDiv1').style.display === 'none') {","                    document.querySelector('#testReportDiv1').style.display = 'block';","                    document.querySelector('#testRunButton1').textContent =","                        'hide internal test';","                    local.modeTest = true;","                    local.testRunDefault(local);","                // hide tests","                } else {","                    document.querySelector('#testReportDiv1').style.display = 'none';","                    document.querySelector('#testRunButton1').textContent = 'run internal test';","                }","                break;","            // custom-case","            default:","                break;","            }","            if (document.querySelector('#inputTextareaEval1') && (!event || (event &&","                    event.currentTarget &&","                    event.currentTarget.className &&","                    event.currentTarget.className.includes &&","                    event.currentTarget.className.includes('oneval')))) {","                // try to eval input-code","                try {","                    /*jslint evil: true*/","                    eval(document.querySelector('#inputTextareaEval1').value);","                } catch (errorCaught) {","                    console.error(errorCaught);","                }","            }","        };","        // log stderr and stdout to #outputTextareaStdout1","        ['error', 'log'].forEach(function (key) {","            console[key + '_original'] = console[key];","            console[key] = function () {","                var element;","                console[key + '_original'].apply(console, arguments);","                element = document.querySelector('#outputTextareaStdout1');","                if (!element) {","                    return;","                }","                // append text to #outputTextareaStdout1","                element.value += Array.from(arguments).map(function (arg) {","                    return typeof arg === 'string'","                        ? arg","                        : JSON.stringify(arg, null, 4);","                }).join(' ') + '\\n';","                // scroll textarea to bottom","                element.scrollTop = element.scrollHeight;","            };","        });","        // init event-handling","        ['change', 'click', 'keyup'].forEach(function (event) {","            Array.from(document.querySelectorAll('.on' + event)).forEach(function (element) {","                element.addEventListener(event, local.testRunBrowser);","            });","        });","        // run tests","        local.testRunBrowser();","        break;","","","","    // run node js-env code - post-init","    /* istanbul ignore next */","    case 'node':","        // export local","        module.exports = local;","        // require modules","        local.fs = require('fs');","        local.http = require('http');","        local.url = require('url');","        // init assets","        local.assetsDict = local.assetsDict || {};","        /* jslint-ignore-begin */","        local.assetsDict['/assets.index.template.html'] = '\\","<!doctype html>\\n\\","<html lang=\"en\">\\n\\","<head>\\n\\","<meta charset=\"UTF-8\">\\n\\","<meta name=\"viewport\" content=\"width=device-width, initial-scale=1\">\\n\\","<title>{{env.npm_package_name}} (v{{env.npm_package_version}})</title>\\n\\","<style>\\n\\","/*csslint\\n\\","    box-sizing: false,\\n\\","    universal-selector: false\\n\\","*/\\n\\","* {\\n\\","    box-sizing: border-box;\\n\\","}\\n\\","body {\\n\\","    background: #dde;\\n\\","    font-family: Arial, Helvetica, sans-serif;\\n\\","    margin: 2rem;\\n\\","}\\n\\","body > * {\\n\\","    margin-bottom: 1rem;\\n\\","}\\n\\",".utility2FooterDiv {\\n\\","    margin-top: 20px;\\n\\","    text-align: center;\\n\\","}\\n\\","</style>\\n\\","<style>\\n\\","/*csslint\\n\\","*/\\n\\","textarea {\\n\\","    font-family: monospace;\\n\\","    height: 10rem;\\n\\","    width: 100%;\\n\\","}\\n\\","textarea[readonly] {\\n\\","    background: #ddd;\\n\\","}\\n\\","</style>\\n\\","</head>\\n\\","<body>\\n\\","<!-- utility2-comment\\n\\","<div id=\"ajaxProgressDiv1\" style=\"background: #d00; height: 2px; left: 0; margin: 0; padding: 0; position: fixed; top: 0; transition: background 0.5s, width 1.5s; width: 25%;\"></div>\\n\\","utility2-comment -->\\n\\","<h1>\\n\\","<!-- utility2-comment\\n\\","    <a\\n\\","        {{#if env.npm_package_homepage}}\\n\\","        href=\"{{env.npm_package_homepage}}\"\\n\\","        {{/if env.npm_package_homepage}}\\n\\","        target=\"_blank\"\\n\\","    >\\n\\","utility2-comment -->\\n\\","        {{env.npm_package_name}} (v{{env.npm_package_version}})\\n\\","<!-- utility2-comment\\n\\","    </a>\\n\\","utility2-comment -->\\n\\","</h1>\\n\\","<h3>{{env.npm_package_description}}</h3>\\n\\","<!-- utility2-comment\\n\\","<h4><a download href=\"assets.app.js\">download standalone app</a></h4>\\n\\","<button class=\"onclick onreset\" id=\"testRunButton1\">run internal test</button><br>\\n\\","<div id=\"testReportDiv1\" style=\"display: none;\"></div>\\n\\","utility2-comment -->\\n\\","\\n\\","\\n\\","\\n\\","<label>stderr and stdout</label>\\n\\","<textarea class=\"resettable\" id=\"outputTextareaStdout1\" readonly></textarea>\\n\\","<!-- utility2-comment\\n\\","{{#if isRollup}}\\n\\","<script src=\"assets.app.js\"></script>\\n\\","{{#unless isRollup}}\\n\\","utility2-comment -->\\n\\","<script src=\"assets.utility2.rollup.js\"></script>\\n\\","<script src=\"jsonp.utility2._stateInit?callback=window.utility2._stateInit\"></script>\\n\\","<script src=\"assets.npmtest_atlasboard.rollup.js\"></script>\\n\\","<script src=\"assets.example.js\"></script>\\n\\","<script src=\"assets.test.js\"></script>\\n\\","<!-- utility2-comment\\n\\","{{/if isRollup}}\\n\\","utility2-comment -->\\n\\","<div class=\"utility2FooterDiv\">\\n\\","    [ this app was created with\\n\\","    <a href=\"https://github.com/kaizhu256/node-utility2\" target=\"_blank\">utility2</a>\\n\\","    ]\\n\\","</div>\\n\\","</body>\\n\\","</html>\\n\\","';","        /* jslint-ignore-end */","        if (local.templateRender) {","            local.assetsDict['/'] = local.templateRender(","                local.assetsDict['/assets.index.template.html'],","                {","                    env: local.objectSetDefault(local.env, {","                        npm_package_description: 'the greatest app in the world!',","                        npm_package_name: 'my-app',","                        npm_package_nameAlias: 'my_app',","                        npm_package_version: '0.0.1'","                    })","                }","            );","        } else {","            local.assetsDict['/'] = local.assetsDict['/assets.index.template.html']","                .replace((/\\{\\{env\\.(\\w+?)\\}\\}/g), function (match0, match1) {","                    // jslint-hack","                    String(match0);","                    switch (match1) {","                    case 'npm_package_description':","                        return 'the greatest app in the world!';","                    case 'npm_package_name':","                        return 'my-app';","                    case 'npm_package_nameAlias':","                        return 'my_app';","                    case 'npm_package_version':","                        return '0.0.1';","                    }","                });","        }","        // run the cli","        if (local.global.utility2_rollup || module !== require.main) {","            break;","        }","        local.assetsDict['/assets.example.js'] =","            local.assetsDict['/assets.example.js'] ||","            local.fs.readFileSync(__filename, 'utf8');","        // bug-workaround - long $npm_package_buildCustomOrg","        /* jslint-ignore-begin */","        local.assetsDict['/assets.npmtest_atlasboard.rollup.js'] =","            local.assetsDict['/assets.npmtest_atlasboard.rollup.js'] ||","            local.fs.readFileSync(","                local.npmtest_atlasboard.__dirname + '/lib.npmtest_atlasboard.js',","                'utf8'","            ).replace((/^#!/), '//');","        /* jslint-ignore-end */","        local.assetsDict['/favicon.ico'] = local.assetsDict['/favicon.ico'] || '';","        // if $npm_config_timeout_exit exists,","        // then exit this process after $npm_config_timeout_exit ms","        if (Number(process.env.npm_config_timeout_exit)) {","            setTimeout(process.exit, Number(process.env.npm_config_timeout_exit));","        }","        // start server","        if (local.global.utility2_serverHttp1) {","            break;","        }","        process.env.PORT = process.env.PORT || '8081';","        console.error('server starting on port ' + process.env.PORT);","        local.http.createServer(function (request, response) {","            request.urlParsed = local.url.parse(request.url);","            if (local.assetsDict[request.urlParsed.pathname] !== undefined) {","                response.end(local.assetsDict[request.urlParsed.pathname]);","                return;","            }","            response.statusCode = 404;","            response.end();","        }).listen(process.env.PORT);","        break;","    }","}());",""],"l":{"26":2,"28":2,"33":2,"35":2,"37":2,"38":2,"39":2,"44":1,"51":2,"55":2,"59":2,"61":2,"69":1,"70":2,"76":2,"79":2,"82":2,"83":2,"85":1,"89":2,"92":1,"93":1,"94":1,"96":1,"97":1,"100":1,"101":1,"103":1,"106":1,"108":2,"114":1,"116":1,"118":1,"123":1,"124":2,"125":2,"126":3,"127":3,"128":3,"129":3,"130":1,"133":3,"134":3,"139":3,"143":1,"144":3,"145":1,"149":1,"150":1,"158":1,"160":1,"161":1,"162":1,"164":1,"166":1,"258":1,"259":1,"271":1,"274":6,"275":6,"277":1,"279":2,"281":1,"283":2,"288":1,"289":1,"291":1,"296":1,"303":1,"306":1,"307":1,"310":1,"311":1,"313":1,"314":1,"315":1,"316":1,"317":1,"318":1,"319":1,"321":1,"322":1,"324":1}},"/home/travis/build/npmtest/node-npmtest-atlasboard/node_modules/atlasboard/lib/atlasboard.js":{"path":"/home/travis/build/npmtest/node-npmtest-atlasboard/node_modules/atlasboard/lib/atlasboard.js","s":{"1":1,"2":1,"3":1,"4":1,"5":1,"6":1,"7":1,"8":0,"9":0,"10":0,"11":0,"12":0,"13":0,"14":0,"15":0,"16":0,"17":0,"18":0,"19":0,"20":0,"21":0,"22":0,"23":0,"24":0,"25":0,"26":0,"27":0,"28":0,"29":0,"30":0,"31":0},"b":{"1":[0,0],"2":[0,0],"3":[0,0]},"f":{"1":0,"2":0,"3":0,"4":0},"fnMap":{"1":{"name":"(anonymous_1)","line":8,"loc":{"start":{"line":8,"column":17},"end":{"line":8,"column":46}}},"2":{"name":"(anonymous_2)","line":17,"loc":{"start":{"line":17,"column":15},"end":{"line":17,"column":29}}},"3":{"name":"(anonymous_3)","line":41,"loc":{"start":{"line":41,"column":24},"end":{"line":41,"column":42}}},"4":{"name":"(anonymous_4)","line":61,"loc":{"start":{"line":61,"column":72},"end":{"line":61,"column":87}}}},"statementMap":{"1":{"start":{"line":1,"column":0},"end":{"line":1,"column":27}},"2":{"start":{"line":2,"column":0},"end":{"line":2,"column":33}},"3":{"start":{"line":3,"column":0},"end":{"line":3,"column":71}},"4":{"start":{"line":4,"column":0},"end":{"line":4,"column":43}},"5":{"start":{"line":5,"column":0},"end":{"line":5,"column":50}},"6":{"start":{"line":6,"column":0},"end":{"line":6,"column":36}},"7":{"start":{"line":8,"column":0},"end":{"line":72,"column":2}},"8":{"start":{"line":10,"column":2},"end":{"line":10,"column":26}},"9":{"start":{"line":12,"column":2},"end":{"line":12,"column":66}},"10":{"start":{"line":13,"column":2},"end":{"line":13,"column":69}},"11":{"start":{"line":15,"column":2},"end":{"line":15,"column":55}},"12":{"start":{"line":17,"column":2},"end":{"line":57,"column":4}},"13":{"start":{"line":23,"column":4},"end":{"line":23,"column":24}},"14":{"start":{"line":24,"column":4},"end":{"line":27,"column":7}},"15":{"start":{"line":29,"column":4},"end":{"line":29,"column":72}},"16":{"start":{"line":30,"column":4},"end":{"line":30,"column":71}},"17":{"start":{"line":31,"column":4},"end":{"line":31,"column":77}},"18":{"start":{"line":37,"column":4},"end":{"line":39,"column":7}},"19":{"start":{"line":40,"column":4},"end":{"line":40,"column":41}},"20":{"start":{"line":41,"column":4},"end":{"line":43,"column":7}},"21":{"start":{"line":42,"column":6},"end":{"line":42,"column":56}},"22":{"start":{"line":49,"column":4},"end":{"line":54,"column":6}},"23":{"start":{"line":56,"column":4},"end":{"line":56,"column":40}},"24":{"start":{"line":59,"column":2},"end":{"line":70,"column":3}},"25":{"start":{"line":60,"column":4},"end":{"line":60,"column":51}},"26":{"start":{"line":61,"column":4},"end":{"line":67,"column":7}},"27":{"start":{"line":62,"column":6},"end":{"line":64,"column":7}},"28":{"start":{"line":63,"column":8},"end":{"line":63,"column":29}},"29":{"start":{"line":65,"column":6},"end":{"line":65,"column":33}},"30":{"start":{"line":66,"column":6},"end":{"line":66,"column":23}},"31":{"start":{"line":69,"column":4},"end":{"line":69,"column":21}}},"branchMap":{"1":{"line":10,"type":"binary-expr","locations":[{"start":{"line":10,"column":12},"end":{"line":10,"column":19}},{"start":{"line":10,"column":23},"end":{"line":10,"column":25}}]},"2":{"line":59,"type":"if","locations":[{"start":{"line":59,"column":2},"end":{"line":59,"column":2}},{"start":{"line":59,"column":2},"end":{"line":59,"column":2}}]},"3":{"line":62,"type":"if","locations":[{"start":{"line":62,"column":6},"end":{"line":62,"column":6}},{"start":{"line":62,"column":6},"end":{"line":62,"column":6}}]}},"code":["var path = require('path');","var express = require('express');","var packageDependencyManager = require('./package-dependency-manager');","var webServer = require('./webapp/server');","var jobInitialiser = require('./job-initialiser');","var socketIO = require('socket.io');","","module.exports = function (options, callback) {","","  options = options || {};","","  var packagesLocalFolder = path.join(process.cwd(), \"/packages\");","  var packagesAtlasboardFolder = path.join(__dirname, \"../packages\");","","  var configPath = path.join(process.cwd(), \"/config\");","","  var runner = function (cb) {","","    //-----------------------------------","    // Init web server","    //-----------------------------------","","    var app = express();","    var httpServer = webServer(app, {","      port: options.port,","      packageLocations: [packagesLocalFolder, packagesAtlasboardFolder]","    });","","    console.log('\\n-------------------------------------------'.yellow);","    console.log(('Atlasboard listening at port ' + options.port).gray);","    console.log('-------------------------------------------'.yellow + '\\n');","","    //-----------------------------------","    // Init socket.io server","    //-----------------------------------","","    var io = socketIO.listen(httpServer, {","      'log level': 2","    });","    var startTime = new Date().getTime();","    io.on('connection', function (socket) {","      socket.emit(\"serverinfo\", {startTime: startTime});","    });","","    //-----------------------------------","    // Init jobs / scheduler","    //-----------------------------------","","    var jobOptions = {","      packagesPath: [packagesLocalFolder, packagesAtlasboardFolder],","      configPath: configPath,","      filters: options.filters,","      deps: {io: io, app: app}","    };","","    jobInitialiser.init(jobOptions, cb);","  };","","  if (options.install) {","    console.log('Installing dependencies...'.gray);","    packageDependencyManager.installDependencies([packagesLocalFolder], function (err) {","      if (err) {","        return callback(err);","      }","      console.log('done!'.green);","      runner(callback);","    });","  } else {","    runner(callback);","  }","","};","",""],"l":{"1":1,"2":1,"3":1,"4":1,"5":1,"6":1,"8":1,"10":0,"12":0,"13":0,"15":0,"17":0,"23":0,"24":0,"29":0,"30":0,"31":0,"37":0,"40":0,"41":0,"42":0,"49":0,"56":0,"59":0,"60":0,"61":0,"62":0,"63":0,"65":0,"66":0,"69":0}},"/home/travis/build/npmtest/node-npmtest-atlasboard/node_modules/atlasboard/lib/package-dependency-manager.js":{"path":"/home/travis/build/npmtest/node-npmtest-atlasboard/node_modules/atlasboard/lib/package-dependency-manager.js","s":{"1":1,"2":1,"3":1,"4":1,"5":1,"6":1,"7":1,"8":0,"9":0,"10":0,"11":0,"12":0,"13":0,"14":0,"15":0,"16":0,"17":1,"18":1,"19":0,"20":0,"21":0,"22":0,"23":0,"24":0,"25":0,"26":0,"27":1,"28":0,"29":1,"30":0,"31":0,"32":0,"33":0,"34":0,"35":0,"36":0,"37":0,"38":0,"39":0,"40":0,"41":1,"42":0,"43":0,"44":0,"45":0,"46":0,"47":0,"48":0,"49":0,"50":0,"51":1,"52":0,"53":0,"54":0,"55":0,"56":0,"57":0},"b":{"1":[0,0],"2":[0,0],"3":[0,0],"4":[0,0],"5":[0,0],"6":[0,0],"7":[0,0],"8":[0,0],"9":[0,0],"10":[0,0],"11":[0,0],"12":[0,0]},"f":{"1":0,"2":0,"3":0,"4":0,"5":0,"6":0,"7":0,"8":0,"9":0,"10":0,"11":0,"12":0,"13":0,"14":0,"15":0,"16":0,"17":0},"fnMap":{"1":{"name":"(anonymous_1)","line":8,"loc":{"start":{"line":8,"column":37},"end":{"line":8,"column":70}}},"2":{"name":"(anonymous_2)","line":11,"loc":{"start":{"line":11,"column":70},"end":{"line":11,"column":92}}},"3":{"name":"(anonymous_3)","line":15,"loc":{"start":{"line":15,"column":69},"end":{"line":15,"column":83}}},"4":{"name":"(anonymous_4)","line":20,"loc":{"start":{"line":20,"column":39},"end":{"line":20,"column":53}}},"5":{"name":"checkPackagesFolder","line":33,"loc":{"start":{"line":33,"column":0},"end":{"line":33,"column":47}}},"6":{"name":"(anonymous_6)","line":34,"loc":{"start":{"line":34,"column":27},"end":{"line":34,"column":56}}},"7":{"name":"(anonymous_7)","line":38,"loc":{"start":{"line":38,"column":40},"end":{"line":38,"column":60}}},"8":{"name":"(anonymous_8)","line":42,"loc":{"start":{"line":42,"column":43},"end":{"line":42,"column":56}}},"9":{"name":"getValidPackageJSON","line":53,"loc":{"start":{"line":53,"column":0},"end":{"line":53,"column":53}}},"10":{"name":"checkValidIfAtlasboardVersionForPackage","line":60,"loc":{"start":{"line":60,"column":0},"end":{"line":60,"column":72}}},"11":{"name":"(anonymous_11)","line":61,"loc":{"start":{"line":61,"column":35},"end":{"line":61,"column":61}}},"12":{"name":"(anonymous_12)","line":66,"loc":{"start":{"line":66,"column":51},"end":{"line":66,"column":87}}},"13":{"name":"install","line":87,"loc":{"start":{"line":87,"column":0},"end":{"line":87,"column":44}}},"14":{"name":"(anonymous_14)","line":94,"loc":{"start":{"line":94,"column":75},"end":{"line":94,"column":94}}},"15":{"name":"executeCommand","line":109,"loc":{"start":{"line":109,"column":0},"end":{"line":109,"column":45}}},"16":{"name":"(anonymous_16)","line":112,"loc":{"start":{"line":112,"column":20},"end":{"line":112,"column":35}}},"17":{"name":"(anonymous_17)","line":115,"loc":{"start":{"line":115,"column":19},"end":{"line":115,"column":35}}}},"statementMap":{"1":{"start":{"line":1,"column":0},"end":{"line":1,"column":29}},"2":{"start":{"line":2,"column":0},"end":{"line":2,"column":23}},"3":{"start":{"line":3,"column":0},"end":{"line":3,"column":27}},"4":{"start":{"line":4,"column":0},"end":{"line":4,"column":31}},"5":{"start":{"line":5,"column":0},"end":{"line":5,"column":44}},"6":{"start":{"line":6,"column":0},"end":{"line":6,"column":31}},"7":{"start":{"line":8,"column":0},"end":{"line":25,"column":2}},"8":{"start":{"line":11,"column":2},"end":{"line":24,"column":5}},"9":{"start":{"line":12,"column":4},"end":{"line":12,"column":37}},"10":{"start":{"line":12,"column":14},"end":{"line":12,"column":35}},"11":{"start":{"line":13,"column":4},"end":{"line":13,"column":35}},"12":{"start":{"line":15,"column":4},"end":{"line":23,"column":7}},"13":{"start":{"line":16,"column":6},"end":{"line":18,"column":7}},"14":{"start":{"line":17,"column":8},"end":{"line":17,"column":29}},"15":{"start":{"line":20,"column":6},"end":{"line":22,"column":9}},"16":{"start":{"line":21,"column":8},"end":{"line":21,"column":22}},"17":{"start":{"line":27,"column":0},"end":{"line":27,"column":60}},"18":{"start":{"line":33,"column":0},"end":{"line":48,"column":1}},"19":{"start":{"line":34,"column":2},"end":{"line":47,"column":5}},"20":{"start":{"line":35,"column":4},"end":{"line":35,"column":31}},"21":{"start":{"line":35,"column":14},"end":{"line":35,"column":29}},"22":{"start":{"line":38,"column":4},"end":{"line":39,"column":54}},"23":{"start":{"line":39,"column":8},"end":{"line":39,"column":51}},"24":{"start":{"line":42,"column":4},"end":{"line":44,"column":7}},"25":{"start":{"line":43,"column":6},"end":{"line":43,"column":84}},"26":{"start":{"line":46,"column":4},"end":{"line":46,"column":29}},"27":{"start":{"line":53,"column":0},"end":{"line":55,"column":1}},"28":{"start":{"line":54,"column":2},"end":{"line":54,"column":52}},"29":{"start":{"line":60,"column":0},"end":{"line":82,"column":1}},"30":{"start":{"line":61,"column":2},"end":{"line":81,"column":5}},"31":{"start":{"line":62,"column":4},"end":{"line":64,"column":5}},"32":{"start":{"line":63,"column":6},"end":{"line":63,"column":27}},"33":{"start":{"line":66,"column":4},"end":{"line":80,"column":7}},"34":{"start":{"line":67,"column":6},"end":{"line":67,"column":108}},"35":{"start":{"line":67,"column":17},"end":{"line":67,"column":106}},"36":{"start":{"line":69,"column":6},"end":{"line":79,"column":7}},"37":{"start":{"line":70,"column":8},"end":{"line":70,"column":97}},"38":{"start":{"line":71,"column":8},"end":{"line":73,"column":108}},"39":{"start":{"line":75,"column":8},"end":{"line":75,"column":34}},"40":{"start":{"line":78,"column":8},"end":{"line":78,"column":23}},"41":{"start":{"line":87,"column":0},"end":{"line":103,"column":1}},"42":{"start":{"line":88,"column":2},"end":{"line":88,"column":31}},"43":{"start":{"line":89,"column":2},"end":{"line":89,"column":33}},"44":{"start":{"line":91,"column":2},"end":{"line":91,"column":48}},"45":{"start":{"line":92,"column":2},"end":{"line":92,"column":49}},"46":{"start":{"line":94,"column":2},"end":{"line":100,"column":5}},"47":{"start":{"line":95,"column":4},"end":{"line":99,"column":5}},"48":{"start":{"line":96,"column":6},"end":{"line":96,"column":88}},"49":{"start":{"line":98,"column":6},"end":{"line":98,"column":74}},"50":{"start":{"line":102,"column":2},"end":{"line":102,"column":26}},"51":{"start":{"line":109,"column":0},"end":{"line":118,"column":1}},"52":{"start":{"line":110,"column":2},"end":{"line":110,"column":46}},"53":{"start":{"line":111,"column":2},"end":{"line":111,"column":64}},"54":{"start":{"line":112,"column":2},"end":{"line":114,"column":5}},"55":{"start":{"line":113,"column":4},"end":{"line":113,"column":18}},"56":{"start":{"line":115,"column":2},"end":{"line":117,"column":5}},"57":{"start":{"line":116,"column":4},"end":{"line":116,"column":25}}},"branchMap":{"1":{"line":12,"type":"if","locations":[{"start":{"line":12,"column":4},"end":{"line":12,"column":4}},{"start":{"line":12,"column":4},"end":{"line":12,"column":4}}]},"2":{"line":16,"type":"if","locations":[{"start":{"line":16,"column":6},"end":{"line":16,"column":6}},{"start":{"line":16,"column":6},"end":{"line":16,"column":6}}]},"3":{"line":35,"type":"if","locations":[{"start":{"line":35,"column":4},"end":{"line":35,"column":4}},{"start":{"line":35,"column":4},"end":{"line":35,"column":4}}]},"4":{"line":43,"type":"binary-expr","locations":[{"start":{"line":43,"column":13},"end":{"line":43,"column":43}},{"start":{"line":43,"column":47},"end":{"line":43,"column":83}}]},"5":{"line":62,"type":"if","locations":[{"start":{"line":62,"column":4},"end":{"line":62,"column":4}},{"start":{"line":62,"column":4},"end":{"line":62,"column":4}}]},"6":{"line":67,"type":"if","locations":[{"start":{"line":67,"column":6},"end":{"line":67,"column":6}},{"start":{"line":67,"column":6},"end":{"line":67,"column":6}}]},"7":{"line":69,"type":"if","locations":[{"start":{"line":69,"column":6},"end":{"line":69,"column":6}},{"start":{"line":69,"column":6},"end":{"line":69,"column":6}}]},"8":{"line":69,"type":"binary-expr","locations":[{"start":{"line":69,"column":10},"end":{"line":69,"column":29}},{"start":{"line":69,"column":33},"end":{"line":69,"column":63}}]},"9":{"line":75,"type":"cond-expr","locations":[{"start":{"line":75,"column":22},"end":{"line":75,"column":26}},{"start":{"line":75,"column":29},"end":{"line":75,"column":32}}]},"10":{"line":92,"type":"cond-expr","locations":[{"start":{"line":92,"column":31},"end":{"line":92,"column":40}},{"start":{"line":92,"column":43},"end":{"line":92,"column":48}}]},"11":{"line":95,"type":"if","locations":[{"start":{"line":95,"column":4},"end":{"line":95,"column":4}},{"start":{"line":95,"column":4},"end":{"line":95,"column":4}}]},"12":{"line":98,"type":"cond-expr","locations":[{"start":{"line":98,"column":28},"end":{"line":98,"column":65}},{"start":{"line":98,"column":68},"end":{"line":98,"column":72}}]}},"code":["var async = require('async');","var fs = require('fs');","var path = require('path');","var _ = require ('underscore');","var readJson = require('read-package-json');","var semver = require('semver');","","module.exports.installDependencies = function (packagesPath, callback){","","  // Process all available package containers","  async.map (packagesPath.filter(fs.existsSync), checkPackagesFolder, function(err, results){","    if (err){ return callback(err); }","    var paths = _.flatten(results);","","    async.eachSeries(paths, checkValidIfAtlasboardVersionForPackage, function (err){","      if (err){","        return callback(err);","      }","","      async.eachSeries(paths, install, function (err){","        callback(err);","      });","    });","  });","};","","var atlasboardPackageJsonPath = path.join(__dirname, '../'); // in both test and production env will be located here.","","/**"," * Search for packages in the current folder"," */","","function checkPackagesFolder (packagesPath, cb){","  fs.readdir(packagesPath, function(err, allPackagesDir){","    if (err){ return cb(err); }","","    // convert to absolute path","    allPackagesDir = allPackagesDir.map(function(partialDir){","        return path.join(packagesPath, partialDir);});","","    // make sure we have package.json file","    allPackagesDir = allPackagesDir.filter(function(dir){","      return fs.statSync(dir).isDirectory() && fs.existsSync(dir + '/package.json');","    });","","    cb(null, allPackagesDir);","  });","}","","/**"," * Install from package folder"," */","function getValidPackageJSON (pathPackage, callback) {","  readJson(pathPackage + '/package.json', callback);","}","","/**"," * Install from package folder"," */","function checkValidIfAtlasboardVersionForPackage (pathPackage, callback){","  getValidPackageJSON(pathPackage, function(err, packageJson){","    if (err){","      return callback(err);","    }","","    getValidPackageJSON(atlasboardPackageJsonPath, function(err, atlasboardPackageJson){","      if (err) { return callback('package.json not found for atlasboard at ' + atlasboardPackageJsonPath); }","","      if (packageJson.engines && packageJson.engines.atlasboard){","        var ok = semver.satisfies(atlasboardPackageJson.version, packageJson.engines.atlasboard);","        var msg = 'Atlasboard version does not satisfy package dependencies at ' +","                  pathPackage + '. Please consider updating your version of atlasboard. Version required: '+","                  packageJson.engines.atlasboard + '. Atlasboard version: ' + atlasboardPackageJson.version;","","        callback(ok ? null : msg);","      }","      else {","        callback(null); // not atlasboard reference in engines node","      }","    });","  });","}","","/**"," * Install from package folder"," */","function install (pathPackageJson, callback){","  var currPath = process.cwd(); // save current path","  process.chdir(pathPackageJson);","  ","  var isWindows = /^win/.test(process.platform);","  var npmCommand = isWindows ? \"npm.cmd\" : \"npm\";","","  executeCommand(npmCommand, [\"install\", \"--production\", pathPackageJson], function(err, code){","    if (err){","      callback('Error installing dependencies for ' + pathPackageJson + '. err:' + err);","    } else {","      callback(code !== 0 ? 'error installing ' + pathPackageJson : null);","    }","  });","","  process.chdir(currPath); //restore path","}","","/**"," * Executes a command in a childProcess"," */","","function executeCommand(cmd, args, callback) {","  var childProcess = require('child_process');","  var child = childProcess.spawn(cmd, args, {stdio: 'inherit'});","  child.on('error', function (err) {","    callback(err);","  });","  child.on('exit', function (code) {","    callback(null, code);","  });","}"],"l":{"1":1,"2":1,"3":1,"4":1,"5":1,"6":1,"8":1,"11":0,"12":0,"13":0,"15":0,"16":0,"17":0,"20":0,"21":0,"27":1,"33":1,"34":0,"35":0,"38":0,"39":0,"42":0,"43":0,"46":0,"53":1,"54":0,"60":1,"61":0,"62":0,"63":0,"66":0,"67":0,"69":0,"70":0,"71":0,"75":0,"78":0,"87":1,"88":0,"89":0,"91":0,"92":0,"94":0,"95":0,"96":0,"98":0,"102":0,"109":1,"110":0,"111":0,"112":0,"113":0,"115":0,"116":0}},"/home/travis/build/npmtest/node-npmtest-atlasboard/node_modules/atlasboard/lib/webapp/server.js":{"path":"/home/travis/build/npmtest/node-npmtest-atlasboard/node_modules/atlasboard/lib/webapp/server.js","s":{"1":1,"2":1,"3":1,"4":1,"5":1,"6":1,"7":1,"8":1,"9":1,"10":1,"11":1,"12":1,"13":0,"14":0,"15":0,"16":0,"17":0,"18":0,"19":0,"20":0,"21":0,"22":0,"23":0,"24":0,"25":0,"26":0,"27":0,"28":0,"29":0,"30":0,"31":0,"32":0},"b":{"1":[0,0]},"f":{"1":0},"fnMap":{"1":{"name":"(anonymous_1)","line":13,"loc":{"start":{"line":13,"column":27},"end":{"line":13,"column":51}}}},"statementMap":{"1":{"start":{"line":1,"column":0},"end":{"line":1,"column":27}},"2":{"start":{"line":2,"column":0},"end":{"line":2,"column":27}},"3":{"start":{"line":3,"column":0},"end":{"line":3,"column":48}},"4":{"start":{"line":4,"column":0},"end":{"line":4,"column":31}},"5":{"start":{"line":5,"column":0},"end":{"line":5,"column":41}},"6":{"start":{"line":6,"column":0},"end":{"line":6,"column":40}},"7":{"start":{"line":7,"column":0},"end":{"line":7,"column":43}},"8":{"start":{"line":8,"column":0},"end":{"line":8,"column":34}},"9":{"start":{"line":9,"column":0},"end":{"line":9,"column":33}},"10":{"start":{"line":10,"column":0},"end":{"line":10,"column":36}},"11":{"start":{"line":11,"column":0},"end":{"line":11,"column":49}},"12":{"start":{"line":13,"column":0},"end":{"line":51,"column":2}},"13":{"start":{"line":15,"column":2},"end":{"line":15,"column":36}},"14":{"start":{"line":17,"column":2},"end":{"line":17,"column":68}},"15":{"start":{"line":18,"column":2},"end":{"line":18,"column":61}},"16":{"start":{"line":20,"column":2},"end":{"line":20,"column":70}},"17":{"start":{"line":22,"column":2},"end":{"line":22,"column":32}},"18":{"start":{"line":24,"column":2},"end":{"line":24,"column":51}},"19":{"start":{"line":25,"column":2},"end":{"line":25,"column":25}},"20":{"start":{"line":26,"column":2},"end":{"line":26,"column":52}},"21":{"start":{"line":27,"column":2},"end":{"line":27,"column":29}},"22":{"start":{"line":28,"column":2},"end":{"line":28,"column":28}},"23":{"start":{"line":29,"column":2},"end":{"line":29,"column":26}},"24":{"start":{"line":31,"column":2},"end":{"line":34,"column":6}},"25":{"start":{"line":40,"column":2},"end":{"line":40,"column":45}},"26":{"start":{"line":41,"column":2},"end":{"line":41,"column":48}},"27":{"start":{"line":42,"column":2},"end":{"line":42,"column":50}},"28":{"start":{"line":44,"column":2},"end":{"line":44,"column":40}},"29":{"start":{"line":46,"column":2},"end":{"line":46,"column":66}},"30":{"start":{"line":47,"column":2},"end":{"line":49,"column":3}},"31":{"start":{"line":48,"column":4},"end":{"line":48,"column":64}},"32":{"start":{"line":50,"column":2},"end":{"line":50,"column":20}}},"branchMap":{"1":{"line":47,"type":"if","locations":[{"start":{"line":47,"column":2},"end":{"line":47,"column":2}},{"start":{"line":47,"column":2},"end":{"line":47,"column":2}}]}},"code":["var http = require('http');","var path = require('path');","var methodOverride = require('method-override');","var morgan = require('morgan');","var compression = require('compression');","var bodyParser = require('body-parser');","var errorhandler = require('errorhandler');","var stylus = require('../stylus');","var express = require('express');","var routes = require('./routes.js');","var configManager = require('../config-manager');","","exports = module.exports = function (app, options) {","","  http.globalAgent.maxSockets = 100;","","  var atlasboardAssetsFolder = path.join(__dirname, \"../../assets\");","  var localAssetsFolder = path.join(process.cwd(), \"assets\");","","  var compiledAssetsFolder = path.join(localAssetsFolder, 'compiled');","","  app.set('port', options.port);","","  app.use(morgan(configManager('logging').morgan));","  app.use(compression());","  app.use(bodyParser.urlencoded({extended: false}));","  app.use(bodyParser.json());","  app.use(methodOverride());","  app.use(errorhandler());","","  app.use(stylus.getMiddleware({","    src: atlasboardAssetsFolder,","    dest: compiledAssetsFolder","  }));","","  // -----------------------------------------","  //  Expose both wallboard and Atlasboard assets.","  //  Local wallboard assets take precedence","  // -----------------------------------------","  app.use(express.static(localAssetsFolder));","  app.use(express.static(compiledAssetsFolder));","  app.use(express.static(atlasboardAssetsFolder));","","  routes(app, options.packageLocations);","","  var httpServer = http.createServer(app).listen(app.get('port'));","  if (!app.get('port')) {","    throw ('Error binding http server to port ' + options.port);","  }","  return httpServer;","};"],"l":{"1":1,"2":1,"3":1,"4":1,"5":1,"6":1,"7":1,"8":1,"9":1,"10":1,"11":1,"13":1,"15":0,"17":0,"18":0,"20":0,"22":0,"24":0,"25":0,"26":0,"27":0,"28":0,"29":0,"31":0,"40":0,"41":0,"42":0,"44":0,"46":0,"47":0,"48":0,"50":0}},"/home/travis/build/npmtest/node-npmtest-atlasboard/node_modules/atlasboard/lib/stylus.js":{"path":"/home/travis/build/npmtest/node-npmtest-atlasboard/node_modules/atlasboard/lib/stylus.js","s":{"1":1,"2":1,"3":1,"4":1,"5":1,"6":1,"7":1,"8":1,"9":1,"10":1,"11":1,"12":1,"13":1,"14":0,"15":0,"16":0,"17":0,"18":0,"19":0,"20":0,"21":0,"22":0,"23":1,"24":0,"25":0,"26":0,"27":0,"28":0},"b":{"1":[0,0],"2":[0,0]},"f":{"1":1,"2":0,"3":0,"4":0,"5":0},"fnMap":{"1":{"name":"(anonymous_1)","line":9,"loc":{"start":{"line":9,"column":28},"end":{"line":9,"column":40}}},"2":{"name":"getStylusObject","line":18,"loc":{"start":{"line":18,"column":2},"end":{"line":18,"column":32}}},"3":{"name":"(anonymous_3)","line":40,"loc":{"start":{"line":40,"column":19},"end":{"line":40,"column":38}}},"4":{"name":"(anonymous_4)","line":45,"loc":{"start":{"line":45,"column":17},"end":{"line":45,"column":42}}},"5":{"name":"(anonymous_5)","line":63,"loc":{"start":{"line":63,"column":18},"end":{"line":63,"column":37}}}},"statementMap":{"1":{"start":{"line":1,"column":0},"end":{"line":1,"column":23}},"2":{"start":{"line":2,"column":0},"end":{"line":2,"column":27}},"3":{"start":{"line":3,"column":0},"end":{"line":3,"column":31}},"4":{"start":{"line":4,"column":0},"end":{"line":4,"column":25}},"5":{"start":{"line":5,"column":0},"end":{"line":5,"column":48}},"6":{"start":{"line":6,"column":0},"end":{"line":6,"column":46}},"7":{"start":{"line":7,"column":0},"end":{"line":7,"column":40}},"8":{"start":{"line":9,"column":0},"end":{"line":68,"column":5}},"9":{"start":{"line":11,"column":2},"end":{"line":11,"column":47}},"10":{"start":{"line":13,"column":2},"end":{"line":13,"column":100}},"11":{"start":{"line":14,"column":2},"end":{"line":14,"column":104}},"12":{"start":{"line":16,"column":2},"end":{"line":16,"column":95}},"13":{"start":{"line":18,"column":2},"end":{"line":30,"column":3}},"14":{"start":{"line":19,"column":4},"end":{"line":19,"column":30}},"15":{"start":{"line":20,"column":4},"end":{"line":20,"column":33}},"16":{"start":{"line":22,"column":4},"end":{"line":28,"column":5}},"17":{"start":{"line":23,"column":6},"end":{"line":23,"column":49}},"18":{"start":{"line":24,"column":6},"end":{"line":24,"column":33}},"19":{"start":{"line":25,"column":11},"end":{"line":28,"column":5}},"20":{"start":{"line":26,"column":6},"end":{"line":26,"column":59}},"21":{"start":{"line":27,"column":6},"end":{"line":27,"column":38}},"22":{"start":{"line":29,"column":4},"end":{"line":29,"column":19}},"23":{"start":{"line":32,"column":2},"end":{"line":66,"column":4}},"24":{"start":{"line":41,"column":6},"end":{"line":54,"column":9}},"25":{"start":{"line":46,"column":10},"end":{"line":46,"column":45}},"26":{"start":{"line":47,"column":10},"end":{"line":50,"column":26}},"27":{"start":{"line":52,"column":10},"end":{"line":52,"column":25}},"28":{"start":{"line":64,"column":6},"end":{"line":64,"column":38}}},"branchMap":{"1":{"line":22,"type":"if","locations":[{"start":{"line":22,"column":4},"end":{"line":22,"column":4}},{"start":{"line":22,"column":4},"end":{"line":22,"column":4}}]},"2":{"line":25,"type":"if","locations":[{"start":{"line":25,"column":11},"end":{"line":25,"column":11}},{"start":{"line":25,"column":11},"end":{"line":25,"column":11}}]}},"code":["var fs = require('fs');","var path = require('path');","var stylus = require('stylus');","var nib = require('nib');","var configManager = require('./config-manager');","var pathResolver = require('./path-resolver');","var debug = require('debug')('theming');","","exports = module.exports = (function () {","","  var themingConfig = configManager('theming');","","  var localTheme = pathResolver.fromLocalWallboard('themes', themingConfig.theme, 'variables.styl');","  var atlasboardTheme = pathResolver.fromAtlasboard('../themes', themingConfig.theme, 'variables.styl');","","  var defaultTheme = pathResolver.fromAtlasboard('../assets', 'stylesheets', 'variables.styl');","","  function getStylusObject(str) {","    var stylObj = stylus(str);","    stylObj.import(defaultTheme); // import default core stylus variables","","    if (fs.existsSync(localTheme)) { // try importing local theme first","      debug('importing local theme', localTheme);","      stylObj.import(localTheme);","    } else if (fs.existsSync(atlasboardTheme)) { // try importing from atlasboard's theme folder","      debug('importing atlasboard theme', atlasboardTheme);","      stylObj.import(atlasboardTheme);","    }","    return stylObj;","  }","","  return {","","    /**","     * Returns stylus middleware configured to use Atlasboard themes","     * @param options","     * @returns {*}","     */","","    getMiddleware: function (options) {","      return stylus.middleware({","        src: options.src,","        dest: options.dest,","","        compile: function (str, filePath) {","          var stylObj = getStylusObject(str);","          stylObj.set('filename', filePath)","              .set('warn', false)","              .set('compress', true)","              .use(nib());","","          return stylObj;","        }","      });","    },","","    /**","     * Process widget stylus","     * @param str","     * @param cb","     */","","    getWidgetCSS: function (str, cb) {","      getStylusObject(str).render(cb);","    }","  };","","})();"],"l":{"1":1,"2":1,"3":1,"4":1,"5":1,"6":1,"7":1,"9":1,"11":1,"13":1,"14":1,"16":1,"18":1,"19":0,"20":0,"22":0,"23":0,"24":0,"25":0,"26":0,"27":0,"29":0,"32":1,"41":0,"46":0,"47":0,"52":0,"64":0}},"/home/travis/build/npmtest/node-npmtest-atlasboard/node_modules/atlasboard/lib/config-manager.js":{"path":"/home/travis/build/npmtest/node-npmtest-atlasboard/node_modules/atlasboard/lib/config-manager.js","s":{"1":1,"2":1,"3":1,"4":1,"5":1,"6":1,"7":4,"8":4,"9":4,"10":2,"11":2,"12":1,"13":2,"14":2,"15":2,"16":0,"17":0,"18":0,"19":0,"20":0,"21":0,"22":0,"23":2,"24":2,"25":2},"b":{"1":[4,0],"2":[2,2],"3":[0,2],"4":[0,0]},"f":{"1":2,"2":4,"3":2},"fnMap":{"1":{"name":"(anonymous_1)","line":6,"loc":{"start":{"line":6,"column":27},"end":{"line":6,"column":53}}},"2":{"name":"readConfigIfExists","line":
[...]
5,"column":5}},"22":{"start":{"line":34,"column":6},"end":{"line":34,"column":103}},"23":{"start":{"line":38,"column":4},"end":{"line":40,"column":5}},"24":{"start":{"line":39,"column":6},"end":{"line":39,"column":140}},"25":{"start":{"line":43,"column":4},"end":{"line":45,"column":5}},"26":{"start":{"line":44,"column":6},"end":{"line":44,"column":125}},"27":{"start":{"line":48,"column":4},"end":{"line":48,"column":73}},"28":{"start":{"line":50,"column":4},"end":{"line":50,"column":21}},"29":{"start":{"line":51,"column":4},"end":{"line":51,"column":20}},"30":{"start":{"line":53,"column":4},"end":{"line":72,"column":5}},"31":{"start":{"line":54,"column":6},"end":{"line":54,"column":67}},"32":{"start":{"line":55,"column":6},"end":{"line":55,"column":80}},"33":{"start":{"line":59,"column":6},"end":{"line":59,"column":48}},"34":{"start":{"line":60,"column":6},"end":{"line":60,"column":83}},"35":{"start":{"line":62,"column":6},"end":{"line":71,"column":8}},"36":{"start":{"line":74,"column":4},"end":{"line":76,"column":5}},"37":{"start":{"line":75,"column":6},"end":{"line":75,"column":91}},"38":{"start":{"line":78,"column":4},"end":{"line":78,"column":64}},"39":{"start":{"line":79,"column":4},"end":{"line":79,"column":57}},"40":{"start":{"line":80,"column":4},"end":{"line":80,"column":43}},"41":{"start":{"line":86,"column":4},"end":{"line":86,"column":41}},"42":{"start":{"line":87,"column":4},"end":{"line":89,"column":5}},"43":{"start":{"line":88,"column":6},"end":{"line":88,"column":48}},"44":{"start":{"line":91,"column":4},"end":{"line":93,"column":5}},"45":{"start":{"line":92,"column":6},"end":{"line":92,"column":43}},"46":{"start":{"line":95,"column":4},"end":{"line":95,"column":82}},"47":{"start":{"line":97,"column":4},"end":{"line":97,"column":42}},"48":{"start":{"line":99,"column":4},"end":{"line":101,"column":5}},"49":{"start":{"line":100,"column":6},"end":{"line":100,"column":136}},"50":{"start":{"line":103,"column":4},"end":{"line":105,"column":5}},"51":{"start":{"line":104,"column":6},"end":{"line":104,"column":109}},"52":{"start":{"line":107,"column":4},"end":{"line":107,"column":48}},"53":{"start":{"line":108,"column":4},"end":{"line":113,"column":6}},"54":{"start":{"line":114,"column":4},"end":{"line":114,"column":61}},"55":{"start":{"line":118,"column":4},"end":{"line":118,"column":79}},"56":{"start":{"line":119,"column":4},"end":{"line":132,"column":7}},"57":{"start":{"line":120,"column":6},"end":{"line":120,"column":42}},"58":{"start":{"line":121,"column":6},"end":{"line":129,"column":9}},"59":{"start":{"line":122,"column":8},"end":{"line":122,"column":34}},"60":{"start":{"line":122,"column":18},"end":{"line":122,"column":33}},"61":{"start":{"line":123,"column":8},"end":{"line":123,"column":42}},"62":{"start":{"line":124,"column":8},"end":{"line":128,"column":11}},"63":{"start":{"line":125,"column":10},"end":{"line":125,"column":36}},"64":{"start":{"line":125,"column":20},"end":{"line":125,"column":35}},"65":{"start":{"line":126,"column":10},"end":{"line":126,"column":38}},"66":{"start":{"line":127,"column":10},"end":{"line":127,"column":76}},"67":{"start":{"line":131,"column":6},"end":{"line":131,"column":40}},"68":{"start":{"line":136,"column":4},"end":{"line":138,"column":5}},"69":{"start":{"line":137,"column":6},"end":{"line":137,"column":127}},"70":{"start":{"line":141,"column":4},"end":{"line":141,"column":34}},"71":{"start":{"line":145,"column":4},"end":{"line":145,"column":68}},"72":{"start":{"line":146,"column":4},"end":{"line":146,"column":82}}},"branchMap":{"1":{"line":25,"type":"if","locations":[{"start":{"line":25,"column":4},"end":{"line":25,"column":4}},{"start":{"line":25,"column":4},"end":{"line":25,"column":4}}]},"2":{"line":33,"type":"if","locations":[{"start":{"line":33,"column":4},"end":{"line":33,"column":4}},{"start":{"line":33,"column":4},"end":{"line":33,"column":4}}]},"3":{"line":38,"type":"if","locations":[{"start":{"line":38,"column":4},"end":{"line":38,"column":4}},{"start":{"line":38,"column":4},"end":{"line":38,"column":4}}]},"4":{"line":43,"type":"if","locations":[{"start":{"line":43,"column":4},"end":{"line":43,"column":4}},{"start":{"line":43,"column":4},"end":{"line":43,"column":4}}]},"5":{"line":53,"type":"if","locations":[{"start":{"line":53,"column":4},"end":{"line":53,"column":4}},{"start":{"line":53,"column":4},"end":{"line":53,"column":4}}]},"6":{"line":74,"type":"if","locations":[{"start":{"line":74,"column":4},"end":{"line":74,"column":4}},{"start":{"line":74,"column":4},"end":{"line":74,"column":4}}]},"7":{"line":87,"type":"if","locations":[{"start":{"line":87,"column":4},"end":{"line":87,"column":4}},{"start":{"line":87,"column":4},"end":{"line":87,"column":4}}]},"8":{"line":91,"type":"if","locations":[{"start":{"line":91,"column":4},"end":{"line":91,"column":4}},{"start":{"line":91,"column":4},"end":{"line":91,"column":4}}]},"9":{"line":99,"type":"if","locations":[{"start":{"line":99,"column":4},"end":{"line":99,"column":4}},{"start":{"line":99,"column":4},"end":{"line":99,"column":4}}]},"10":{"line":103,"type":"if","locations":[{"start":{"line":103,"column":4},"end":{"line":103,"column":4}},{"start":{"line":103,"column":4},"end":{"line":103,"column":4}}]},"11":{"line":118,"type":"cond-expr","locations":[{"start":{"line":118,"column":49},"end":{"line":118,"column":61}},{"start":{"line":118,"column":64},"end":{"line":118,"column":78}}]},"12":{"line":122,"type":"if","locations":[{"start":{"line":122,"column":8},"end":{"line":122,"column":8}},{"start":{"line":122,"column":8},"end":{"line":122,"column":8}}]},"13":{"line":125,"type":"if","locations":[{"start":{"line":125,"column":10},"end":{"line":125,"column":10}},{"start":{"line":125,"column":10},"end":{"line":125,"column":10}}]},"14":{"line":127,"type":"cond-expr","locations":[{"start":{"line":127,"column":63},"end":{"line":127,"column":67}},{"start":{"line":127,"column":70},"end":{"line":127,"column":74}}]},"15":{"line":127,"type":"binary-expr","locations":[{"start":{"line":127,"column":20},"end":{"line":127,"column":39}},{"start":{"line":127,"column":43},"end":{"line":127,"column":59}}]},"16":{"line":136,"type":"if","locations":[{"start":{"line":136,"column":4},"end":{"line":136,"column":4}},{"start":{"line":136,"column":4},"end":{"line":136,"column":4}}]}},"code":["//#!/usr/bin/env node","var fs = require('fs');","var path = require('path');","var scaffolding = require('./scaffolding');","var itemManager = require('../item-manager');","var async = require('async');","var _ = require('underscore');","var helpers = require('../helpers');","var packageDependencyManager = require('../package-dependency-manager');","var atlasboard = require('../atlasboard');","","require('colors');","","function directoryHasAtlasBoardProject(dir){","  var requiredItems = [\"packages\", \"package.json\", \"config\"]; //the project should have these items","  return requiredItems.every(function (item) { return fs.existsSync(path.join(dir, item));});","}","","var validNewDirectoryExp = /^[a-zA-Z0-9_-]*$/;","","module.exports = {","","  generate: function (projectDir, package, itemType, itemName, callback){","","    if (!helpers.areValidPathElements([itemType, itemName])){","      return callback('invalid input');","    }","","    var templateFolder = path.join(__dirname, \"../..\", \"templates\", \"new-components\");","","    //Assert valid parameter usage","    var itemsToGenerate = [\"widget\", \"dashboard\", \"job\"];","    if (itemsToGenerate.indexOf(itemType) == -1) {","      return callback(\"Invalid generator \" + itemType + \"\\nUse one of: \" + itemsToGenerate.join(\", \"));","    }","","    //Assert a project already exists here","    if (!directoryHasAtlasBoardProject(projectDir)){","      return callback(\"It seems that no project exists here yet. Please navigate to your project's root directory, or generate one first.\");","    }","","    //Assert name given","    if (!itemName) {","      return callback(\"ERROR: No \" + itemType + \" name provided. Please try again with a name after the generate parameter\");","    }","","    //Assert no such item exists there yet","    var destPackageLocation = path.join(projectDir, \"packages\", package);","","    var options = {};","    var target, src;","","    if (itemType === 'dashboard'){ // all dashboards files are stored within the dashboards folder","      src = path.join(templateFolder, 'dashboard', 'default.json');","      target = path.join(destPackageLocation, 'dashboards', itemName + '.json');","    }","    else {","","      src = path.join(templateFolder, itemType);","      target = path.join(path.join(destPackageLocation, itemType + \"s\"), itemName);","","      options = {","        engine : 'ejs',","        data : {","          name: itemName","        },","        replace: {","          \"widget.\": itemName + '.',","          \"default.js\": itemName + '.js'","         }","      };","    }","","    if (fs.existsSync(target)) {","      return callback (\"ERROR: This \" + itemType + \" already seems to exist at \" + target);","    }","","    console.log(\"\\nCreating new %s at %s...\", itemType, target);","    scaffolding.scaffold(src, target, options, callback);","    console.log(\"SUCCESS !!\".green + '\\n');","  },","","  newProject: function(srcDir, destDir, callback) {","","    //check for valid directory name","    var dirName = path.basename(destDir);","    if (!dirName.match(validNewDirectoryExp)){","      return callback('Invalid wallboard name');","    }","","    if (!helpers.isPathContainedInRoot(destDir, process.cwd())){","      return callback('invalid directory');","    }","","    console.log(\"\\n  Generating a new AtlasBoard project at %s...\", destDir.gray);","","    var parentDir = path.dirname(destDir);","","    if (directoryHasAtlasBoardProject(parentDir)){","      return callback(\"You can not create an atlasboard inside a directory containing an atlasboard (at least we think you shouldn't)\");","    }","","    if (fs.existsSync(destDir)) {","      return callback(\"There is already a directory here called \" + destDir + \". Please choose a new name.\");","    }","","    console.log(\"  Creating new wallboard ...\");","    var options = {","      engine : 'ejs',","      data : {","        name : dirName","      }","    };","    scaffolding.scaffold(srcDir, destDir, options, callback);","  },","","  list : function(packagesPath, callback){","    packagesPath = Array.isArray(packagesPath) ? packagesPath : [packagesPath];","    async.map(_.unique(packagesPath), function(packagePath, cb){","      var list = { package : packagePath};","      itemManager.getByPackage(packagePath, \"widgets\", \".js\", function(err, packagesWidgetList){","        if (err) {return cb(err);}","        list.widgets = packagesWidgetList;","        itemManager.getByPackage(packagePath, \"jobs\", \".js\", function(err, packagesJobList){","          if (err) {return cb(err);}","          list.jobs = packagesJobList;","          cb(null, (list.widgets.length && list.jobs.length) ? list : null);","        });","      });","    }, function (err, results){","      callback(err, _.compact(results));","    });","  },","","  start : function(options, callback){","    if (!directoryHasAtlasBoardProject(process.cwd())){","      return callback(\"I couldn't find a valid AtlasBoard dashboard. Try generating one with `atlasboard new DASHBOARDNAME`.\");","    }","","    // start AtlasBoard","    atlasboard(options, callback);","  },","","  install : function(options, callback) {","    var packagesLocalFolder = path.join(process.cwd(), \"/packages\");","    packageDependencyManager.installDependencies([packagesLocalFolder], callback);","  }","};",""],"l":{"2":1,"3":1,"4":1,"5":1,"6":1,"7":1,"8":1,"9":1,"10":1,"12":1,"14":1,"15":0,"16":0,"19":1,"21":1,"25":0,"26":0,"29":0,"32":0,"33":0,"34":0,"38":0,"39":0,"43":0,"44":0,"48":0,"50":0,"51":0,"53":0,"54":0,"55":0,"59":0,"60":0,"62":0,"74":0,"75":0,"78":0,"79":0,"80":0,"86":0,"87":0,"88":0,"91":0,"92":0,"95":0,"97":0,"99":0,"100":0,"103":0,"104":0,"107":0,"108":0,"114":0,"118":0,"119":0,"120":0,"121":0,"122":0,"123":0,"124":0,"125":0,"126":0,"127":0,"131":0,"136":0,"137":0,"141":0,"145":0,"146":0}},"/home/travis/build/npmtest/node-npmtest-atlasboard/node_modules/atlasboard/lib/cli/scaffolding.js":{"path":"/home/travis/build/npmtest/node-npmtest-atlasboard/node_modules/atlasboard/lib/cli/scaffolding.js","s":{"1":1,"2":1,"3":1,"4":1,"5":1,"6":1,"7":0,"8":0,"9":0,"10":1,"11":0,"12":0,"13":0,"14":0,"15":0,"16":0,"17":0,"18":0,"19":0,"20":0,"21":0,"22":0,"23":0,"24":0,"25":0,"26":0,"27":0,"28":0,"29":0,"30":0,"31":0,"32":0,"33":0,"34":0,"35":0,"36":0},"b":{"1":[0,0],"2":[0,0],"3":[0,0],"4":[0,0],"5":[0,0],"6":[0,0],"7":[0,0],"8":[0,0],"9":[0,0]},"f":{"1":0,"2":0,"3":0,"4":0,"5":0},"fnMap":{"1":{"name":"(anonymous_1)","line":18,"loc":{"start":{"line":18,"column":13},"end":{"line":18,"column":76}}},"2":{"name":"applyReplacements","line":25,"loc":{"start":{"line":25,"column":4},"end":{"line":25,"column":54}}},"3":{"name":"(anonymous_3)","line":37,"loc":{"start":{"line":37,"column":28},"end":{"line":37,"column":48}}},"4":{"name":"(anonymous_4)","line":44,"loc":{"start":{"line":44,"column":36},"end":{"line":44,"column":60}}},"5":{"name":"(anonymous_5)","line":59,"loc":{"start":{"line":59,"column":44},"end":{"line":59,"column":57}}}},"statementMap":{"1":{"start":{"line":1,"column":0},"end":{"line":1,"column":25}},"2":{"start":{"line":2,"column":0},"end":{"line":2,"column":27}},"3":{"start":{"line":3,"column":0},"end":{"line":3,"column":23}},"4":{"start":{"line":4,"column":0},"end":{"line":4,"column":31}},"5":{"start":{"line":5,"column":0},"end":{"line":5,"column":44}},"6":{"start":{"line":7,"column":0},"end":{"line":69,"column":2}},"7":{"start":{"line":20,"column":4},"end":{"line":23,"column":5}},"8":{"start":{"line":21,"column":6},"end":{"line":21,"column":19}},"9":{"start":{"line":22,"column":6},"end":{"line":22,"column":19}},"10":{"start":{"line":25,"column":4},"end":{"line":34,"column":5}},"11":{"start":{"line":26,"column":6},"end":{"line":32,"column":7}},"12":{"start":{"line":27,"column":8},"end":{"line":27,"column":41}},"13":{"start":{"line":28,"column":8},"end":{"line":31,"column":9}},"14":{"start":{"line":29,"column":10},"end":{"line":29,"column":53}},"15":{"start":{"line":30,"column":10},"end":{"line":30,"column":16}},"16":{"start":{"line":33,"column":6},"end":{"line":33,"column":22}},"17":{"start":{"line":37,"column":4},"end":{"line":57,"column":6}},"18":{"start":{"line":38,"column":6},"end":{"line":38,"column":38}},"19":{"start":{"line":39,"column":6},"end":{"line":39,"column":45}},"20":{"start":{"line":40,"column":6},"end":{"line":40,"column":54}},"21":{"start":{"line":41,"column":6},"end":{"line":56,"column":7}},"22":{"start":{"line":42,"column":8},"end":{"line":42,"column":42}},"23":{"start":{"line":43,"column":8},"end":{"line":43,"column":27}},"24":{"start":{"line":44,"column":8},"end":{"line":48,"column":11}},"25":{"start":{"line":45,"column":10},"end":{"line":45,"column":75}},"26":{"start":{"line":46,"column":10},"end":{"line":47,"column":60}},"27":{"start":{"line":50,"column":8},"end":{"line":50,"column":78}},"28":{"start":{"line":51,"column":8},"end":{"line":51,"column":53}},"29":{"start":{"line":52,"column":8},"end":{"line":54,"column":9}},"30":{"start":{"line":53,"column":10},"end":{"line":53,"column":52}},"31":{"start":{"line":55,"column":8},"end":{"line":55,"column":50}},"32":{"start":{"line":59,"column":4},"end":{"line":66,"column":7}},"33":{"start":{"line":60,"column":6},"end":{"line":62,"column":7}},"34":{"start":{"line":61,"column":8},"end":{"line":61,"column":23}},"35":{"start":{"line":64,"column":6},"end":{"line":64,"column":65}},"36":{"start":{"line":65,"column":6},"end":{"line":65,"column":11}}},"branchMap":{"1":{"line":20,"type":"if","locations":[{"start":{"line":20,"column":4},"end":{"line":20,"column":4}},{"start":{"line":20,"column":4},"end":{"line":20,"column":4}}]},"2":{"line":28,"type":"if","locations":[{"start":{"line":28,"column":8},"end":{"line":28,"column":8}},{"start":{"line":28,"column":8},"end":{"line":28,"column":8}}]},"3":{"line":39,"type":"binary-expr","locations":[{"start":{"line":39,"column":18},"end":{"line":39,"column":24}},{"start":{"line":39,"column":28},"end":{"line":39,"column":44}}]},"4":{"line":40,"type":"binary-expr","locations":[{"start":{"line":40,"column":24},"end":{"line":40,"column":30}},{"start":{"line":40,"column":34},"end":{"line":40,"column":53}}]},"5":{"line":41,"type":"if","locations":[{"start":{"line":41,"column":6},"end":{"line":41,"column":6}},{"start":{"line":41,"column":6},"end":{"line":41,"column":6}}]},"6":{"line":41,"type":"binary-expr","locations":[{"start":{"line":41,"column":10},"end":{"line":41,"column":16}},{"start":{"line":41,"column":20},"end":{"line":41,"column":31}}]},"7":{"line":50,"type":"binary-expr","locations":[{"start":{"line":50,"column":55},"end":{"line":50,"column":70}},{"start":{"line":50,"column":74},"end":{"line":50,"column":76}}]},"8":{"line":52,"type":"if","locations":[{"start":{"line":52,"column":8},"end":{"line":52,"column":8}},{"start":{"line":52,"column":8},"end":{"line":52,"column":8}}]},"9":{"line":60,"type":"if","locations":[{"start":{"line":60,"column":6},"end":{"line":60,"column":6}},{"start":{"line":60,"column":6},"end":{"line":60,"column":6}}]}},"code":["var ejs = require('ejs');","var path = require('path');","var fs = require('fs');","var mkdirp = require('mkdirp');","var debug = require('debug')('scaffolding');","","module.exports = {","","  /**","   * Folder scaffolding","   * @param  {string}   templateSourceFolder Templating source","   * @param  {string}   destinationFolder    Destination folder","   * @param  {object}   options (optional)","   *                    options.engine : templating engine ('ejs')","   *                    options.replace : object with replacement options","   * @param  {Function} cb                   Callback (err, null);","   */","  scaffold : function (templateSourceFolder, destinationFolder, options, cb){","    ","    if (!cb) { // options parameter is optional","      cb = options;","      options = {};","    }","","    function applyReplacements(fileName, replacements){","      for (var item in replacements) {","        var replace = replacements[item];","        if (fileName.indexOf(item) > -1) {","          fileName = fileName.replace(item, replace);","          break;","        }","      }","      return fileName;","    }","","    // based on http://stackoverflow.com/questions/13786160/copy-folder-recursively-in-node-js","    var copyRecursiveSync = function(src, dest) {","      var exists = fs.existsSync(src);","      var stats = exists && fs.statSync(src);","      var isDirectory = exists && stats.isDirectory();","      if (exists && isDirectory) {","        debug('creating directory', dest);","        fs.mkdirSync(dest);","        fs.readdirSync(src).forEach(function(childItemName) {","          debug('copying from', src, 'into', dest, 'File:', childItemName);","          copyRecursiveSync(path.join(src, childItemName),","                            path.join(dest, childItemName));","        });","      } else {","        var destinationFile =  applyReplacements(dest, options.replace || {});","        var output = fs.readFileSync(src).toString();","        if (options.engine === 'ejs') {","          output = ejs.render(output, options.data);","        }","        fs.writeFileSync(destinationFile, output);","      }","    };","","    mkdirp(path.dirname(destinationFolder), function(err){","      if (err) {","        return cb(err);","      }","","      copyRecursiveSync(templateSourceFolder, destinationFolder);","      cb();","    });","  }","","};"],"l":{"1":1,"2":1,"3":1,"4":1,"5":1,"7":1,"20":0,"21":0,"22":0,"25":1,"26":0,"27":0,"28":0,"29":0,"30":0,"33":0,"37":0,"38":0,"39":0,"40":0,"41":0,"42":0,"43":0,"44":0,"45":0,"46":0,"50":0,"51":0,"52":0,"53":0,"55":0,"59":0,"60":0,"61":0,"64":0,"65":0}}}